18:30:02 **** Incremental Build of configuration Debug for project AdvanceAlarm ****
make -j4 all 
Building target: AdvanceAlarm.elf
Invoking: MCU GCC Linker
arm-none-eabi-gcc -mcpu=cortex-m4 -mthumb -mfloat-abi=hard -mfpu=fpv4-sp-d16 -T"D:/MyFile/Engineering/microprocessor/nctu/Project/AdvanceAlarm/LinkerScript.ld" -Wl,-Map=output.map -Wl,--gc-sections -o "AdvanceAlarm.elf" @"objects.list"   -lm
d:/myfile/engineering/microprocessor/sw4stm/plugins/fr.ac6.mcu.externaltools.arm-none.win32_1.17.0.201812190825/tools/compiler/bin/../lib/gcc/arm-none-eabi/7.3.1/../../../../arm-none-eabi/lib/thumb/v7e-m/fpv4-sp/hard\libc.a(lib_a-writer.o): In function `_write_r':
writer.c:(.text._write_r+0x12): undefined reference to `_write'
d:/myfile/engineering/microprocessor/sw4stm/plugins/fr.ac6.mcu.externaltools.arm-none.win32_1.17.0.201812190825/tools/compiler/bin/../lib/gcc/arm-none-eabi/7.3.1/../../../../arm-none-eabi/lib/thumb/v7e-m/fpv4-sp/hard\libc.a(lib_a-closer.o): In function `_close_r':
closer.c:(.text._close_r+0xc): undefined reference to `_close'
d:/myfile/engineering/microprocessor/sw4stm/plugins/fr.ac6.mcu.externaltools.arm-none.win32_1.17.0.201812190825/tools/compiler/bin/../lib/gcc/arm-none-eabi/7.3.1/../../../../arm-none-eabi/lib/thumb/v7e-m/fpv4-sp/hard\libc.a(lib_a-fstatr.o): In function `_fstat_r':
fstatr.c:(.text._fstat_r+0x10): undefined reference to `_fstat'
d:/myfile/engineering/microprocessor/sw4stm/plugins/fr.ac6.mcu.externaltools.arm-none.win32_1.17.0.201812190825/tools/compiler/bin/../lib/gcc/arm-none-eabi/7.3.1/../../../../arm-none-eabi/lib/thumb/v7e-m/fpv4-sp/hard\libc.a(lib_a-isattyr.o): In function `_isatty_r':
isattyr.c:(.text._isatty_r+0xc): undefined reference to `_isatty'
d:/myfile/engineering/microprocessor/sw4stm/plugins/fr.ac6.mcu.externaltools.arm-none.win32_1.17.0.201812190825/tools/compiler/bin/../lib/gcc/arm-none-eabi/7.3.1/../../../../arm-none-eabi/lib/thumb/v7e-m/fpv4-sp/hard\libc.a(lib_a-lseekr.o): In function `_lseek_r':
lseekr.c:(.text._lseek_r+0x12): undefined reference to `_lseek'
d:/myfile/engineering/microprocessor/sw4stm/plugins/fr.ac6.mcu.externaltools.arm-none.win32_1.17.0.201812190825/tools/compiler/bin/../lib/gcc/arm-none-eabi/7.3.1/../../../../arm-none-eabi/lib/thumb/v7e-m/fpv4-sp/hard\libc.a(lib_a-readr.o): In function `_read_r':
readr.c:(.text._read_r+0x12): undefined reference to `_read'
collect2.exe: error: ld returned 1 exit status
makefile:34: recipe for target 'AdvanceAlarm.elf' failed
make: *** [AdvanceAlarm.elf] Error 1
18:30:06 **** Incremental Build of configuration Debug for project AdvanceAlarm ****
make -j4 all 
Building target: AdvanceAlarm.elf
Invoking: MCU GCC Linker
arm-none-eabi-gcc -mcpu=cortex-m4 -mthumb -mfloat-abi=hard -mfpu=fpv4-sp-d16 -T"D:/MyFile/Engineering/microprocessor/nctu/Project/AdvanceAlarm/LinkerScript.ld" -Wl,-Map=output.map -Wl,--gc-sections -o "AdvanceAlarm.elf" @"objects.list"   -lm
d:/myfile/engineering/microprocessor/sw4stm/plugins/fr.ac6.mcu.externaltools.arm-none.win32_1.17.0.201812190825/tools/compiler/bin/../lib/gcc/arm-none-eabi/7.3.1/../../../../arm-none-eabi/lib/thumb/v7e-m/fpv4-sp/hard\libc.a(lib_a-writer.o): In function `_write_r':
writer.c:(.text._write_r+0x12): undefined reference to `_write'
d:/myfile/engineering/microprocessor/sw4stm/plugins/fr.ac6.mcu.externaltools.arm-none.win32_1.17.0.201812190825/tools/compiler/bin/../lib/gcc/arm-none-eabi/7.3.1/../../../../arm-none-eabi/lib/thumb/v7e-m/fpv4-sp/hard\libc.a(lib_a-closer.o): In function `_close_r':
closer.c:(.text._close_r+0xc): undefined reference to `_close'
d:/myfile/engineering/microprocessor/sw4stm/plugins/fr.ac6.mcu.externaltools.arm-none.win32_1.17.0.201812190825/tools/compiler/bin/../lib/gcc/arm-none-eabi/7.3.1/../../../../arm-none-eabi/lib/thumb/v7e-m/fpv4-sp/hard\libc.a(lib_a-fstatr.o): In function `_fstat_r':
fstatr.c:(.text._fstat_r+0x10): undefined reference to `_fstat'
d:/myfile/engineering/microprocessor/sw4stm/plugins/fr.ac6.mcu.externaltools.arm-none.win32_1.17.0.201812190825/tools/compiler/bin/../lib/gcc/arm-none-eabi/7.3.1/../../../../arm-none-eabi/lib/thumb/v7e-m/fpv4-sp/hard\libc.a(lib_a-isattyr.o): In function `_isatty_r':
isattyr.c:(.text._isatty_r+0xc): undefined reference to `_isatty'
d:/myfile/engineering/microprocessor/sw4stm/plugins/fr.ac6.mcu.externaltools.arm-none.win32_1.17.0.201812190825/tools/compiler/bin/../lib/gcc/arm-none-eabi/7.3.1/../../../../arm-none-eabi/lib/thumb/v7e-m/fpv4-sp/hard\libc.a(lib_a-lseekr.o): In function `_lseek_r':
lseekr.c:(.text._lseek_r+0x12): undefined reference to `_lseek'
d:/myfile/engineering/microprocessor/sw4stm/plugins/fr.ac6.mcu.externaltools.arm-none.win32_1.17.0.201812190825/tools/compiler/bin/../lib/gcc/arm-none-eabi/7.3.1/../../../../arm-none-eabi/lib/thumb/v7e-m/fpv4-sp/hard\libc.a(lib_a-readr.o): In function `_read_r':
readr.c:(.text._read_r+0x12): undefined reference to `_read'
collect2.exe: error: ld returned 1 exit status
makefile:34: recipe for target 'AdvanceAlarm.elf' failed
make: *** [AdvanceAlarm.elf] Error 1
18:35:12 **** Incremental Build of configuration Debug for project AdvanceAlarm ****
make -j4 all 
Building target: AdvanceAlarm.elf
Invoking: MCU GCC Linker
arm-none-eabi-gcc -mcpu=cortex-m4 -mthumb -mfloat-abi=hard -mfpu=fpv4-sp-d16 -T"D:/MyFile/Engineering/microprocessor/nctu/Project/AdvanceAlarm/LinkerScript.ld" -Wl,-Map=output.map -Wl,--gc-sections -o "AdvanceAlarm.elf" @"objects.list"   -lm
d:/myfile/engineering/microprocessor/sw4stm/plugins/fr.ac6.mcu.externaltools.arm-none.win32_1.17.0.201812190825/tools/compiler/bin/../lib/gcc/arm-none-eabi/7.3.1/../../../../arm-none-eabi/lib/thumb/v7e-m/fpv4-sp/hard\libc.a(lib_a-writer.o): In function `_write_r':
writer.c:(.text._write_r+0x12): undefined reference to `_write'
d:/myfile/engineering/microprocessor/sw4stm/plugins/fr.ac6.mcu.externaltools.arm-none.win32_1.17.0.201812190825/tools/compiler/bin/../lib/gcc/arm-none-eabi/7.3.1/../../../../arm-none-eabi/lib/thumb/v7e-m/fpv4-sp/hard\libc.a(lib_a-closer.o): In function `_close_r':
closer.c:(.text._close_r+0xc): undefined reference to `_close'
d:/myfile/engineering/microprocessor/sw4stm/plugins/fr.ac6.mcu.externaltools.arm-none.win32_1.17.0.201812190825/tools/compiler/bin/../lib/gcc/arm-none-eabi/7.3.1/../../../../arm-none-eabi/lib/thumb/v7e-m/fpv4-sp/hard\libc.a(lib_a-fstatr.o): In function `_fstat_r':
fstatr.c:(.text._fstat_r+0x10): undefined reference to `_fstat'
d:/myfile/engineering/microprocessor/sw4stm/plugins/fr.ac6.mcu.externaltools.arm-none.win32_1.17.0.201812190825/tools/compiler/bin/../lib/gcc/arm-none-eabi/7.3.1/../../../../arm-none-eabi/lib/thumb/v7e-m/fpv4-sp/hard\libc.a(lib_a-isattyr.o): In function `_isatty_r':
isattyr.c:(.text._isatty_r+0xc): undefined reference to `_isatty'
d:/myfile/engineering/microprocessor/sw4stm/plugins/fr.ac6.mcu.externaltools.arm-none.win32_1.17.0.201812190825/tools/compiler/bin/../lib/gcc/arm-none-eabi/7.3.1/../../../../arm-none-eabi/lib/thumb/v7e-m/fpv4-sp/hard\libc.a(lib_a-lseekr.o): In function `_lseek_r':
lseekr.c:(.text._lseek_r+0x12): undefined reference to `_lseek'
d:/myfile/engineering/microprocessor/sw4stm/plugins/fr.ac6.mcu.externaltools.arm-none.win32_1.17.0.201812190825/tools/compiler/bin/../lib/gcc/arm-none-eabi/7.3.1/../../../../arm-none-eabi/lib/thumb/v7e-m/fpv4-sp/hard\libc.a(lib_a-readr.o): In function `_read_r':
readr.c:(.text._read_r+0x12): undefined reference to `_read'
collect2.exe: error: ld returned 1 exit status
make: *** [AdvanceAlarm.elf] Error 1
makefile:34: recipe for target 'AdvanceAlarm.elf' failed
18:35:28 **** Incremental Build of configuration Debug for project AdvanceAlarm ****
make -j4 all 
Building target: AdvanceAlarm.elf
Invoking: MCU GCC Linker
arm-none-eabi-gcc -mcpu=cortex-m4 -mthumb -mfloat-abi=hard -mfpu=fpv4-sp-d16 -T"D:/MyFile/Engineering/microprocessor/nctu/Project/AdvanceAlarm/LinkerScript.ld" -Wl,-Map=output.map -Wl,--gc-sections -o "AdvanceAlarm.elf" @"objects.list"   -lm
d:/myfile/engineering/microprocessor/sw4stm/plugins/fr.ac6.mcu.externaltools.arm-none.win32_1.17.0.201812190825/tools/compiler/bin/../lib/gcc/arm-none-eabi/7.3.1/../../../../arm-none-eabi/lib/thumb/v7e-m/fpv4-sp/hard\libc.a(lib_a-writer.o): In function `_write_r':
writer.c:(.text._write_r+0x12): undefined reference to `_write'
d:/myfile/engineering/microprocessor/sw4stm/plugins/fr.ac6.mcu.externaltools.arm-none.win32_1.17.0.201812190825/tools/compiler/bin/../lib/gcc/arm-none-eabi/7.3.1/../../../../arm-none-eabi/lib/thumb/v7e-m/fpv4-sp/hard\libc.a(lib_a-closer.o): In function `_close_r':
closer.c:(.text._close_r+0xc): undefined reference to `_close'
d:/myfile/engineering/microprocessor/sw4stm/plugins/fr.ac6.mcu.externaltools.arm-none.win32_1.17.0.201812190825/tools/compiler/bin/../lib/gcc/arm-none-eabi/7.3.1/../../../../arm-none-eabi/lib/thumb/v7e-m/fpv4-sp/hard\libc.a(lib_a-fstatr.o): In function `_fstat_r':
fstatr.c:(.text._fstat_r+0x10): undefined reference to `_fstat'
d:/myfile/engineering/microprocessor/sw4stm/plugins/fr.ac6.mcu.externaltools.arm-none.win32_1.17.0.201812190825/tools/compiler/bin/../lib/gcc/arm-none-eabi/7.3.1/../../../../arm-none-eabi/lib/thumb/v7e-m/fpv4-sp/hard\libc.a(lib_a-isattyr.o): In function `_isatty_r':
isattyr.c:(.text._isatty_r+0xc): undefined reference to `_isatty'
d:/myfile/engineering/microprocessor/sw4stm/plugins/fr.ac6.mcu.externaltools.arm-none.win32_1.17.0.201812190825/tools/compiler/bin/../lib/gcc/arm-none-eabi/7.3.1/../../../../arm-none-eabi/lib/thumb/v7e-m/fpv4-sp/hard\libc.a(lib_a-lseekr.o): In function `_lseek_r':
lseekr.c:(.text._lseek_r+0x12): undefined reference to `_lseek'
d:/myfile/engineering/microprocessor/sw4stm/plugins/fr.ac6.mcu.externaltools.arm-none.win32_1.17.0.201812190825/tools/compiler/bin/../lib/gcc/arm-none-eabi/7.3.1/../../../../arm-none-eabi/lib/thumb/v7e-m/fpv4-sp/hard\libc.a(lib_a-readr.o): In function `_read_r':
readr.c:(.text._read_r+0x12): undefined reference to `_read'
collect2.exe: error: ld returned 1 exit status
make: *** [AdvanceAlarm.elf] Error 1
makefile:34: recipe for target 'AdvanceAlarm.elf' failed
18:36:12 **** Incremental Build of configuration Debug for project AdvanceAlarm ****
make -j4 all 
Building file: ../src/main.c
Invoking: MCU GCC Compiler
D:\MyFile\Engineering\microprocessor\nctu\Project\AdvanceAlarm\Debug
arm-none-eabi-gcc -mcpu=cortex-m4 -mthumb -mfloat-abi=hard -mfpu=fpv4-sp-d16 -DSTM32 -DSTM32L4 -DSTM32L476RGTx -DNUCLEO_L476RG -DDEBUG -ID:/MyFile/Engineering/microprocessor/nctu/Project/AdvanceAlarm/inc -O0 -g3 -Wall -fmessage-length=0 -ffunction-sections -c -MMD -MP -MF"src/main.d" -MT"src/main.o" -o "src/main.o" "../src/main.c"
In file included from ../src/main.c:2:0:
../src/utility.h: In function 'HCSR04GetDistance':
../src/utility.h:121:6: warning: variable 'timeval' set but not used [-Wunused-but-set-variable]
  int timeval;
      ^~~~~~~
Finished building: ../src/main.c
 
Building target: AdvanceAlarm.elf
Invoking: MCU GCC Linker
arm-none-eabi-gcc -mcpu=cortex-m4 -mthumb -mfloat-abi=hard -mfpu=fpv4-sp-d16 -T"D:/MyFile/Engineering/microprocessor/nctu/Project/AdvanceAlarm/LinkerScript.ld" -Wl,-Map=output.map -Wl,--gc-sections -o "AdvanceAlarm.elf" @"objects.list"   -lm
Finished building target: AdvanceAlarm.elf
 
make --no-print-directory post-build
Generating binary and Printing size information:
arm-none-eabi-objcopy -O binary "AdvanceAlarm.elf" "AdvanceAlarm.bin"
arm-none-eabi-size "AdvanceAlarm.elf"
   text	   data	    bss	    dec	    hex	filename
   1112	   1088	   1088	   3288	    cd8	AdvanceAlarm.elf
 
18:36:20 **** Incremental Build of configuration Debug for project AdvanceAlarm ****
make -j4 all 
make: Nothing to be done for 'all'.
18:36:47 **** Incremental Build of configuration Debug for project AdvanceAlarm ****
make -j4 all 
make: Nothing to be done for 'all'.
18:36:56 **** Incremental Build of configuration Debug for project AdvanceAlarm ****
make -j4 all 
make: Nothing to be done for 'all'.
19:02:04 **** Incremental Build of configuration Debug for project AdvanceAlarm ****
make -j4 all 
Building file: ../src/main.c
Invoking: MCU GCC Compiler
D:\MyFile\Engineering\microprocessor\nctu\Project\AdvanceAlarm\Debug
arm-none-eabi-gcc -mcpu=cortex-m4 -mthumb -mfloat-abi=hard -mfpu=fpv4-sp-d16 -DSTM32 -DSTM32L4 -DSTM32L476RGTx -DNUCLEO_L476RG -DDEBUG -ID:/MyFile/Engineering/microprocessor/nctu/Project/AdvanceAlarm/inc -O0 -g3 -Wall -fmessage-length=0 -ffunction-sections -c -MMD -MP -MF"src/main.d" -MT"src/main.o" -o "src/main.o" "../src/main.c"
In file included from ../src/main.c:2:0:
../src/utility.h: In function 'HCSR04GetDistance':
../src/utility.h:121:6: warning: variable 'timeval' set but not used [-Wunused-but-set-variable]
  int timeval;
      ^~~~~~~
Finished building: ../src/main.c
 
Building target: AdvanceAlarm.elf
Invoking: MCU GCC Linker
arm-none-eabi-gcc -mcpu=cortex-m4 -mthumb -mfloat-abi=hard -mfpu=fpv4-sp-d16 -T"D:/MyFile/Engineering/microprocessor/nctu/Project/AdvanceAlarm/LinkerScript.ld" -Wl,-Map=output.map -Wl,--gc-sections -o "AdvanceAlarm.elf" @"objects.list"   -lm
Finished building target: AdvanceAlarm.elf
 
make --no-print-directory post-build
Generating binary and Printing size information:
arm-none-eabi-objcopy -O binary "AdvanceAlarm.elf" "AdvanceAlarm.bin"
arm-none-eabi-size "AdvanceAlarm.elf"
   text	   data	    bss	    dec	    hex	filename
   1520	   1088	   1088	   3696	    e70	AdvanceAlarm.elf
 
19:05:07 **** Incremental Build of configuration Debug for project AdvanceAlarm ****
make -j4 all 
make: Nothing to be done for 'all'.
19:05:11 **** Incremental Build of configuration Debug for project AdvanceAlarm ****
make -j4 all 
make: Nothing to be done for 'all'.
19:05:17 **** Incremental Build of configuration Debug for project AdvanceAlarm ****
make -j4 all 
make: Nothing to be done for 'all'.
19:05:28 **** Incremental Build of configuration Debug for project AdvanceAlarm ****
make -j4 all 
make: Nothing to be done for 'all'.
19:05:54 **** Incremental Build of configuration Debug for project AdvanceAlarm ****
make -j4 all 
Building file: ../src/main.c
Invoking: MCU GCC Compiler
D:\MyFile\Engineering\microprocessor\nctu\Project\AdvanceAlarm\Debug
arm-none-eabi-gcc -mcpu=cortex-m4 -mthumb -mfloat-abi=hard -mfpu=fpv4-sp-d16 -DSTM32 -DSTM32L4 -DSTM32L476RGTx -DNUCLEO_L476RG -DDEBUG -ID:/MyFile/Engineering/microprocessor/nctu/Project/AdvanceAlarm/inc -O0 -g3 -Wall -fmessage-length=0 -ffunction-sections -c -MMD -MP -MF"src/main.d" -MT"src/main.o" -o "src/main.o" "../src/main.c"
In file included from ../src/main.c:2:0:
../src/utility.h: In function 'HCSR04GetDistance':
../src/utility.h:121:6: warning: variable 'timeval' set but not used [-Wunused-but-set-variable]
  int timeval;
      ^~~~~~~
Finished building: ../src/main.c
 
Building target: AdvanceAlarm.elf
Invoking: MCU GCC Linker
arm-none-eabi-gcc -mcpu=cortex-m4 -mthumb -mfloat-abi=hard -mfpu=fpv4-sp-d16 -T"D:/MyFile/Engineering/microprocessor/nctu/Project/AdvanceAlarm/LinkerScript.ld" -Wl,-Map=output.map -Wl,--gc-sections -o "AdvanceAlarm.elf" @"objects.list"   -lm
Finished building target: AdvanceAlarm.elf
 
make --no-print-directory post-build
Generating binary and Printing size information:
arm-none-eabi-objcopy -O binary "AdvanceAlarm.elf" "AdvanceAlarm.bin"
arm-none-eabi-size "AdvanceAlarm.elf"
   text	   data	    bss	    dec	    hex	filename
    944	   1088	   1088	   3120	    c30	AdvanceAlarm.elf
 
19:06:24 **** Incremental Build of configuration Debug for project AdvanceAlarm ****
make -j4 all 
make: Nothing to be done for 'all'.
19:06:59 **** Incremental Build of configuration Debug for project AdvanceAlarm ****
make -j4 all 
make: Nothing to be done for 'all'.
19:07:14 **** Incremental Build of configuration Debug for project AdvanceAlarm ****
make -j4 all 
make: Nothing to be done for 'all'.
19:07:25 **** Incremental Build of configuration Debug for project AdvanceAlarm ****
make -j4 all 
make: Nothing to be done for 'all'.
19:07:29 **** Incremental Build of configuration Debug for project AdvanceAlarm ****
make -j4 all 
make: Nothing to be done for 'all'.
19:07:51 **** Incremental Build of configuration Debug for project AdvanceAlarm ****
make -j4 all 
make: Nothing to be done for 'all'.
19:07:58 **** Incremental Build of configuration Debug for project AdvanceAlarm ****
make -j4 all 
make: Nothing to be done for 'all'.
19:08:04 **** Incremental Build of configuration Debug for project AdvanceAlarm ****
make -j4 all 
make: Nothing to be done for 'all'.
19:09:13 **** Incremental Build of configuration Debug for project AdvanceAlarm ****
make -j4 all 
make: Nothing to be done for 'all'.
19:10:08 **** Incremental Build of configuration Debug for project AdvanceAlarm ****
make -j4 all 
make: Nothing to be done for 'all'.
19:10:39 **** Incremental Build of configuration Debug for project AdvanceAlarm ****
make -j4 all 
make: Nothing to be done for 'all'.
19:10:43 **** Incremental Build of configuration Debug for project AdvanceAlarm ****
make -j4 all 
make: Nothing to be done for 'all'.
19:10:56 **** Incremental Build of configuration Debug for project AdvanceAlarm ****
make -j4 all 
Building file: ../src/main.c
Invoking: MCU GCC Compiler
D:\MyFile\Engineering\microprocessor\nctu\Project\AdvanceAlarm\Debug
arm-none-eabi-gcc -mcpu=cortex-m4 -mthumb -mfloat-abi=hard -mfpu=fpv4-sp-d16 -DSTM32 -DSTM32L4 -DSTM32L476RGTx -DNUCLEO_L476RG -DDEBUG -ID:/MyFile/Engineering/microprocessor/nctu/Project/AdvanceAlarm/inc -O0 -g3 -Wall -fmessage-length=0 -ffunction-sections -c -MMD -MP -MF"src/main.d" -MT"src/main.o" -o "src/main.o" "../src/main.c"
In file included from ../src/main.c:2:0:
../src/utility.h: In function 'HCSR04GetDistance':
../src/utility.h:121:6: warning: variable 'timeval' set but not used [-Wunused-but-set-variable]
  int timeval;
      ^~~~~~~
Finished building: ../src/main.c
 
Building target: AdvanceAlarm.elf
Invoking: MCU GCC Linker
arm-none-eabi-gcc -mcpu=cortex-m4 -mthumb -mfloat-abi=hard -mfpu=fpv4-sp-d16 -T"D:/MyFile/Engineering/microprocessor/nctu/Project/AdvanceAlarm/LinkerScript.ld" -Wl,-Map=output.map -Wl,--gc-sections -o "AdvanceAlarm.elf" @"objects.list"   -lm
Finished building target: AdvanceAlarm.elf
 
make --no-print-directory post-build
Generating binary and Printing size information:
arm-none-eabi-objcopy -O binary "AdvanceAlarm.elf" "AdvanceAlarm.bin"
arm-none-eabi-size "AdvanceAlarm.elf"
   text	   data	    bss	    dec	    hex	filename
   1520	   1088	   1088	   3696	    e70	AdvanceAlarm.elf
 
19:12:48 **** Incremental Build of configuration Debug for project AdvanceAlarm ****
make -j4 all 
Building file: ../src/main.c
Invoking: MCU GCC Compiler
D:\MyFile\Engineering\microprocessor\nctu\Project\AdvanceAlarm\Debug
arm-none-eabi-gcc -mcpu=cortex-m4 -mthumb -mfloat-abi=hard -mfpu=fpv4-sp-d16 -DSTM32 -DSTM32L4 -DSTM32L476RGTx -DNUCLEO_L476RG -DDEBUG -ID:/MyFile/Engineering/microprocessor/nctu/Project/AdvanceAlarm/inc -O0 -g3 -Wall -fmessage-length=0 -ffunction-sections -c -MMD -MP -MF"src/main.d" -MT"src/main.o" -o "src/main.o" "../src/main.c"
In file included from ../src/main.c:2:0:
../src/utility.h: In function 'HCSR04GetDistance':
../src/utility.h:121:6: warning: variable 'timeval' set but not used [-Wunused-but-set-variable]
  int timeval;
      ^~~~~~~
Finished building: ../src/main.c
 
Building target: AdvanceAlarm.elf
Invoking: MCU GCC Linker
arm-none-eabi-gcc -mcpu=cortex-m4 -mthumb -mfloat-abi=hard -mfpu=fpv4-sp-d16 -T"D:/MyFile/Engineering/microprocessor/nctu/Project/AdvanceAlarm/LinkerScript.ld" -Wl,-Map=output.map -Wl,--gc-sections -o "AdvanceAlarm.elf" @"objects.list"   -lm
d:/myfile/engineering/microprocessor/sw4stm/plugins/fr.ac6.mcu.externaltools.arm-none.win32_1.17.0.201812190825/tools/compiler/bin/../lib/gcc/arm-none-eabi/7.3.1/../../../../arm-none-eabi/lib/thumb/v7e-m/fpv4-sp/hard\libc.a(lib_a-writer.o): In function `_write_r':
writer.c:(.text._write_r+0x12): undefined reference to `_write'
d:/myfile/engineering/microprocessor/sw4stm/plugins/fr.ac6.mcu.externaltools.arm-none.win32_1.17.0.201812190825/tools/compiler/bin/../lib/gcc/arm-none-eabi/7.3.1/../../../../arm-none-eabi/lib/thumb/v7e-m/fpv4-sp/hard\libc.a(lib_a-closer.o): In function `_close_r':
closer.c:(.text._close_r+0xc): undefined reference to `_close'
d:/myfile/engineering/microprocessor/sw4stm/plugins/fr.ac6.mcu.externaltools.arm-none.win32_1.17.0.201812190825/tools/compiler/bin/../lib/gcc/arm-none-eabi/7.3.1/../../../../arm-none-eabi/lib/thumb/v7e-m/fpv4-sp/hard\libc.a(lib_a-fstatr.o): In function `_fstat_r':
fstatr.c:(.text._fstat_r+0x10): undefined reference to `_fstat'
d:/myfile/engineering/microprocessor/sw4stm/plugins/fr.ac6.mcu.externaltools.arm-none.win32_1.17.0.201812190825/tools/compiler/bin/../lib/gcc/arm-none-eabi/7.3.1/../../../../arm-none-eabi/lib/thumb/v7e-m/fpv4-sp/hard\libc.a(lib_a-isattyr.o): In function `_isatty_r':
isattyr.c:(.text._isatty_r+0xc): undefined reference to `_isatty'
d:/myfile/engineering/microprocessor/sw4stm/plugins/fr.ac6.mcu.externaltools.arm-none.win32_1.17.0.201812190825/tools/compiler/bin/../lib/gcc/arm-none-eabi/7.3.1/../../../../arm-none-eabi/lib/thumb/v7e-m/fpv4-sp/hard\libc.a(lib_a-lseekr.o): In function `_lseek_r':
lseekr.c:(.text._lseek_r+0x12): undefined reference to `_lseek'
d:/myfile/engineering/microprocessor/sw4stm/plugins/fr.ac6.mcu.externaltools.arm-none.win32_1.17.0.201812190825/tools/compiler/bin/../lib/gcc/arm-none-eabi/7.3.1/../../../../arm-none-eabi/lib/thumb/v7e-m/fpv4-sp/hard\libc.a(lib_a-readr.o): In function `_read_r':
readr.c:(.text._read_r+0x12): undefined reference to `_read'
collect2.exe: error: ld returned 1 exit status
makefile:34: recipe for target 'AdvanceAlarm.elf' failed
make: *** [AdvanceAlarm.elf] Error 1
19:12:53 **** Incremental Build of configuration Debug for project AdvanceAlarm ****
make -j4 all 
Building target: AdvanceAlarm.elf
Invoking: MCU GCC Linker
arm-none-eabi-gcc -mcpu=cortex-m4 -mthumb -mfloat-abi=hard -mfpu=fpv4-sp-d16 -T"D:/MyFile/Engineering/microprocessor/nctu/Project/AdvanceAlarm/LinkerScript.ld" -Wl,-Map=output.map -Wl,--gc-sections -o "AdvanceAlarm.elf" @"objects.list"   -lm
d:/myfile/engineering/microprocessor/sw4stm/plugins/fr.ac6.mcu.externaltools.arm-none.win32_1.17.0.201812190825/tools/compiler/bin/../lib/gcc/arm-none-eabi/7.3.1/../../../../arm-none-eabi/lib/thumb/v7e-m/fpv4-sp/hard\libc.a(lib_a-writer.o): In function `_write_r':
writer.c:(.text._write_r+0x12): undefined reference to `_write'
d:/myfile/engineering/microprocessor/sw4stm/plugins/fr.ac6.mcu.externaltools.arm-none.win32_1.17.0.201812190825/tools/compiler/bin/../lib/gcc/arm-none-eabi/7.3.1/../../../../arm-none-eabi/lib/thumb/v7e-m/fpv4-sp/hard\libc.a(lib_a-closer.o): In function `_close_r':
closer.c:(.text._close_r+0xc): undefined reference to `_close'
d:/myfile/engineering/microprocessor/sw4stm/plugins/fr.ac6.mcu.externaltools.arm-none.win32_1.17.0.201812190825/tools/compiler/bin/../lib/gcc/arm-none-eabi/7.3.1/../../../../arm-none-eabi/lib/thumb/v7e-m/fpv4-sp/hard\libc.a(lib_a-fstatr.o): In function `_fstat_r':
fstatr.c:(.text._fstat_r+0x10): undefined reference to `_fstat'
d:/myfile/engineering/microprocessor/sw4stm/plugins/fr.ac6.mcu.externaltools.arm-none.win32_1.17.0.201812190825/tools/compiler/bin/../lib/gcc/arm-none-eabi/7.3.1/../../../../arm-none-eabi/lib/thumb/v7e-m/fpv4-sp/hard\libc.a(lib_a-isattyr.o): In function `_isatty_r':
isattyr.c:(.text._isatty_r+0xc): undefined reference to `_isatty'
d:/myfile/engineering/microprocessor/sw4stm/plugins/fr.ac6.mcu.externaltools.arm-none.win32_1.17.0.201812190825/tools/compiler/bin/../lib/gcc/arm-none-eabi/7.3.1/../../../../arm-none-eabi/lib/thumb/v7e-m/fpv4-sp/hard\libc.a(lib_a-lseekr.o): In function `_lseek_r':
lseekr.c:(.text._lseek_r+0x12): undefined reference to `_lseek'
d:/myfile/engineering/microprocessor/sw4stm/plugins/fr.ac6.mcu.externaltools.arm-none.win32_1.17.0.201812190825/tools/compiler/bin/../lib/gcc/arm-none-eabi/7.3.1/../../../../arm-none-eabi/lib/thumb/v7e-m/fpv4-sp/hard\libc.a(lib_a-readr.o): In function `_read_r':
readr.c:(.text._read_r+0x12): undefined reference to `_read'
collect2.exe: error: ld returned 1 exit status
make: *** [AdvanceAlarm.elf] Error 1
makefile:34: recipe for target 'AdvanceAlarm.elf' failed
19:14:23 **** Incremental Build of configuration Debug for project AdvanceAlarm ****
make -j4 all 
Building file: ../src/main.c
Building file: ../src/utility.s
Invoking: MCU GCC Compiler
Invoking: MCU GCC Assembler
D:\MyFile\Engineering\microprocessor\nctu\Project\AdvanceAlarm\Debug
arm-none-eabi-as -mcpu=cortex-m4 -mthumb -mfloat-abi=hard -mfpu=fpv4-sp-d16 -g -o "src/utility.o" "../src/utility.s"
D:\MyFile\Engineering\microprocessor\nctu\Project\AdvanceAlarm\Debug
arm-none-eabi-gcc -mcpu=cortex-m4 -mthumb -mfloat-abi=hard -mfpu=fpv4-sp-d16 -DSTM32 -DSTM32L4 -DSTM32L476RGTx -DNUCLEO_L476RG -DDEBUG -ID:/MyFile/Engineering/microprocessor/nctu/Project/AdvanceAlarm/inc -O0 -g3 -Wall -fmessage-length=0 -ffunction-sections -c -MMD -MP -MF"src/main.d" -MT"src/main.o" -o "src/main.o" "../src/main.c"
../src/utility.s: Assembler messages:
../src/utility.s:29: Error: expression too complex -- `push r0'
src/subdir.mk:30: recipe for target 'src/utility.o' failed
make: *** [src/utility.o] Error 1
make: *** Waiting for unfinished jobs....
In file included from ../src/main.c:2:0:
../src/utility.h: In function 'HCSR04GetDistance':
../src/utility.h:121:6: warning: variable 'timeval' set but not used [-Wunused-but-set-variable]
  int timeval;
      ^~~~~~~
Finished building: ../src/main.c
 
19:14:50 **** Incremental Build of configuration Debug for project AdvanceAlarm ****
make -j4 all 
Building file: ../src/utility.s
Invoking: MCU GCC Assembler
D:\MyFile\Engineering\microprocessor\nctu\Project\AdvanceAlarm\Debug
arm-none-eabi-as -mcpu=cortex-m4 -mthumb -mfloat-abi=hard -mfpu=fpv4-sp-d16 -g -o "src/utility.o" "../src/utility.s"
Finished building: ../src/utility.s
 
Building target: AdvanceAlarm.elf
Invoking: MCU GCC Linker
arm-none-eabi-gcc -mcpu=cortex-m4 -mthumb -mfloat-abi=hard -mfpu=fpv4-sp-d16 -T"D:/MyFile/Engineering/microprocessor/nctu/Project/AdvanceAlarm/LinkerScript.ld" -Wl,-Map=output.map -Wl,--gc-sections -o "AdvanceAlarm.elf" @"objects.list"   -lm
Finished building target: AdvanceAlarm.elf
 
make --no-print-directory post-build
Generating binary and Printing size information:
arm-none-eabi-objcopy -O binary "AdvanceAlarm.elf" "AdvanceAlarm.bin"
arm-none-eabi-size "AdvanceAlarm.elf"
   text	   data	    bss	    dec	    hex	filename
   1528	   1088	   1088	   3704	    e78	AdvanceAlarm.elf
 
19:15:02 **** Incremental Build of configuration Debug for project AdvanceAlarm ****
make -j4 all 
make: Nothing to be done for 'all'.
19:16:01 **** Incremental Build of configuration Debug for project AdvanceAlarm ****
make -j4 all 
make: Nothing to be done for 'all'.
19:16:16 **** Incremental Build of configuration Debug for project AdvanceAlarm ****
make -j4 all 
make: Nothing to be done for 'all'.
19:16:30 **** Incremental Build of configuration Debug for project AdvanceAlarm ****
make -j4 all 
make: Nothing to be done for 'all'.
19:17:49 **** Incremental Build of configuration Debug for project AdvanceAlarm ****
make -j4 all 
Building file: ../src/main.c
Invoking: MCU GCC Compiler
D:\MyFile\Engineering\microprocessor\nctu\Project\AdvanceAlarm\Debug
arm-none-eabi-gcc -mcpu=cortex-m4 -mthumb -mfloat-abi=hard -mfpu=fpv4-sp-d16 -DSTM32 -DSTM32L4 -DSTM32L476RGTx -DNUCLEO_L476RG -DDEBUG -ID:/MyFile/Engineering/microprocessor/nctu/Project/AdvanceAlarm/inc -O0 -g3 -Wall -fmessage-length=0 -ffunction-sections -c -MMD -MP -MF"src/main.d" -MT"src/main.o" -o "src/main.o" "../src/main.c"
In file included from ../src/main.c:2:0:
../src/utility.h: In function 'HCSR04GetDistance':
../src/utility.h:121:6: warning: variable 'timeval' set but not used [-Wunused-but-set-variable]
  int timeval;
      ^~~~~~~
Finished building: ../src/main.c
 
Building target: AdvanceAlarm.elf
Invoking: MCU GCC Linker
arm-none-eabi-gcc -mcpu=cortex-m4 -mthumb -mfloat-abi=hard -mfpu=fpv4-sp-d16 -T"D:/MyFile/Engineering/microprocessor/nctu/Project/AdvanceAlarm/LinkerScript.ld" -Wl,-Map=output.map -Wl,--gc-sections -o "AdvanceAlarm.elf" @"objects.list"   -lm
Finished building target: AdvanceAlarm.elf
 
make --no-print-directory post-build
Generating binary and Printing size information:
arm-none-eabi-objcopy -O binary "AdvanceAlarm.elf" "AdvanceAlarm.bin"
arm-none-eabi-size "AdvanceAlarm.elf"
   text	   data	    bss	    dec	    hex	filename
   1528	   1088	   1088	   3704	    e78	AdvanceAlarm.elf
 
19:18:06 **** Incremental Build of configuration Debug for project AdvanceAlarm ****
make -j4 all 
make: Nothing to be done for 'all'.
19:18:21 **** Incremental Build of configuration Debug for project AdvanceAlarm ****
make -j4 all 
make: Nothing to be done for 'all'.
19:18:38 **** Incremental Build of configuration Debug for project AdvanceAlarm ****
make -j4 all 
make: Nothing to be done for 'all'.
19:18:55 **** Incremental Build of configuration Debug for project AdvanceAlarm ****
make -j4 all 
make: Nothing to be done for 'all'.
19:19:51 **** Incremental Build of configuration Debug for project AdvanceAlarm ****
make -j4 all 
make: Nothing to be done for 'all'.
19:20:09 **** Incremental Build of configuration Debug for project AdvanceAlarm ****
make -j4 all 
make: Nothing to be done for 'all'.
19:20:34 **** Incremental Build of configuration Debug for project AdvanceAlarm ****
make -j4 all 
make: Nothing to be done for 'all'.
19:22:30 **** Incremental Build of configuration Debug for project AdvanceAlarm ****
make -j4 all 
Building file: ../src/main.c
Invoking: MCU GCC Compiler
D:\MyFile\Engineering\microprocessor\nctu\Project\AdvanceAlarm\Debug
arm-none-eabi-gcc -mcpu=cortex-m4 -mthumb -mfloat-abi=hard -mfpu=fpv4-sp-d16 -DSTM32 -DSTM32L4 -DSTM32L476RGTx -DNUCLEO_L476RG -DDEBUG -ID:/MyFile/Engineering/microprocessor/nctu/Project/AdvanceAlarm/inc -O0 -g3 -Wall -fmessage-length=0 -ffunction-sections -c -MMD -MP -MF"src/main.d" -MT"src/main.o" -o "src/main.o" "../src/main.c"
In file included from ../src/main.c:2:0:
../src/utility.h: In function 'HCSR04GetDistance':
../src/utility.h:121:6: warning: variable 'timeval' set but not used [-Wunused-but-set-variable]
  int timeval;
      ^~~~~~~
Finished building: ../src/main.c
 
Building target: AdvanceAlarm.elf
Invoking: MCU GCC Linker
arm-none-eabi-gcc -mcpu=cortex-m4 -mthumb -mfloat-abi=hard -mfpu=fpv4-sp-d16 -T"D:/MyFile/Engineering/microprocessor/nctu/Project/AdvanceAlarm/LinkerScript.ld" -Wl,-Map=output.map -Wl,--gc-sections -o "AdvanceAlarm.elf" @"objects.list"   -lm
Finished building target: AdvanceAlarm.elf
 
make --no-print-directory post-build
Generating binary and Printing size information:
arm-none-eabi-objcopy -O binary "AdvanceAlarm.elf" "AdvanceAlarm.bin"
arm-none-eabi-size "AdvanceAlarm.elf"
   text	   data	    bss	    dec	    hex	filename
   1528	   1088	   1088	   3704	    e78	AdvanceAlarm.elf
 
19:22:45 **** Incremental Build of configuration Debug for project AdvanceAlarm ****
make -j4 all 
make: Nothing to be done for 'all'.
19:24:15 **** Incremental Build of configuration Debug for project AdvanceAlarm ****
make -j4 all 
Building file: ../src/main.c
Invoking: MCU GCC Compiler
D:\MyFile\Engineering\microprocessor\nctu\Project\AdvanceAlarm\Debug
arm-none-eabi-gcc -mcpu=cortex-m4 -mthumb -mfloat-abi=hard -mfpu=fpv4-sp-d16 -DSTM32 -DSTM32L4 -DSTM32L476RGTx -DNUCLEO_L476RG -DDEBUG -ID:/MyFile/Engineering/microprocessor/nctu/Project/AdvanceAlarm/inc -O0 -g3 -Wall -fmessage-length=0 -ffunction-sections -c -MMD -MP -MF"src/main.d" -MT"src/main.o" -o "src/main.o" "../src/main.c"
In file included from ../src/main.c:2:0:
../src/utility.h: In function 'HCSR04GetDistance':
../src/utility.h:121:6: warning: variable 'timeval' set but not used [-Wunused-but-set-variable]
  int timeval;
      ^~~~~~~
Finished building: ../src/main.c
 
Building target: AdvanceAlarm.elf
Invoking: MCU GCC Linker
arm-none-eabi-gcc -mcpu=cortex-m4 -mthumb -mfloat-abi=hard -mfpu=fpv4-sp-d16 -T"D:/MyFile/Engineering/microprocessor/nctu/Project/AdvanceAlarm/LinkerScript.ld" -Wl,-Map=output.map -Wl,--gc-sections -o "AdvanceAlarm.elf" @"objects.list"   -lm
Finished building target: AdvanceAlarm.elf
 
make --no-print-directory post-build
Generating binary and Printing size information:
arm-none-eabi-objcopy -O binary "AdvanceAlarm.elf" "AdvanceAlarm.bin"
arm-none-eabi-size "AdvanceAlarm.elf"
   text	   data	    bss	    dec	    hex	filename
   1528	   1088	   1088	   3704	    e78	AdvanceAlarm.elf
 
19:24:26 **** Incremental Build of configuration Debug for project AdvanceAlarm ****
make -j4 all 
make: Nothing to be done for 'all'.
19:24:50 **** Incremental Build of configuration Debug for project AdvanceAlarm ****
make -j4 all 
make: Nothing to be done for 'all'.
19:25:02 **** Incremental Build of configuration Debug for project AdvanceAlarm ****
make -j4 all 
make: Nothing to be done for 'all'.
19:26:01 **** Incremental Build of configuration Debug for project AdvanceAlarm ****
make -j4 all 
Building file: ../src/main.c
Invoking: MCU GCC Compiler
D:\MyFile\Engineering\microprocessor\nctu\Project\AdvanceAlarm\Debug
arm-none-eabi-gcc -mcpu=cortex-m4 -mthumb -mfloat-abi=hard -mfpu=fpv4-sp-d16 -DSTM32 -DSTM32L4 -DSTM32L476RGTx -DNUCLEO_L476RG -DDEBUG -ID:/MyFile/Engineering/microprocessor/nctu/Project/AdvanceAlarm/inc -O0 -g3 -Wall -fmessage-length=0 -ffunction-sections -c -MMD -MP -MF"src/main.d" -MT"src/main.o" -o "src/main.o" "../src/main.c"
In file included from ../src/main.c:2:0:
../src/utility.h: In function 'HCSR04GetDistance':
../src/utility.h:121:6: warning: variable 'timeval' set but not used [-Wunused-but-set-variable]
  int timeval;
      ^~~~~~~
Finished building: ../src/main.c
 
Building target: AdvanceAlarm.elf
Invoking: MCU GCC Linker
arm-none-eabi-gcc -mcpu=cortex-m4 -mthumb -mfloat-abi=hard -mfpu=fpv4-sp-d16 -T"D:/MyFile/Engineering/microprocessor/nctu/Project/AdvanceAlarm/LinkerScript.ld" -Wl,-Map=output.map -Wl,--gc-sections -o "AdvanceAlarm.elf" @"objects.list"   -lm
Finished building target: AdvanceAlarm.elf
 
make --no-print-directory post-build
Generating binary and Printing size information:
arm-none-eabi-objcopy -O binary "AdvanceAlarm.elf" "AdvanceAlarm.bin"
arm-none-eabi-size "AdvanceAlarm.elf"
   text	   data	    bss	    dec	    hex	filename
   1528	   1088	   1088	   3704	    e78	AdvanceAlarm.elf
 
19:26:35 **** Incremental Build of configuration Debug for project AdvanceAlarm ****
make -j4 all 
Building file: ../src/main.c
Invoking: MCU GCC Compiler
D:\MyFile\Engineering\microprocessor\nctu\Project\AdvanceAlarm\Debug
arm-none-eabi-gcc -mcpu=cortex-m4 -mthumb -mfloat-abi=hard -mfpu=fpv4-sp-d16 -DSTM32 -DSTM32L4 -DSTM32L476RGTx -DNUCLEO_L476RG -DDEBUG -ID:/MyFile/Engineering/microprocessor/nctu/Project/AdvanceAlarm/inc -O0 -g3 -Wall -fmessage-length=0 -ffunction-sections -c -MMD -MP -MF"src/main.d" -MT"src/main.o" -o "src/main.o" "../src/main.c"
In file included from ../src/main.c:2:0:
../src/utility.h: In function 'HCSR04GetDistance':
../src/utility.h:121:6: warning: variable 'timeval' set but not used [-Wunused-but-set-variable]
  int timeval;
      ^~~~~~~
Finished building: ../src/main.c
 
Building target: AdvanceAlarm.elf
Invoking: MCU GCC Linker
arm-none-eabi-gcc -mcpu=cortex-m4 -mthumb -mfloat-abi=hard -mfpu=fpv4-sp-d16 -T"D:/MyFile/Engineering/microprocessor/nctu/Project/AdvanceAlarm/LinkerScript.ld" -Wl,-Map=output.map -Wl,--gc-sections -o "AdvanceAlarm.elf" @"objects.list"   -lm
Finished building target: AdvanceAlarm.elf
 
make --no-print-directory post-build
Generating binary and Printing size information:
arm-none-eabi-objcopy -O binary "AdvanceAlarm.elf" "AdvanceAlarm.bin"
arm-none-eabi-size "AdvanceAlarm.elf"
   text	   data	    bss	    dec	    hex	filename
   1528	   1088	   1088	   3704	    e78	AdvanceAlarm.elf
 
19:26:51 **** Incremental Build of configuration Debug for project AdvanceAlarm ****
make -j4 all 
make: Nothing to be done for 'all'.
19:27:09 **** Incremental Build of configuration Debug for project AdvanceAlarm ****
make -j4 all 
make: Nothing to be done for 'all'.
19:31:09 **** Incremental Build of configuration Debug for project AdvanceAlarm ****
make -j4 all 
Building file: ../src/main.c
Building file: ../src/utility.s
Invoking: MCU GCC Compiler
Invoking: MCU GCC Assembler
D:\MyFile\Engineering\microprocessor\nctu\Project\AdvanceAlarm\Debug
arm-none-eabi-gcc -mcpu=cortex-m4 -mthumb -mfloat-abi=hard -mfpu=fpv4-sp-d16 -DSTM32 -DSTM32L4 -DSTM32L476RGTx -DNUCLEO_L476RG -DDEBUG -ID:/MyFile/Engineering/microprocessor/nctu/Project/AdvanceAlarm/inc -O0 -g3 -Wall -fmessage-length=0 -ffunction-sections -c -MMD -MP -MF"src/main.d" -MT"src/main.o" -o "src/main.o" "../src/main.c"
D:\MyFile\Engineering\microprocessor\nctu\Project\AdvanceAlarm\Debug
arm-none-eabi-as -mcpu=cortex-m4 -mthumb -mfloat-abi=hard -mfpu=fpv4-sp-d16 -g -o "src/utility.o" "../src/utility.s"
../src/utility.s: Assembler messages:
../src/utility.s:29: Error: bad instruction `movl $3,12(%esp)'
../src/utility.s:30: Error: bad instruction `movl $2,8(%esp)'
../src/utility.s:31: Error: bad instruction `movl $1,4(%esp)'
../src/utility.s:32: Error: bad instruction `movl $0,(%esp)'
src/subdir.mk:30: recipe for target 'src/utility.o' failed
make: *** [src/utility.o] Error 1
make: *** Waiting for unfinished jobs....
In file included from ../src/main.c:2:0:
../src/utility.h: In function 'HCSR04GetDistance':
../src/utility.h:121:6: warning: variable 'timeval' set but not used [-Wunused-but-set-variable]
  int timeval;
      ^~~~~~~
Finished building: ../src/main.c
 
19:31:59 **** Incremental Build of configuration Debug for project AdvanceAlarm ****
make -j4 all 
Building file: ../src/main.c
Building file: ../src/utility.s
Invoking: MCU GCC Compiler
Invoking: MCU GCC Assembler
D:\MyFile\Engineering\microprocessor\nctu\Project\AdvanceAlarm\Debug
D:\MyFile\Engineering\microprocessor\nctu\Project\AdvanceAlarm\Debug
arm-none-eabi-gcc -mcpu=cortex-m4 -mthumb -mfloat-abi=hard -mfpu=fpv4-sp-d16 -DSTM32 -DSTM32L4 -DSTM32L476RGTx -DNUCLEO_L476RG -DDEBUG -ID:/MyFile/Engineering/microprocessor/nctu/Project/AdvanceAlarm/inc -O0 -g3 -Wall -fmessage-length=0 -ffunction-sections -c -MMD -MP -MF"src/main.d" -MT"src/main.o" -o "src/main.o" "../src/main.c"
arm-none-eabi-as -mcpu=cortex-m4 -mthumb -mfloat-abi=hard -mfpu=fpv4-sp-d16 -g -o "src/utility.o" "../src/utility.s"
Finished building: ../src/utility.s
 
In file included from ../src/main.c:2:0:
../src/utility.h: In function 'HCSR04GetDistance':
../src/utility.h:121:6: warning: variable 'timeval' set but not used [-Wunused-but-set-variable]
  int timeval;
      ^~~~~~~
Finished building: ../src/main.c
 
Building target: AdvanceAlarm.elf
Invoking: MCU GCC Linker
arm-none-eabi-gcc -mcpu=cortex-m4 -mthumb -mfloat-abi=hard -mfpu=fpv4-sp-d16 -T"D:/MyFile/Engineering/microprocessor/nctu/Project/AdvanceAlarm/LinkerScript.ld" -Wl,-Map=output.map -Wl,--gc-sections -o "AdvanceAlarm.elf" @"objects.list"   -lm
Finished building target: AdvanceAlarm.elf
 
make --no-print-directory post-build
Generating binary and Printing size information:
arm-none-eabi-objcopy -O binary "AdvanceAlarm.elf" "AdvanceAlarm.bin"
arm-none-eabi-size "AdvanceAlarm.elf"
   text	   data	    bss	    dec	    hex	filename
   1536	   1088	   1088	   3712	    e80	AdvanceAlarm.elf
 
19:32:28 **** Incremental Build of configuration Debug for project AdvanceAlarm ****
make -j4 all 
make: Nothing to be done for 'all'.
19:32:47 **** Incremental Build of configuration Debug for project AdvanceAlarm ****
make -j4 all 
make: Nothing to be done for 'all'.
19:33:07 **** Incremental Build of configuration Debug for project AdvanceAlarm ****
make -j4 all 
Building file: ../src/main.c
Invoking: MCU GCC Compiler
D:\MyFile\Engineering\microprocessor\nctu\Project\AdvanceAlarm\Debug
arm-none-eabi-gcc -mcpu=cortex-m4 -mthumb -mfloat-abi=hard -mfpu=fpv4-sp-d16 -DSTM32 -DSTM32L4 -DSTM32L476RGTx -DNUCLEO_L476RG -DDEBUG -ID:/MyFile/Engineering/microprocessor/nctu/Project/AdvanceAlarm/inc -O0 -g3 -Wall -fmessage-length=0 -ffunction-sections -c -MMD -MP -MF"src/main.d" -MT"src/main.o" -o "src/main.o" "../src/main.c"
In file included from ../src/main.c:2:0:
../src/utility.h: In function 'HCSR04GetDistance':
../src/utility.h:121:6: warning: variable 'timeval' set but not used [-Wunused-but-set-variable]
  int timeval;
      ^~~~~~~
Finished building: ../src/main.c
 
Building target: AdvanceAlarm.elf
Invoking: MCU GCC Linker
arm-none-eabi-gcc -mcpu=cortex-m4 -mthumb -mfloat-abi=hard -mfpu=fpv4-sp-d16 -T"D:/MyFile/Engineering/microprocessor/nctu/Project/AdvanceAlarm/LinkerScript.ld" -Wl,-Map=output.map -Wl,--gc-sections -o "AdvanceAlarm.elf" @"objects.list"   -lm
Finished building target: AdvanceAlarm.elf
 
make --no-print-directory post-build
Generating binary and Printing size information:
arm-none-eabi-objcopy -O binary "AdvanceAlarm.elf" "AdvanceAlarm.bin"
arm-none-eabi-size "AdvanceAlarm.elf"
   text	   data	    bss	    dec	    hex	filename
   1536	   1088	   1088	   3712	    e80	AdvanceAlarm.elf
 
19:33:32 **** Incremental Build of configuration Debug for project AdvanceAlarm ****
make -j4 all 
Building file: ../src/main.c
Invoking: MCU GCC Compiler
D:\MyFile\Engineering\microprocessor\nctu\Project\AdvanceAlarm\Debug
arm-none-eabi-gcc -mcpu=cortex-m4 -mthumb -mfloat-abi=hard -mfpu=fpv4-sp-d16 -DSTM32 -DSTM32L4 -DSTM32L476RGTx -DNUCLEO_L476RG -DDEBUG -ID:/MyFile/Engineering/microprocessor/nctu/Project/AdvanceAlarm/inc -O0 -g3 -Wall -fmessage-length=0 -ffunction-sections -c -MMD -MP -MF"src/main.d" -MT"src/main.o" -o "src/main.o" "../src/main.c"
In file included from ../src/main.c:2:0:
../src/utility.h: In function 'HCSR04GetDistance':
../src/utility.h:121:6: warning: variable 'timeval' set but not used [-Wunused-but-set-variable]
  int timeval;
      ^~~~~~~
Finished building: ../src/main.c
 
Building target: AdvanceAlarm.elf
Invoking: MCU GCC Linker
arm-none-eabi-gcc -mcpu=cortex-m4 -mthumb -mfloat-abi=hard -mfpu=fpv4-sp-d16 -T"D:/MyFile/Engineering/microprocessor/nctu/Project/AdvanceAlarm/LinkerScript.ld" -Wl,-Map=output.map -Wl,--gc-sections -o "AdvanceAlarm.elf" @"objects.list"   -lm
Finished building target: AdvanceAlarm.elf
 
make --no-print-directory post-build
Generating binary and Printing size information:
arm-none-eabi-objcopy -O binary "AdvanceAlarm.elf" "AdvanceAlarm.bin"
arm-none-eabi-size "AdvanceAlarm.elf"
   text	   data	    bss	    dec	    hex	filename
   1536	   1088	   1088	   3712	    e80	AdvanceAlarm.elf
 
19:34:11 **** Incremental Build of configuration Debug for project AdvanceAlarm ****
make -j4 all 
make: Nothing to be done for 'all'.
19:34:59 **** Incremental Build of configuration Debug for project AdvanceAlarm ****
make -j4 all 
make: Nothing to be done for 'all'.
19:35:10 **** Incremental Build of configuration Debug for project AdvanceAlarm ****
make -j4 all 
make: Nothing to be done for 'all'.
19:35:20 **** Incremental Build of configuration Debug for project AdvanceAlarm ****
make -j4 all 
make: Nothing to be done for 'all'.
19:35:29 **** Incremental Build of configuration Debug for project AdvanceAlarm ****
make -j4 all 
make: Nothing to be done for 'all'.
19:35:55 **** Incremental Build of configuration Debug for project AdvanceAlarm ****
make -j4 all 
make: Nothing to be done for 'all'.
19:36:06 **** Incremental Build of configuration Debug for project AdvanceAlarm ****
make -j4 all 
make: Nothing to be done for 'all'.
19:36:24 **** Incremental Build of configuration Debug for project AdvanceAlarm ****
make -j4 all 
make: Nothing to be done for 'all'.
19:36:49 **** Incremental Build of configuration Debug for project AdvanceAlarm ****
make -j4 all 
make: Nothing to be done for 'all'.
19:54:37 **** Incremental Build of configuration Debug for project AdvanceAlarm ****
make -j4 all 
make: Nothing to be done for 'all'.
19:54:53 **** Incremental Build of configuration Debug for project AdvanceAlarm ****
make -j4 all 
make: Nothing to be done for 'all'.
19:55:05 **** Incremental Build of configuration Debug for project AdvanceAlarm ****
make -j4 all 
make: Nothing to be done for 'all'.
20:16:30 **** Incremental Build of configuration Debug for project AdvanceAlarm ****
make -j4 all 
Building file: ../src/main.c
Building file: ../src/utility.s
Invoking: MCU GCC Compiler
Invoking: MCU GCC Assembler
D:\MyFile\Engineering\microprocessor\nctu\Project\AdvanceAlarm\Debug
arm-none-eabi-gcc -mcpu=cortex-m4 -mthumb -mfloat-abi=hard -mfpu=fpv4-sp-d16 -DSTM32 -DSTM32L4 -DSTM32L476RGTx -DNUCLEO_L476RG -DDEBUG -ID:/MyFile/Engineering/microprocessor/nctu/Project/AdvanceAlarm/inc -O0 -g3 -Wall -fmessage-length=0 -ffunction-sections -c -MMD -MP -MF"src/main.d" -MT"src/main.o" -o "src/main.o" "../src/main.c"
D:\MyFile\Engineering\microprocessor\nctu\Project\AdvanceAlarm\Debug
arm-none-eabi-as -mcpu=cortex-m4 -mthumb -mfloat-abi=hard -mfpu=fpv4-sp-d16 -g -o "src/utility.o" "../src/utility.s"
Finished building: ../src/utility.s
 
In file included from ../src/main.c:2:0:
../src/utility.h: In function 'HCSR04GetDistance':
../src/utility.h:121:6: warning: variable 'timeval' set but not used [-Wunused-but-set-variable]
  int timeval;
      ^~~~~~~
../src/utility.h: In function 'SW420Vibration':
../src/utility.h:154:1: warning: control reaches end of non-void function [-Wreturn-type]
 }
 ^
Finished building: ../src/main.c
 
Building target: AdvanceAlarm.elf
Invoking: MCU GCC Linker
arm-none-eabi-gcc -mcpu=cortex-m4 -mthumb -mfloat-abi=hard -mfpu=fpv4-sp-d16 -T"D:/MyFile/Engineering/microprocessor/nctu/Project/AdvanceAlarm/LinkerScript.ld" -Wl,-Map=output.map -Wl,--gc-sections -o "AdvanceAlarm.elf" @"objects.list"   -lm
Finished building target: AdvanceAlarm.elf
 
make --no-print-directory post-build
Generating binary and Printing size information:
arm-none-eabi-objcopy -O binary "AdvanceAlarm.elf" "AdvanceAlarm.bin"
arm-none-eabi-size "AdvanceAlarm.elf"
   text	   data	    bss	    dec	    hex	filename
   1520	   1088	   1088	   3696	    e70	AdvanceAlarm.elf
 
20:17:29 **** Incremental Build of configuration Debug for project AdvanceAlarm ****
make -j4 all 
Building file: ../src/main.c
Invoking: MCU GCC Compiler
D:\MyFile\Engineering\microprocessor\nctu\Project\AdvanceAlarm\Debug
arm-none-eabi-gcc -mcpu=cortex-m4 -mthumb -mfloat-abi=hard -mfpu=fpv4-sp-d16 -DSTM32 -DSTM32L4 -DSTM32L476RGTx -DNUCLEO_L476RG -DDEBUG -ID:/MyFile/Engineering/microprocessor/nctu/Project/AdvanceAlarm/inc -O0 -g3 -Wall -fmessage-length=0 -ffunction-sections -c -MMD -MP -MF"src/main.d" -MT"src/main.o" -o "src/main.o" "../src/main.c"
In file included from ../src/main.c:2:0:
../src/utility.h: In function 'HCSR04GetDistance':
../src/utility.h:121:6: warning: variable 'timeval' set but not used [-Wunused-but-set-variable]
  int timeval;
      ^~~~~~~
Finished building: ../src/main.c
 
Building target: AdvanceAlarm.elf
Invoking: MCU GCC Linker
arm-none-eabi-gcc -mcpu=cortex-m4 -mthumb -mfloat-abi=hard -mfpu=fpv4-sp-d16 -T"D:/MyFile/Engineering/microprocessor/nctu/Project/AdvanceAlarm/LinkerScript.ld" -Wl,-Map=output.map -Wl,--gc-sections -o "AdvanceAlarm.elf" @"objects.list"   -lm
Finished building target: AdvanceAlarm.elf
 
make --no-print-directory post-build
Generating binary and Printing size information:
arm-none-eabi-objcopy -O binary "AdvanceAlarm.elf" "AdvanceAlarm.bin"
arm-none-eabi-size "AdvanceAlarm.elf"
   text	   data	    bss	    dec	    hex	filename
   1208	   1088	   1088	   3384	    d38	AdvanceAlarm.elf
 
20:17:33 **** Incremental Build of configuration Debug for project AdvanceAlarm ****
make -j4 all 
make: Nothing to be done for 'all'.
20:17:49 **** Incremental Build of configuration Debug for project AdvanceAlarm ****
make -j4 all 
make: Nothing to be done for 'all'.
20:18:16 **** Incremental Build of configuration Debug for project AdvanceAlarm ****
make -j4 all 
make: Nothing to be done for 'all'.
20:18:41 **** Incremental Build of configuration Debug for project AdvanceAlarm ****
make -j4 all 
make: Nothing to be done for 'all'.
20:32:55 **** Incremental Build of configuration Debug for project AdvanceAlarm ****
make -j4 all 
Building file: ../src/utility.s
Building file: ../src/main.c
Invoking: MCU GCC Assembler
Invoking: MCU GCC Compiler
D:\MyFile\Engineering\microprocessor\nctu\Project\AdvanceAlarm\Debug
D:\MyFile\Engineering\microprocessor\nctu\Project\AdvanceAlarm\Debug
arm-none-eabi-gcc -mcpu=cortex-m4 -mthumb -mfloat-abi=hard -mfpu=fpv4-sp-d16 -DSTM32 -DSTM32L4 -DSTM32L476RGTx -DNUCLEO_L476RG -DDEBUG -ID:/MyFile/Engineering/microprocessor/nctu/Project/AdvanceAlarm/inc -O0 -g3 -Wall -fmessage-length=0 -ffunction-sections -c -MMD -MP -MF"src/main.d" -MT"src/main.o" -o "src/main.o" "../src/main.c"
arm-none-eabi-as -mcpu=cortex-m4 -mthumb -mfloat-abi=hard -mfpu=fpv4-sp-d16 -g -o "src/utility.o" "../src/utility.s"
Finished building: ../src/utility.s
 
In file included from ../src/main.c:2:0:
../src/utility.h: In function 'HCSR04GetDistance':
../src/utility.h:121:6: warning: variable 'timeval' set but not used [-Wunused-but-set-variable]
  int timeval;
      ^~~~~~~
Finished building: ../src/main.c
 
Building target: AdvanceAlarm.elf
Invoking: MCU GCC Linker
arm-none-eabi-gcc -mcpu=cortex-m4 -mthumb -mfloat-abi=hard -mfpu=fpv4-sp-d16 -T"D:/MyFile/Engineering/microprocessor/nctu/Project/AdvanceAlarm/LinkerScript.ld" -Wl,-Map=output.map -Wl,--gc-sections -o "AdvanceAlarm.elf" @"objects.list"   -lm
Finished building target: AdvanceAlarm.elf
 
make --no-print-directory post-build
Generating binary and Printing size information:
arm-none-eabi-objcopy -O binary "AdvanceAlarm.elf" "AdvanceAlarm.bin"
arm-none-eabi-size "AdvanceAlarm.elf"
   text	   data	    bss	    dec	    hex	filename
   1184	   1088	   1088	   3360	    d20	AdvanceAlarm.elf
 
20:34:15 **** Incremental Build of configuration Debug for project AdvanceAlarm ****
make -j4 all 
Building file: ../src/utility.s
Invoking: MCU GCC Assembler
D:\MyFile\Engineering\microprocessor\nctu\Project\AdvanceAlarm\Debug
arm-none-eabi-as -mcpu=cortex-m4 -mthumb -mfloat-abi=hard -mfpu=fpv4-sp-d16 -g -o "src/utility.o" "../src/utility.s"
Finished building: ../src/utility.s
 
Building target: AdvanceAlarm.elf
Invoking: MCU GCC Linker
arm-none-eabi-gcc -mcpu=cortex-m4 -mthumb -mfloat-abi=hard -mfpu=fpv4-sp-d16 -T"D:/MyFile/Engineering/microprocessor/nctu/Project/AdvanceAlarm/LinkerScript.ld" -Wl,-Map=output.map -Wl,--gc-sections -o "AdvanceAlarm.elf" @"objects.list"   -lm
Finished building target: AdvanceAlarm.elf
 
make --no-print-directory post-build
Generating binary and Printing size information:
arm-none-eabi-objcopy -O binary "AdvanceAlarm.elf" "AdvanceAlarm.bin"
arm-none-eabi-size "AdvanceAlarm.elf"
   text	   data	    bss	    dec	    hex	filename
   1184	   1088	   1088	   3360	    d20	AdvanceAlarm.elf
 
20:36:23 **** Incremental Build of configuration Debug for project AdvanceAlarm ****
make -j4 all 
Building file: ../src/main.c
Building file: ../src/utility.s
Invoking: MCU GCC Compiler
Invoking: MCU GCC Assembler
D:\MyFile\Engineering\microprocessor\nctu\Project\AdvanceAlarm\Debug
arm-none-eabi-gcc -mcpu=cortex-m4 -mthumb -mfloat-abi=hard -mfpu=fpv4-sp-d16 -DSTM32 -DSTM32L4 -DSTM32L476RGTx -DNUCLEO_L476RG -DDEBUG -ID:/MyFile/Engineering/microprocessor/nctu/Project/AdvanceAlarm/inc -O0 -g3 -Wall -fmessage-length=0 -ffunction-sections -c -MMD -MP -MF"src/main.d" -MT"src/main.o" -o "src/main.o" "../src/main.c"
D:\MyFile\Engineering\microprocessor\nctu\Project\AdvanceAlarm\Debug
arm-none-eabi-as -mcpu=cortex-m4 -mthumb -mfloat-abi=hard -mfpu=fpv4-sp-d16 -g -o "src/utility.o" "../src/utility.s"
Finished building: ../src/utility.s
 
In file included from ../src/main.c:2:0:
../src/utility.h: In function 'HCSR04GetDistance':
../src/utility.h:121:6: warning: variable 'timeval' set but not used [-Wunused-but-set-variable]
  int timeval;
      ^~~~~~~
Finished building: ../src/main.c
 
Building target: AdvanceAlarm.elf
Invoking: MCU GCC Linker
arm-none-eabi-gcc -mcpu=cortex-m4 -mthumb -mfloat-abi=hard -mfpu=fpv4-sp-d16 -T"D:/MyFile/Engineering/microprocessor/nctu/Project/AdvanceAlarm/LinkerScript.ld" -Wl,-Map=output.map -Wl,--gc-sections -o "AdvanceAlarm.elf" @"objects.list"   -lm
Finished building target: AdvanceAlarm.elf
 
make --no-print-directory post-build
Generating binary and Printing size information:
arm-none-eabi-objcopy -O binary "AdvanceAlarm.elf" "AdvanceAlarm.bin"
arm-none-eabi-size "AdvanceAlarm.elf"
   text	   data	    bss	    dec	    hex	filename
   1184	   1088	   1088	   3360	    d20	AdvanceAlarm.elf
 
20:36:42 **** Incremental Build of configuration Debug for project AdvanceAlarm ****
make -j4 all 
make: Nothing to be done for 'all'.
20:38:53 **** Incremental Build of configuration Debug for project AdvanceAlarm ****
make -j4 all 
Building file: ../src/main.c
Invoking: MCU GCC Compiler
D:\MyFile\Engineering\microprocessor\nctu\Project\AdvanceAlarm\Debug
arm-none-eabi-gcc -mcpu=cortex-m4 -mthumb -mfloat-abi=hard -mfpu=fpv4-sp-d16 -DSTM32 -DSTM32L4 -DSTM32L476RGTx -DNUCLEO_L476RG -DDEBUG -ID:/MyFile/Engineering/microprocessor/nctu/Project/AdvanceAlarm/inc -O0 -g3 -Wall -fmessage-length=0 -ffunction-sections -c -MMD -MP -MF"src/main.d" -MT"src/main.o" -o "src/main.o" "../src/main.c"
In file included from ../src/main.c:2:0:
../src/utility.h: In function 'HCSR04GetDistance':
../src/utility.h:121:6: warning: variable 'timeval' set but not used [-Wunused-but-set-variable]
  int timeval;
      ^~~~~~~
Finished building: ../src/main.c
 
Building target: AdvanceAlarm.elf
Invoking: MCU GCC Linker
arm-none-eabi-gcc -mcpu=cortex-m4 -mthumb -mfloat-abi=hard -mfpu=fpv4-sp-d16 -T"D:/MyFile/Engineering/microprocessor/nctu/Project/AdvanceAlarm/LinkerScript.ld" -Wl,-Map=output.map -Wl,--gc-sections -o "AdvanceAlarm.elf" @"objects.list"   -lm
Finished building target: AdvanceAlarm.elf
 
make --no-print-directory post-build
Generating binary and Printing size information:
arm-none-eabi-objcopy -O binary "AdvanceAlarm.elf" "AdvanceAlarm.bin"
arm-none-eabi-size "AdvanceAlarm.elf"
   text	   data	    bss	    dec	    hex	filename
   1184	   1088	   1088	   3360	    d20	AdvanceAlarm.elf
 
20:39:24 **** Incremental Build of configuration Debug for project AdvanceAlarm ****
make -j4 all 
Building file: ../src/main.c
Invoking: MCU GCC Compiler
D:\MyFile\Engineering\microprocessor\nctu\Project\AdvanceAlarm\Debug
arm-none-eabi-gcc -mcpu=cortex-m4 -mthumb -mfloat-abi=hard -mfpu=fpv4-sp-d16 -DSTM32 -DSTM32L4 -DSTM32L476RGTx -DNUCLEO_L476RG -DDEBUG -ID:/MyFile/Engineering/microprocessor/nctu/Project/AdvanceAlarm/inc -O0 -g3 -Wall -fmessage-length=0 -ffunction-sections -c -MMD -MP -MF"src/main.d" -MT"src/main.o" -o "src/main.o" "../src/main.c"
In file included from ../src/main.c:2:0:
../src/utility.h: In function 'HCSR04GetDistance':
../src/utility.h:121:6: warning: variable 'timeval' set but not used [-Wunused-but-set-variable]
  int timeval;
      ^~~~~~~
Finished building: ../src/main.c
 
Building target: AdvanceAlarm.elf
Invoking: MCU GCC Linker
arm-none-eabi-gcc -mcpu=cortex-m4 -mthumb -mfloat-abi=hard -mfpu=fpv4-sp-d16 -T"D:/MyFile/Engineering/microprocessor/nctu/Project/AdvanceAlarm/LinkerScript.ld" -Wl,-Map=output.map -Wl,--gc-sections -o "AdvanceAlarm.elf" @"objects.list"   -lm
Finished building target: AdvanceAlarm.elf
 
make --no-print-directory post-build
Generating binary and Printing size information:
arm-none-eabi-objcopy -O binary "AdvanceAlarm.elf" "AdvanceAlarm.bin"
arm-none-eabi-size "AdvanceAlarm.elf"
   text	   data	    bss	    dec	    hex	filename
   1184	   1088	   1088	   3360	    d20	AdvanceAlarm.elf
 
20:41:11 **** Incremental Build of configuration Debug for project AdvanceAlarm ****
make -j4 all 
Building file: ../src/main.c
Invoking: MCU GCC Compiler
D:\MyFile\Engineering\microprocessor\nctu\Project\AdvanceAlarm\Debug
arm-none-eabi-gcc -mcpu=cortex-m4 -mthumb -mfloat-abi=hard -mfpu=fpv4-sp-d16 -DSTM32 -DSTM32L4 -DSTM32L476RGTx -DNUCLEO_L476RG -DDEBUG -ID:/MyFile/Engineering/microprocessor/nctu/Project/AdvanceAlarm/inc -O0 -g3 -Wall -fmessage-length=0 -ffunction-sections -c -MMD -MP -MF"src/main.d" -MT"src/main.o" -o "src/main.o" "../src/main.c"
In file included from ../src/main.c:2:0:
../src/utility.h: In function 'HCSR04GetDistance':
../src/utility.h:121:6: warning: variable 'timeval' set but not used [-Wunused-but-set-variable]
  int timeval;
      ^~~~~~~
Finished building: ../src/main.c
 
Building target: AdvanceAlarm.elf
Invoking: MCU GCC Linker
arm-none-eabi-gcc -mcpu=cortex-m4 -mthumb -mfloat-abi=hard -mfpu=fpv4-sp-d16 -T"D:/MyFile/Engineering/microprocessor/nctu/Project/AdvanceAlarm/LinkerScript.ld" -Wl,-Map=output.map -Wl,--gc-sections -o "AdvanceAlarm.elf" @"objects.list"   -lm
Finished building target: AdvanceAlarm.elf
 
make --no-print-directory post-build
Generating binary and Printing size information:
arm-none-eabi-objcopy -O binary "AdvanceAlarm.elf" "AdvanceAlarm.bin"
arm-none-eabi-size "AdvanceAlarm.elf"
   text	   data	    bss	    dec	    hex	filename
   1184	   1088	   1088	   3360	    d20	AdvanceAlarm.elf
 
20:59:38 **** Incremental Build of configuration Debug for project AdvanceAlarm ****
make -j4 all 
Building file: ../src/main.c
Building file: ../src/utility.s
Invoking: MCU GCC Compiler
Invoking: MCU GCC Assembler
D:\MyFile\Engineering\microprocessor\nctu\Project\AdvanceAlarm\Debug
arm-none-eabi-gcc -mcpu=cortex-m4 -mthumb -mfloat-abi=hard -mfpu=fpv4-sp-d16 -DSTM32 -DSTM32L4 -DSTM32L476RGTx -DNUCLEO_L476RG -DDEBUG -ID:/MyFile/Engineering/microprocessor/nctu/Project/AdvanceAlarm/inc -O0 -g3 -Wall -fmessage-length=0 -ffunction-sections -c -MMD -MP -MF"src/main.d" -MT"src/main.o" -o "src/main.o" "../src/main.c"
D:\MyFile\Engineering\microprocessor\nctu\Project\AdvanceAlarm\Debug
arm-none-eabi-as -mcpu=cortex-m4 -mthumb -mfloat-abi=hard -mfpu=fpv4-sp-d16 -g -o "src/utility.o" "../src/utility.s"
Finished building: ../src/utility.s
 
In file included from ../src/main.c:2:0:
../src/utility.h: In function 'HCSR04GetDistance':
../src/utility.h:121:6: warning: variable 'timeval' set but not used [-Wunused-but-set-variable]
  int timeval;
      ^~~~~~~
Finished building: ../src/main.c
 
Building target: AdvanceAlarm.elf
Invoking: MCU GCC Linker
arm-none-eabi-gcc -mcpu=cortex-m4 -mthumb -mfloat-abi=hard -mfpu=fpv4-sp-d16 -T"D:/MyFile/Engineering/microprocessor/nctu/Project/AdvanceAlarm/LinkerScript.ld" -Wl,-Map=output.map -Wl,--gc-sections -o "AdvanceAlarm.elf" @"objects.list"   -lm
Finished building target: AdvanceAlarm.elf
 
make --no-print-directory post-build
Generating binary and Printing size information:
arm-none-eabi-objcopy -O binary "AdvanceAlarm.elf" "AdvanceAlarm.bin"
arm-none-eabi-size "AdvanceAlarm.elf"
   text	   data	    bss	    dec	    hex	filename
   1184	   1088	   1088	   3360	    d20	AdvanceAlarm.elf
 
21:00:51 **** Incremental Build of configuration Debug for project AdvanceAlarm ****
make -j4 all 
Building file: ../src/main.c
Invoking: MCU GCC Compiler
D:\MyFile\Engineering\microprocessor\nctu\Project\AdvanceAlarm\Debug
arm-none-eabi-gcc -mcpu=cortex-m4 -mthumb -mfloat-abi=hard -mfpu=fpv4-sp-d16 -DSTM32 -DSTM32L4 -DSTM32L476RGTx -DNUCLEO_L476RG -DDEBUG -ID:/MyFile/Engineering/microprocessor/nctu/Project/AdvanceAlarm/inc -O0 -g3 -Wall -fmessage-length=0 -ffunction-sections -c -MMD -MP -MF"src/main.d" -MT"src/main.o" -o "src/main.o" "../src/main.c"
In file included from ../src/main.c:2:0:
../src/utility.h: In function 'HCSR04GetDistance':
../src/utility.h:121:6: warning: variable 'timeval' set but not used [-Wunused-but-set-variable]
  int timeval;
      ^~~~~~~
Finished building: ../src/main.c
 
Building target: AdvanceAlarm.elf
Invoking: MCU GCC Linker
arm-none-eabi-gcc -mcpu=cortex-m4 -mthumb -mfloat-abi=hard -mfpu=fpv4-sp-d16 -T"D:/MyFile/Engineering/microprocessor/nctu/Project/AdvanceAlarm/LinkerScript.ld" -Wl,-Map=output.map -Wl,--gc-sections -o "AdvanceAlarm.elf" @"objects.list"   -lm
Finished building target: AdvanceAlarm.elf
 
make --no-print-directory post-build
Generating binary and Printing size information:
arm-none-eabi-objcopy -O binary "AdvanceAlarm.elf" "AdvanceAlarm.bin"
arm-none-eabi-size "AdvanceAlarm.elf"
   text	   data	    bss	    dec	    hex	filename
   1184	   1088	   1088	   3360	    d20	AdvanceAlarm.elf
 
21:02:40 **** Incremental Build of configuration Debug for project AdvanceAlarm ****
make -j4 all 
Building file: ../src/main.c
Building file: ../src/utility.s
Invoking: MCU GCC Compiler
Invoking: MCU GCC Assembler
D:\MyFile\Engineering\microprocessor\nctu\Project\AdvanceAlarm\Debug
arm-none-eabi-gcc -mcpu=cortex-m4 -mthumb -mfloat-abi=hard -mfpu=fpv4-sp-d16 -DSTM32 -DSTM32L4 -DSTM32L476RGTx -DNUCLEO_L476RG -DDEBUG -ID:/MyFile/Engineering/microprocessor/nctu/Project/AdvanceAlarm/inc -O0 -g3 -Wall -fmessage-length=0 -ffunction-sections -c -MMD -MP -MF"src/main.d" -MT"src/main.o" -o "src/main.o" "../src/main.c"
D:\MyFile\Engineering\microprocessor\nctu\Project\AdvanceAlarm\Debug
arm-none-eabi-as -mcpu=cortex-m4 -mthumb -mfloat-abi=hard -mfpu=fpv4-sp-d16 -g -o "src/utility.o" "../src/utility.s"
Finished building: ../src/utility.s
 
In file included from ../src/main.c:2:0:
../src/utility.h: In function 'HCSR04GetDistance':
../src/utility.h:121:6: warning: variable 'timeval' set but not used [-Wunused-but-set-variable]
  int timeval;
      ^~~~~~~
Finished building: ../src/main.c
 
Building target: AdvanceAlarm.elf
Invoking: MCU GCC Linker
arm-none-eabi-gcc -mcpu=cortex-m4 -mthumb -mfloat-abi=hard -mfpu=fpv4-sp-d16 -T"D:/MyFile/Engineering/microprocessor/nctu/Project/AdvanceAlarm/LinkerScript.ld" -Wl,-Map=output.map -Wl,--gc-sections -o "AdvanceAlarm.elf" @"objects.list"   -lm
Finished building target: AdvanceAlarm.elf
 
make --no-print-directory post-build
Generating binary and Printing size information:
arm-none-eabi-objcopy -O binary "AdvanceAlarm.elf" "AdvanceAlarm.bin"
arm-none-eabi-size "AdvanceAlarm.elf"
   text	   data	    bss	    dec	    hex	filename
   1184	   1088	   1088	   3360	    d20	AdvanceAlarm.elf
 
21:03:06 **** Incremental Build of configuration Debug for project AdvanceAlarm ****
make -j4 all 
Building file: ../src/main.c
Invoking: MCU GCC Compiler
D:\MyFile\Engineering\microprocessor\nctu\Project\AdvanceAlarm\Debug
arm-none-eabi-gcc -mcpu=cortex-m4 -mthumb -mfloat-abi=hard -mfpu=fpv4-sp-d16 -DSTM32 -DSTM32L4 -DSTM32L476RGTx -DNUCLEO_L476RG -DDEBUG -ID:/MyFile/Engineering/microprocessor/nctu/Project/AdvanceAlarm/inc -O0 -g3 -Wall -fmessage-length=0 -ffunction-sections -c -MMD -MP -MF"src/main.d" -MT"src/main.o" -o "src/main.o" "../src/main.c"
In file included from ../src/main.c:2:0:
../src/utility.h: In function 'HCSR04GetDistance':
../src/utility.h:121:6: warning: variable 'timeval' set but not used [-Wunused-but-set-variable]
  int timeval;
      ^~~~~~~
Finished building: ../src/main.c
 
Building target: AdvanceAlarm.elf
Invoking: MCU GCC Linker
arm-none-eabi-gcc -mcpu=cortex-m4 -mthumb -mfloat-abi=hard -mfpu=fpv4-sp-d16 -T"D:/MyFile/Engineering/microprocessor/nctu/Project/AdvanceAlarm/LinkerScript.ld" -Wl,-Map=output.map -Wl,--gc-sections -o "AdvanceAlarm.elf" @"objects.list"   -lm
Finished building target: AdvanceAlarm.elf
 
make --no-print-directory post-build
Generating binary and Printing size information:
arm-none-eabi-objcopy -O binary "AdvanceAlarm.elf" "AdvanceAlarm.bin"
arm-none-eabi-size "AdvanceAlarm.elf"
   text	   data	    bss	    dec	    hex	filename
   1184	   1088	   1088	   3360	    d20	AdvanceAlarm.elf
 
21:07:25 **** Incremental Build of configuration Debug for project AdvanceAlarm ****
make -j4 all 
Building file: ../src/main.c
Invoking: MCU GCC Compiler
D:\MyFile\Engineering\microprocessor\nctu\Project\AdvanceAlarm\Debug
arm-none-eabi-gcc -mcpu=cortex-m4 -mthumb -mfloat-abi=hard -mfpu=fpv4-sp-d16 -DSTM32 -DSTM32L4 -DSTM32L476RGTx -DNUCLEO_L476RG -DDEBUG -ID:/MyFile/Engineering/microprocessor/nctu/Project/AdvanceAlarm/inc -O0 -g3 -Wall -fmessage-length=0 -ffunction-sections -c -MMD -MP -MF"src/main.d" -MT"src/main.o" -o "src/main.o" "../src/main.c"
In file included from ../src/main.c:2:0:
../src/utility.h: In function 'HCSR04GetDistance':
../src/utility.h:121:6: warning: variable 'timeval' set but not used [-Wunused-but-set-variable]
  int timeval;
      ^~~~~~~
Finished building: ../src/main.c
 
Building target: AdvanceAlarm.elf
Invoking: MCU GCC Linker
arm-none-eabi-gcc -mcpu=cortex-m4 -mthumb -mfloat-abi=hard -mfpu=fpv4-sp-d16 -T"D:/MyFile/Engineering/microprocessor/nctu/Project/AdvanceAlarm/LinkerScript.ld" -Wl,-Map=output.map -Wl,--gc-sections -o "AdvanceAlarm.elf" @"objects.list"   -lm
Finished building target: AdvanceAlarm.elf
 
make --no-print-directory post-build
Generating binary and Printing size information:
arm-none-eabi-objcopy -O binary "AdvanceAlarm.elf" "AdvanceAlarm.bin"
arm-none-eabi-size "AdvanceAlarm.elf"
   text	   data	    bss	    dec	    hex	filename
   1208	   1088	   1088	   3384	    d38	AdvanceAlarm.elf
 
21:08:58 **** Incremental Build of configuration Debug for project AdvanceAlarm ****
make -j4 all 
make: Nothing to be done for 'all'.
21:09:30 **** Incremental Build of configuration Debug for project AdvanceAlarm ****
make -j4 all 
make: Nothing to be done for 'all'.
21:09:41 **** Incremental Build of configuration Debug for project AdvanceAlarm ****
make -j4 all 
make: Nothing to be done for 'all'.
21:10:33 **** Incremental Build of configuration Debug for project AdvanceAlarm ****
make -j4 all 
make: Nothing to be done for 'all'.
21:11:45 **** Incremental Build of configuration Debug for project AdvanceAlarm ****
make -j4 all 
make: Nothing to be done for 'all'.
21:12:00 **** Incremental Build of configuration Debug for project AdvanceAlarm ****
make -j4 all 
make: Nothing to be done for 'all'.
21:12:42 **** Incremental Build of configuration Debug for project AdvanceAlarm ****
make -j4 all 
make: Nothing to be done for 'all'.
21:14:46 **** Incremental Build of configuration Debug for project AdvanceAlarm ****
make -j4 all 
Building file: ../src/main.c
Invoking: MCU GCC Compiler
D:\MyFile\Engineering\microprocessor\nctu\Project\AdvanceAlarm\Debug
arm-none-eabi-gcc -mcpu=cortex-m4 -mthumb -mfloat-abi=hard -mfpu=fpv4-sp-d16 -DSTM32 -DSTM32L4 -DSTM32L476RGTx -DNUCLEO_L476RG -DDEBUG -ID:/MyFile/Engineering/microprocessor/nctu/Project/AdvanceAlarm/inc -O0 -g3 -Wall -fmessage-length=0 -ffunction-sections -c -MMD -MP -MF"src/main.d" -MT"src/main.o" -o "src/main.o" "../src/main.c"
In file included from ../src/main.c:2:0:
../src/utility.h: In function 'HCSR04GetDistance':
../src/utility.h:121:6: warning: variable 'timeval' set but not used [-Wunused-but-set-variable]
  int timeval;
      ^~~~~~~
Finished building: ../src/main.c
 
Building target: AdvanceAlarm.elf
Invoking: MCU GCC Linker
arm-none-eabi-gcc -mcpu=cortex-m4 -mthumb -mfloat-abi=hard -mfpu=fpv4-sp-d16 -T"D:/MyFile/Engineering/microprocessor/nctu/Project/AdvanceAlarm/LinkerScript.ld" -Wl,-Map=output.map -Wl,--gc-sections -o "AdvanceAlarm.elf" @"objects.list"   -lm
Finished building target: AdvanceAlarm.elf
 
make --no-print-directory post-build
Generating binary and Printing size information:
arm-none-eabi-objcopy -O binary "AdvanceAlarm.elf" "AdvanceAlarm.bin"
arm-none-eabi-size "AdvanceAlarm.elf"
   text	   data	    bss	    dec	    hex	filename
   1208	   1088	   1088	   3384	    d38	AdvanceAlarm.elf
 
21:15:42 **** Incremental Build of configuration Debug for project AdvanceAlarm ****
make -j4 all 
Building file: ../src/main.c
Invoking: MCU GCC Compiler
D:\MyFile\Engineering\microprocessor\nctu\Project\AdvanceAlarm\Debug
arm-none-eabi-gcc -mcpu=cortex-m4 -mthumb -mfloat-abi=hard -mfpu=fpv4-sp-d16 -DSTM32 -DSTM32L4 -DSTM32L476RGTx -DNUCLEO_L476RG -DDEBUG -ID:/MyFile/Engineering/microprocessor/nctu/Project/AdvanceAlarm/inc -O0 -g3 -Wall -fmessage-length=0 -ffunction-sections -c -MMD -MP -MF"src/main.d" -MT"src/main.o" -o "src/main.o" "../src/main.c"
In file included from ../src/main.c:2:0:
../src/utility.h: In function 'HCSR04GetDistance':
../src/utility.h:121:6: warning: variable 'timeval' set but not used [-Wunused-but-set-variable]
  int timeval;
      ^~~~~~~
Finished building: ../src/main.c
 
Building target: AdvanceAlarm.elf
Invoking: MCU GCC Linker
arm-none-eabi-gcc -mcpu=cortex-m4 -mthumb -mfloat-abi=hard -mfpu=fpv4-sp-d16 -T"D:/MyFile/Engineering/microprocessor/nctu/Project/AdvanceAlarm/LinkerScript.ld" -Wl,-Map=output.map -Wl,--gc-sections -o "AdvanceAlarm.elf" @"objects.list"   -lm
Finished building target: AdvanceAlarm.elf
 
make --no-print-directory post-build
Generating binary and Printing size information:
arm-none-eabi-objcopy -O binary "AdvanceAlarm.elf" "AdvanceAlarm.bin"
arm-none-eabi-size "AdvanceAlarm.elf"
   text	   data	    bss	    dec	    hex	filename
   1208	   1088	   1088	   3384	    d38	AdvanceAlarm.elf
 
21:15:48 **** Incremental Build of configuration Debug for project AdvanceAlarm ****
make -j4 all 
make: Nothing to be done for 'all'.
21:18:59 **** Incremental Build of configuration Debug for project AdvanceAlarm ****
make -j4 all 
Building file: ../src/utility.s
Invoking: MCU GCC Assembler
D:\MyFile\Engineering\microprocessor\nctu\Project\AdvanceAlarm\Debug
arm-none-eabi-as -mcpu=cortex-m4 -mthumb -mfloat-abi=hard -mfpu=fpv4-sp-d16 -g -o "src/utility.o" "../src/utility.s"
Finished building: ../src/utility.s
 
Building target: AdvanceAlarm.elf
Invoking: MCU GCC Linker
arm-none-eabi-gcc -mcpu=cortex-m4 -mthumb -mfloat-abi=hard -mfpu=fpv4-sp-d16 -T"D:/MyFile/Engineering/microprocessor/nctu/Project/AdvanceAlarm/LinkerScript.ld" -Wl,-Map=output.map -Wl,--gc-sections -o "AdvanceAlarm.elf" @"objects.list"   -lm
Finished building target: AdvanceAlarm.elf
 
make --no-print-directory post-build
Generating binary and Printing size information:
arm-none-eabi-objcopy -O binary "AdvanceAlarm.elf" "AdvanceAlarm.bin"
arm-none-eabi-size "AdvanceAlarm.elf"
   text	   data	    bss	    dec	    hex	filename
   1208	   1088	   1088	   3384	    d38	AdvanceAlarm.elf
 
21:19:12 **** Incremental Build of configuration Debug for project AdvanceAlarm ****
make -j4 all 
make: Nothing to be done for 'all'.
21:19:49 **** Incremental Build of configuration Debug for project AdvanceAlarm ****
make -j4 all 
Building file: ../src/main.c
Invoking: MCU GCC Compiler
D:\MyFile\Engineering\microprocessor\nctu\Project\AdvanceAlarm\Debug
arm-none-eabi-gcc -mcpu=cortex-m4 -mthumb -mfloat-abi=hard -mfpu=fpv4-sp-d16 -DSTM32 -DSTM32L4 -DSTM32L476RGTx -DNUCLEO_L476RG -DDEBUG -ID:/MyFile/Engineering/microprocessor/nctu/Project/AdvanceAlarm/inc -O0 -g3 -Wall -fmessage-length=0 -ffunction-sections -c -MMD -MP -MF"src/main.d" -MT"src/main.o" -o "src/main.o" "../src/main.c"
In file included from ../src/main.c:2:0:
../src/utility.h: In function 'HCSR04GetDistance':
../src/utility.h:121:6: warning: variable 'timeval' set but not used [-Wunused-but-set-variable]
  int timeval;
      ^~~~~~~
Finished building: ../src/main.c
 
Building target: AdvanceAlarm.elf
Invoking: MCU GCC Linker
arm-none-eabi-gcc -mcpu=cortex-m4 -mthumb -mfloat-abi=hard -mfpu=fpv4-sp-d16 -T"D:/MyFile/Engineering/microprocessor/nctu/Project/AdvanceAlarm/LinkerScript.ld" -Wl,-Map=output.map -Wl,--gc-sections -o "AdvanceAlarm.elf" @"objects.list"   -lm
Finished building target: AdvanceAlarm.elf
 
make --no-print-directory post-build
Generating binary and Printing size information:
arm-none-eabi-objcopy -O binary "AdvanceAlarm.elf" "AdvanceAlarm.bin"
arm-none-eabi-size "AdvanceAlarm.elf"
   text	   data	    bss	    dec	    hex	filename
   1208	   1088	   1088	   3384	    d38	AdvanceAlarm.elf
 
21:20:36 **** Incremental Build of configuration Debug for project AdvanceAlarm ****
make -j4 all 
make: Nothing to be done for 'all'.
21:20:59 **** Incremental Build of configuration Debug for project AdvanceAlarm ****
make -j4 all 
make: Nothing to be done for 'all'.
21:21:41 **** Incremental Build of configuration Debug for project AdvanceAlarm ****
make -j4 all 
Building file: ../src/main.c
Invoking: MCU GCC Compiler
D:\MyFile\Engineering\microprocessor\nctu\Project\AdvanceAlarm\Debug
arm-none-eabi-gcc -mcpu=cortex-m4 -mthumb -mfloat-abi=hard -mfpu=fpv4-sp-d16 -DSTM32 -DSTM32L4 -DSTM32L476RGTx -DNUCLEO_L476RG -DDEBUG -ID:/MyFile/Engineering/microprocessor/nctu/Project/AdvanceAlarm/inc -O0 -g3 -Wall -fmessage-length=0 -ffunction-sections -c -MMD -MP -MF"src/main.d" -MT"src/main.o" -o "src/main.o" "../src/main.c"
In file included from ../src/main.c:2:0:
../src/utility.h: In function 'HCSR04GetDistance':
../src/utility.h:121:6: warning: variable 'timeval' set but not used [-Wunused-but-set-variable]
  int timeval;
      ^~~~~~~
Finished building: ../src/main.c
 
Building target: AdvanceAlarm.elf
Invoking: MCU GCC Linker
arm-none-eabi-gcc -mcpu=cortex-m4 -mthumb -mfloat-abi=hard -mfpu=fpv4-sp-d16 -T"D:/MyFile/Engineering/microprocessor/nctu/Project/AdvanceAlarm/LinkerScript.ld" -Wl,-Map=output.map -Wl,--gc-sections -o "AdvanceAlarm.elf" @"objects.list"   -lm
Finished building target: AdvanceAlarm.elf
 
make --no-print-directory post-build
Generating binary and Printing size information:
arm-none-eabi-objcopy -O binary "AdvanceAlarm.elf" "AdvanceAlarm.bin"
arm-none-eabi-size "AdvanceAlarm.elf"
   text	   data	    bss	    dec	    hex	filename
   1184	   1088	   1088	   3360	    d20	AdvanceAlarm.elf
 
21:22:32 **** Incremental Build of configuration Debug for project AdvanceAlarm ****
make -j4 all 
make: Nothing to be done for 'all'.
21:26:58 **** Incremental Build of configuration Debug for project AdvanceAlarm ****
make -j4 all 
Building file: ../src/utility.s
Invoking: MCU GCC Assembler
D:\MyFile\Engineering\microprocessor\nctu\Project\AdvanceAlarm\Debug
arm-none-eabi-as -mcpu=cortex-m4 -mthumb -mfloat-abi=hard -mfpu=fpv4-sp-d16 -g -o "src/utility.o" "../src/utility.s"
Finished building: ../src/utility.s
 
Building target: AdvanceAlarm.elf
Invoking: MCU GCC Linker
arm-none-eabi-gcc -mcpu=cortex-m4 -mthumb -mfloat-abi=hard -mfpu=fpv4-sp-d16 -T"D:/MyFile/Engineering/microprocessor/nctu/Project/AdvanceAlarm/LinkerScript.ld" -Wl,-Map=output.map -Wl,--gc-sections -o "AdvanceAlarm.elf" @"objects.list"   -lm
Finished building target: AdvanceAlarm.elf
 
make --no-print-directory post-build
Generating binary and Printing size information:
arm-none-eabi-objcopy -O binary "AdvanceAlarm.elf" "AdvanceAlarm.bin"
arm-none-eabi-size "AdvanceAlarm.elf"
   text	   data	    bss	    dec	    hex	filename
   1184	   1088	   1088	   3360	    d20	AdvanceAlarm.elf
 
21:27:30 **** Incremental Build of configuration Debug for project AdvanceAlarm ****
make -j4 all 
make: Nothing to be done for 'all'.
21:28:34 **** Incremental Build of configuration Debug for project AdvanceAlarm ****
make -j4 all 
make: Nothing to be done for 'all'.
21:29:04 **** Incremental Build of configuration Debug for project AdvanceAlarm ****
make -j4 all 
Building file: ../src/main.c
Invoking: MCU GCC Compiler
D:\MyFile\Engineering\microprocessor\nctu\Project\AdvanceAlarm\Debug
arm-none-eabi-gcc -mcpu=cortex-m4 -mthumb -mfloat-abi=hard -mfpu=fpv4-sp-d16 -DSTM32 -DSTM32L4 -DSTM32L476RGTx -DNUCLEO_L476RG -DDEBUG -ID:/MyFile/Engineering/microprocessor/nctu/Project/AdvanceAlarm/inc -O0 -g3 -Wall -fmessage-length=0 -ffunction-sections -c -MMD -MP -MF"src/main.d" -MT"src/main.o" -o "src/main.o" "../src/main.c"
In file included from ../src/main.c:2:0:
../src/utility.h: In function 'HCSR04GetDistance':
../src/utility.h:121:6: warning: variable 'timeval' set but not used [-Wunused-but-set-variable]
  int timeval;
      ^~~~~~~
Finished building: ../src/main.c
 
Building target: AdvanceAlarm.elf
Invoking: MCU GCC Linker
arm-none-eabi-gcc -mcpu=cortex-m4 -mthumb -mfloat-abi=hard -mfpu=fpv4-sp-d16 -T"D:/MyFile/Engineering/microprocessor/nctu/Project/AdvanceAlarm/LinkerScript.ld" -Wl,-Map=output.map -Wl,--gc-sections -o "AdvanceAlarm.elf" @"objects.list"   -lm
Finished building target: AdvanceAlarm.elf
 
make --no-print-directory post-build
Generating binary and Printing size information:
arm-none-eabi-objcopy -O binary "AdvanceAlarm.elf" "AdvanceAlarm.bin"
arm-none-eabi-size "AdvanceAlarm.elf"
   text	   data	    bss	    dec	    hex	filename
   1192	   1088	   1088	   3368	    d28	AdvanceAlarm.elf
 
21:29:12 **** Incremental Build of configuration Debug for project AdvanceAlarm ****
make -j4 all 
make: Nothing to be done for 'all'.
21:29:37 **** Incremental Build of configuration Debug for project AdvanceAlarm ****
make -j4 all 
make: Nothing to be done for 'all'.
21:29:51 **** Incremental Build of configuration Debug for project AdvanceAlarm ****
make -j4 all 
Building file: ../src/main.c
Invoking: MCU GCC Compiler
D:\MyFile\Engineering\microprocessor\nctu\Project\AdvanceAlarm\Debug
arm-none-eabi-gcc -mcpu=cortex-m4 -mthumb -mfloat-abi=hard -mfpu=fpv4-sp-d16 -DSTM32 -DSTM32L4 -DSTM32L476RGTx -DNUCLEO_L476RG -DDEBUG -ID:/MyFile/Engineering/microprocessor/nctu/Project/AdvanceAlarm/inc -O0 -g3 -Wall -fmessage-length=0 -ffunction-sections -c -MMD -MP -MF"src/main.d" -MT"src/main.o" -o "src/main.o" "../src/main.c"
In file included from ../src/main.c:2:0:
../src/utility.h: In function 'HCSR04GetDistance':
../src/utility.h:121:6: warning: variable 'timeval' set but not used [-Wunused-but-set-variable]
  int timeval;
      ^~~~~~~
Finished building: ../src/main.c
 
Building target: AdvanceAlarm.elf
Invoking: MCU GCC Linker
arm-none-eabi-gcc -mcpu=cortex-m4 -mthumb -mfloat-abi=hard -mfpu=fpv4-sp-d16 -T"D:/MyFile/Engineering/microprocessor/nctu/Project/AdvanceAlarm/LinkerScript.ld" -Wl,-Map=output.map -Wl,--gc-sections -o "AdvanceAlarm.elf" @"objects.list"   -lm
Finished building target: AdvanceAlarm.elf
 
make --no-print-directory post-build
Generating binary and Printing size information:
arm-none-eabi-objcopy -O binary "AdvanceAlarm.elf" "AdvanceAlarm.bin"
arm-none-eabi-size "AdvanceAlarm.elf"
   text	   data	    bss	    dec	    hex	filename
   1184	   1088	   1088	   3360	    d20	AdvanceAlarm.elf
 
21:29:58 **** Incremental Build of configuration Debug for project AdvanceAlarm ****
make -j4 all 
make: Nothing to be done for 'all'.
21:30:16 **** Incremental Build of configuration Debug for project AdvanceAlarm ****
make -j4 all 
make: Nothing to be done for 'all'.
21:30:41 **** Incremental Build of configuration Debug for project AdvanceAlarm ****
make -j4 all 
make: Nothing to be done for 'all'.
21:32:06 **** Incremental Build of configuration Debug for project AdvanceAlarm ****
make -j4 all 
make: Nothing to be done for 'all'.
21:33:00 **** Incremental Build of configuration Debug for project AdvanceAlarm ****
make -j4 all 
Building file: ../src/main.c
Building file: ../src/utility.s
Invoking: MCU GCC Compiler
Invoking: MCU GCC Assembler
D:\MyFile\Engineering\microprocessor\nctu\Project\AdvanceAlarm\Debug
arm-none-eabi-gcc -mcpu=cortex-m4 -mthumb -mfloat-abi=hard -mfpu=fpv4-sp-d16 -DSTM32 -DSTM32L4 -DSTM32L476RGTx -DNUCLEO_L476RG -DDEBUG -ID:/MyFile/Engineering/microprocessor/nctu/Project/AdvanceAlarm/inc -O0 -g3 -Wall -fmessage-length=0 -ffunction-sections -c -MMD -MP -MF"src/main.d" -MT"src/main.o" -o "src/main.o" "../src/main.c"
D:\MyFile\Engineering\microprocessor\nctu\Project\AdvanceAlarm\Debug
arm-none-eabi-as -mcpu=cortex-m4 -mthumb -mfloat-abi=hard -mfpu=fpv4-sp-d16 -g -o "src/utility.o" "../src/utility.s"
Finished building: ../src/utility.s
 
In file included from ../src/main.c:2:0:
../src/utility.h: In function 'HCSR04GetDistance':
../src/utility.h:121:6: warning: variable 'timeval' set but not used [-Wunused-but-set-variable]
  int timeval;
      ^~~~~~~
Finished building: ../src/main.c
 
Building target: AdvanceAlarm.elf
Invoking: MCU GCC Linker
arm-none-eabi-gcc -mcpu=cortex-m4 -mthumb -mfloat-abi=hard -mfpu=fpv4-sp-d16 -T"D:/MyFile/Engineering/microprocessor/nctu/Project/AdvanceAlarm/LinkerScript.ld" -Wl,-Map=output.map -Wl,--gc-sections -o "AdvanceAlarm.elf" @"objects.list"   -lm
Finished building target: AdvanceAlarm.elf
 
make --no-print-directory post-build
Generating binary and Printing size information:
arm-none-eabi-objcopy -O binary "AdvanceAlarm.elf" "AdvanceAlarm.bin"
arm-none-eabi-size "AdvanceAlarm.elf"
   text	   data	    bss	    dec	    hex	filename
   1496	   1088	   1088	   3672	    e58	AdvanceAlarm.elf
 
21:33:11 **** Incremental Build of configuration Debug for project AdvanceAlarm ****
make -j4 all 
make: Nothing to be done for 'all'.
21:34:13 **** Incremental Build of configuration Debug for project AdvanceAlarm ****
make -j4 all 
Building file: ../src/main.c
Invoking: MCU GCC Compiler
D:\MyFile\Engineering\microprocessor\nctu\Project\AdvanceAlarm\Debug
arm-none-eabi-gcc -mcpu=cortex-m4 -mthumb -mfloat-abi=hard -mfpu=fpv4-sp-d16 -DSTM32 -DSTM32L4 -DSTM32L476RGTx -DNUCLEO_L476RG -DDEBUG -ID:/MyFile/Engineering/microprocessor/nctu/Project/AdvanceAlarm/inc -O0 -g3 -Wall -fmessage-length=0 -ffunction-sections -c -MMD -MP -MF"src/main.d" -MT"src/main.o" -o "src/main.o" "../src/main.c"
In file included from ../src/main.c:2:0:
../src/utility.h: In function 'HCSR04GetDistance':
../src/utility.h:121:6: warning: variable 'timeval' set but not used [-Wunused-but-set-variable]
  int timeval;
      ^~~~~~~
Finished building: ../src/main.c
 
Building target: AdvanceAlarm.elf
Invoking: MCU GCC Linker
arm-none-eabi-gcc -mcpu=cortex-m4 -mthumb -mfloat-abi=hard -mfpu=fpv4-sp-d16 -T"D:/MyFile/Engineering/microprocessor/nctu/Project/AdvanceAlarm/LinkerScript.ld" -Wl,-Map=output.map -Wl,--gc-sections -o "AdvanceAlarm.elf" @"objects.list"   -lm
Finished building target: AdvanceAlarm.elf
 
make --no-print-directory post-build
Generating binary and Printing size information:
arm-none-eabi-objcopy -O binary "AdvanceAlarm.elf" "AdvanceAlarm.bin"
arm-none-eabi-size "AdvanceAlarm.elf"
   text	   data	    bss	    dec	    hex	filename
   1184	   1088	   1088	   3360	    d20	AdvanceAlarm.elf
 
21:34:27 **** Incremental Build of configuration Debug for project AdvanceAlarm ****
make -j4 all 
make: Nothing to be done for 'all'.
21:34:39 **** Incremental Build of configuration Debug for project AdvanceAlarm ****
make -j4 all 
make: Nothing to be done for 'all'.
21:37:04 **** Incremental Build of configuration Debug for project AdvanceAlarm ****
make -j4 all 
Building file: ../src/main.c
Invoking: MCU GCC Compiler
D:\MyFile\Engineering\microprocessor\nctu\Project\AdvanceAlarm\Debug
arm-none-eabi-gcc -mcpu=cortex-m4 -mthumb -mfloat-abi=hard -mfpu=fpv4-sp-d16 -DSTM32 -DSTM32L4 -DSTM32L476RGTx -DNUCLEO_L476RG -DDEBUG -ID:/MyFile/Engineering/microprocessor/nctu/Project/AdvanceAlarm/inc -O0 -g3 -Wall -fmessage-length=0 -ffunction-sections -c -MMD -MP -MF"src/main.d" -MT"src/main.o" -o "src/main.o" "../src/main.c"
In file included from ../src/main.c:2:0:
../src/utility.h: In function 'HCSR04GetDistance':
../src/utility.h:121:6: warning: variable 'timeval' set but not used [-Wunused-but-set-variable]
  int timeval;
      ^~~~~~~
Finished building: ../src/main.c
 
Building target: AdvanceAlarm.elf
Invoking: MCU GCC Linker
arm-none-eabi-gcc -mcpu=cortex-m4 -mthumb -mfloat-abi=hard -mfpu=fpv4-sp-d16 -T"D:/MyFile/Engineering/microprocessor/nctu/Project/AdvanceAlarm/LinkerScript.ld" -Wl,-Map=output.map -Wl,--gc-sections -o "AdvanceAlarm.elf" @"objects.list"   -lm
Finished building target: AdvanceAlarm.elf
 
make --no-print-directory post-build
Generating binary and Printing size information:
arm-none-eabi-objcopy -O binary "AdvanceAlarm.elf" "AdvanceAlarm.bin"
arm-none-eabi-size "AdvanceAlarm.elf"
   text	   data	    bss	    dec	    hex	filename
   1184	   1088	   1088	   3360	    d20	AdvanceAlarm.elf
 
21:39:06 **** Incremental Build of configuration Debug for project AdvanceAlarm ****
make -j4 all 
Building file: ../src/main.c
Building file: ../src/utility.s
Invoking: MCU GCC Compiler
Invoking: MCU GCC Assembler
D:\MyFile\Engineering\microprocessor\nctu\Project\AdvanceAlarm\Debug
arm-none-eabi-gcc -mcpu=cortex-m4 -mthumb -mfloat-abi=hard -mfpu=fpv4-sp-d16 -DSTM32 -DSTM32L4 -DSTM32L476RGTx -DNUCLEO_L476RG -DDEBUG -ID:/MyFile/Engineering/microprocessor/nctu/Project/AdvanceAlarm/inc -O0 -g3 -Wall -fmessage-length=0 -ffunction-sections -c -MMD -MP -MF"src/main.d" -MT"src/main.o" -o "src/main.o" "../src/main.c"
D:\MyFile\Engineering\microprocessor\nctu\Project\AdvanceAlarm\Debug
arm-none-eabi-as -mcpu=cortex-m4 -mthumb -mfloat-abi=hard -mfpu=fpv4-sp-d16 -g -o "src/utility.o" "../src/utility.s"
Finished building: ../src/utility.s
 
In file included from ../src/main.c:2:0:
../src/utility.h: In function 'HCSR04GetDistance':
../src/utility.h:121:6: warning: variable 'timeval' set but not used [-Wunused-but-set-variable]
  int timeval;
      ^~~~~~~
Finished building: ../src/main.c
 
Building target: AdvanceAlarm.elf
Invoking: MCU GCC Linker
arm-none-eabi-gcc -mcpu=cortex-m4 -mthumb -mfloat-abi=hard -mfpu=fpv4-sp-d16 -T"D:/MyFile/Engineering/microprocessor/nctu/Project/AdvanceAlarm/LinkerScript.ld" -Wl,-Map=output.map -Wl,--gc-sections -o "AdvanceAlarm.elf" @"objects.list"   -lm
Finished building target: AdvanceAlarm.elf
 
make --no-print-directory post-build
Generating binary and Printing size information:
arm-none-eabi-objcopy -O binary "AdvanceAlarm.elf" "AdvanceAlarm.bin"
arm-none-eabi-size "AdvanceAlarm.elf"
   text	   data	    bss	    dec	    hex	filename
   1184	   1088	   1088	   3360	    d20	AdvanceAlarm.elf
 
21:46:55 **** Incremental Build of configuration Debug for project AdvanceAlarm ****
make -j4 all 
Building file: ../src/main.c
Invoking: MCU GCC Compiler
D:\MyFile\Engineering\microprocessor\nctu\Project\AdvanceAlarm\Debug
arm-none-eabi-gcc -mcpu=cortex-m4 -mthumb -mfloat-abi=hard -mfpu=fpv4-sp-d16 -DSTM32 -DSTM32L4 -DSTM32L476RGTx -DNUCLEO_L476RG -DDEBUG -ID:/MyFile/Engineering/microprocessor/nctu/Project/AdvanceAlarm/inc -O0 -g3 -Wall -fmessage-length=0 -ffunction-sections -c -MMD -MP -MF"src/main.d" -MT"src/main.o" -o "src/main.o" "../src/main.c"
In file included from ../src/main.c:2:0:
../src/utility.h: In function 'HCSR04GetDistance':
../src/utility.h:121:6: warning: variable 'timeval' set but not used [-Wunused-but-set-variable]
  int timeval;
      ^~~~~~~
Finished building: ../src/main.c
 
Building target: AdvanceAlarm.elf
Invoking: MCU GCC Linker
arm-none-eabi-gcc -mcpu=cortex-m4 -mthumb -mfloat-abi=hard -mfpu=fpv4-sp-d16 -T"D:/MyFile/Engineering/microprocessor/nctu/Project/AdvanceAlarm/LinkerScript.ld" -Wl,-Map=output.map -Wl,--gc-sections -o "AdvanceAlarm.elf" @"objects.list"   -lm
Finished building target: AdvanceAlarm.elf
 
make --no-print-directory post-build
Generating binary and Printing size information:
arm-none-eabi-objcopy -O binary "AdvanceAlarm.elf" "AdvanceAlarm.bin"
arm-none-eabi-size "AdvanceAlarm.elf"
   text	   data	    bss	    dec	    hex	filename
   1208	   1088	   1088	   3384	    d38	AdvanceAlarm.elf
 
21:47:12 **** Incremental Build of configuration Debug for project AdvanceAlarm ****
make -j4 all 
make: Nothing to be done for 'all'.
21:47:23 **** Incremental Build of configuration Debug for project AdvanceAlarm ****
make -j4 all 
make: Nothing to be done for 'all'.
21:47:32 **** Incremental Build of configuration Debug for project AdvanceAlarm ****
make -j4 all 
make: Nothing to be done for 'all'.
21:47:50 **** Incremental Build of configuration Debug for project AdvanceAlarm ****
make -j4 all 
make: Nothing to be done for 'all'.
21:48:00 **** Incremental Build of configuration Debug for project AdvanceAlarm ****
make -j4 all 
make: Nothing to be done for 'all'.
00:22:42 **** Incremental Build of configuration Debug for project AdvanceAlarm ****
make -j4 all 
Building file: ../src/utility.s
Building file: ../src/main.c
Invoking: MCU GCC Assembler
Invoking: MCU GCC Compiler
D:\MyFile\Engineering\microprocessor\nctu\Project\AdvanceAlarm\Debug
D:\MyFile\Engineering\microprocessor\nctu\Project\AdvanceAlarm\Debug
arm-none-eabi-as -mcpu=cortex-m4 -mthumb -mfloat-abi=hard -mfpu=fpv4-sp-d16 -g -o "src/utility.o" "../src/utility.s"
arm-none-eabi-gcc -mcpu=cortex-m4 -mthumb -mfloat-abi=hard -mfpu=fpv4-sp-d16 -DSTM32 -DSTM32L4 -DSTM32L476RGTx -DNUCLEO_L476RG -DDEBUG -ID:/MyFile/Engineering/microprocessor/nctu/Project/AdvanceAlarm/inc -O0 -g3 -Wall -fmessage-length=0 -ffunction-sections -c -MMD -MP -MF"src/main.d" -MT"src/main.o" -o "src/main.o" "../src/main.c"
../src/utility.s: Assembler messages:
../src/utility.s:47: Error: invalid constant (fffff000) after fixup
../src/utility.s:53: Error: invalid constant (fffff000) after fixup
../src/utility.s:54: Error: invalid constant (555) after fixup
../src/utility.s:59: Error: invalid constant (fffff000) after fixup
../src/utility.s:60: Error: invalid constant (aaa) after fixup
src/subdir.mk:30: recipe for target 'src/utility.o' failed
make: *** [src/utility.o] Error 1
make: *** Waiting for unfinished jobs....
In file included from ../src/main.c:2:0:
../src/utility.h: In function 'HCSR04GetDistance':
../src/utility.h:121:6: warning: variable 'timeval' set but not used [-Wunused-but-set-variable]
  int timeval;
      ^~~~~~~
Finished building: ../src/main.c
 
00:23:11 **** Incremental Build of configuration Debug for project AdvanceAlarm ****
make -j4 all 
Building file: ../src/main.c
Building file: ../src/utility.s
Invoking: MCU GCC Compiler
Invoking: MCU GCC Assembler
D:\MyFile\Engineering\microprocessor\nctu\Project\AdvanceAlarm\Debug
D:\MyFile\Engineering\microprocessor\nctu\Project\AdvanceAlarm\Debug
arm-none-eabi-gcc -mcpu=cortex-m4 -mthumb -mfloat-abi=hard -mfpu=fpv4-sp-d16 -DSTM32 -DSTM32L4 -DSTM32L476RGTx -DNUCLEO_L476RG -DDEBUG -ID:/MyFile/Engineering/microprocessor/nctu/Project/AdvanceAlarm/inc -O0 -g3 -Wall -fmessage-length=0 -ffunction-sections -c -MMD -MP -MF"src/main.d" -MT"src/main.o" -o "src/main.o" "../src/main.c"
arm-none-eabi-as -mcpu=cortex-m4 -mthumb -mfloat-abi=hard -mfpu=fpv4-sp-d16 -g -o "src/utility.o" "../src/utility.s"
../src/utility.s: Assembler messages:
../src/utility.s:47: Error: invalid constant (fffff000) after fixup
../src/utility.s:53: Error: invalid constant (fffff000) after fixup
../src/utility.s:54: Error: invalid constant (555) after fixup
../src/utility.s:59: Error: invalid constant (fffff000) after fixup
../src/utility.s:60: Error: invalid constant (aaa) after fixup
src/subdir.mk:30: recipe for target 'src/utility.o' failed
make: *** [src/utility.o] Error 1
make: *** Waiting for unfinished jobs....
In file included from ../src/main.c:2:0:
../src/utility.h: In function 'HCSR04GetDistance':
../src/utility.h:121:6: warning: variable 'timeval' set but not used [-Wunused-but-set-variable]
  int timeval;
      ^~~~~~~
Finished building: ../src/main.c
 
00:27:13 **** Incremental Build of configuration Debug for project AdvanceAlarm ****
make -j4 all 
Building file: ../src/utility.s
Invoking: MCU GCC Assembler
D:\MyFile\Engineering\microprocessor\nctu\Project\AdvanceAlarm\Debug
arm-none-eabi-as -mcpu=cortex-m4 -mthumb -mfloat-abi=hard -mfpu=fpv4-sp-d16 -g -o "src/utility.o" "../src/utility.s"
../src/utility.s: Assembler messages:
../src/utility.s:47: Error: invalid constant (fffff000) after fixup
src/subdir.mk:30: recipe for target 'src/utility.o' failed
make: *** [src/utility.o] Error 1
00:27:32 **** Incremental Build of configuration Debug for project AdvanceAlarm ****
make -j4 all 
Building file: ../src/utility.s
Invoking: MCU GCC Assembler
D:\MyFile\Engineering\microprocessor\nctu\Project\AdvanceAlarm\Debug
arm-none-eabi-as -mcpu=cortex-m4 -mthumb -mfloat-abi=hard -mfpu=fpv4-sp-d16 -g -o "src/utility.o" "../src/utility.s"
Finished building: ../src/utility.s
 
Building target: AdvanceAlarm.elf
Invoking: MCU GCC Linker
arm-none-eabi-gcc -mcpu=cortex-m4 -mthumb -mfloat-abi=hard -mfpu=fpv4-sp-d16 -T"D:/MyFile/Engineering/microprocessor/nctu/Project/AdvanceAlarm/LinkerScript.ld" -Wl,-Map=output.map -Wl,--gc-sections -o "AdvanceAlarm.elf" @"objects.list"   -lm
Finished building target: AdvanceAlarm.elf
 
make --no-print-directory post-build
Generating binary and Printing size information:
arm-none-eabi-objcopy -O binary "AdvanceAlarm.elf" "AdvanceAlarm.bin"
arm-none-eabi-size "AdvanceAlarm.elf"
   text	   data	    bss	    dec	    hex	filename
   1176	   1088	   1088	   3352	    d18	AdvanceAlarm.elf
 
00:27:49 **** Incremental Build of configuration Debug for project AdvanceAlarm ****
make -j4 all 
make: Nothing to be done for 'all'.
00:27:58 **** Incremental Build of configuration Debug for project AdvanceAlarm ****
make -j4 all 
make: Nothing to be done for 'all'.
00:28:08 **** Incremental Build of configuration Debug for project AdvanceAlarm ****
make -j4 all 
make: Nothing to be done for 'all'.
00:28:17 **** Incremental Build of configuration Debug for project AdvanceAlarm ****
make -j4 all 
make: Nothing to be done for 'all'.
00:28:39 **** Incremental Build of configuration Debug for project AdvanceAlarm ****
make -j4 all 
make: Nothing to be done for 'all'.
00:28:54 **** Incremental Build of configuration Debug for project AdvanceAlarm ****
make -j4 all 
make: Nothing to be done for 'all'.
01:29:28 **** Incremental Build of configuration Debug for project AdvanceAlarm ****
make -j4 all 
Building file: ../src/main.c
Building file: ../src/utility.s
Invoking: MCU GCC Compiler
Invoking: MCU GCC Assembler
D:\MyFile\Engineering\microprocessor\nctu\Project\AdvanceAlarm\Debug
arm-none-eabi-gcc -mcpu=cortex-m4 -mthumb -mfloat-abi=hard -mfpu=fpv4-sp-d16 -DSTM32 -DSTM32L4 -DSTM32L476RGTx -DNUCLEO_L476RG -DDEBUG -ID:/MyFile/Engineering/microprocessor/nctu/Project/AdvanceAlarm/inc -O0 -g3 -Wall -fmessage-length=0 -ffunction-sections -c -MMD -MP -MF"src/main.d" -MT"src/main.o" -o "src/main.o" "../src/main.c"
D:\MyFile\Engineering\microprocessor\nctu\Project\AdvanceAlarm\Debug
arm-none-eabi-as -mcpu=cortex-m4 -mthumb -mfloat-abi=hard -mfpu=fpv4-sp-d16 -g -o "src/utility.o" "../src/utility.s"
Finished building: ../src/utility.s
 
In file included from ../src/main.c:2:0:
../src/utility.h: In function 'HCSR04GetDistance':
../src/utility.h:122:6: warning: variable 'timeval' set but not used [-Wunused-but-set-variable]
  int timeval;
      ^~~~~~~
Finished building: ../src/main.c
 
Building target: AdvanceAlarm.elf
Invoking: MCU GCC Linker
arm-none-eabi-gcc -mcpu=cortex-m4 -mthumb -mfloat-abi=hard -mfpu=fpv4-sp-d16 -T"D:/MyFile/Engineering/microprocessor/nctu/Project/AdvanceAlarm/LinkerScript.ld" -Wl,-Map=output.map -Wl,--gc-sections -o "AdvanceAlarm.elf" @"objects.list"   -lm
Finished building target: AdvanceAlarm.elf
 
make --no-print-directory post-build
Generating binary and Printing size information:
arm-none-eabi-objcopy -O binary "AdvanceAlarm.elf" "AdvanceAlarm.bin"
arm-none-eabi-size "AdvanceAlarm.elf"
   text	   data	    bss	    dec	    hex	filename
   1232	   1088	   1088	   3408	    d50	AdvanceAlarm.elf
 
01:29:40 **** Incremental Build of configuration Debug for project AdvanceAlarm ****
make -j4 all 
make: Nothing to be done for 'all'.
01:29:49 **** Incremental Build of configuration Debug for project AdvanceAlarm ****
make -j4 all 
make: Nothing to be done for 'all'.
01:30:00 **** Incremental Build of configuration Debug for project AdvanceAlarm ****
make -j4 all 
make: Nothing to be done for 'all'.
01:30:12 **** Incremental Build of configuration Debug for project AdvanceAlarm ****
make -j4 all 
make: Nothing to be done for 'all'.
01:30:22 **** Incremental Build of configuration Debug for project AdvanceAlarm ****
make -j4 all 
make: Nothing to be done for 'all'.
01:30:33 **** Incremental Build of configuration Debug for project AdvanceAlarm ****
make -j4 all 
make: Nothing to be done for 'all'.
01:30:55 **** Incremental Build of configuration Debug for project AdvanceAlarm ****
make -j4 all 
Building file: ../src/main.c
Invoking: MCU GCC Compiler
D:\MyFile\Engineering\microprocessor\nctu\Project\AdvanceAlarm\Debug
arm-none-eabi-gcc -mcpu=cortex-m4 -mthumb -mfloat-abi=hard -mfpu=fpv4-sp-d16 -DSTM32 -DSTM32L4 -DSTM32L476RGTx -DNUCLEO_L476RG -DDEBUG -ID:/MyFile/Engineering/microprocessor/nctu/Project/AdvanceAlarm/inc -O0 -g3 -Wall -fmessage-length=0 -ffunction-sections -c -MMD -MP -MF"src/main.d" -MT"src/main.o" -o "src/main.o" "../src/main.c"
In file included from ../src/main.c:2:0:
../src/utility.h: In function 'HCSR04GetDistance':
../src/utility.h:122:6: warning: variable 'timeval' set but not used [-Wunused-but-set-variable]
  int timeval;
      ^~~~~~~
Finished building: ../src/main.c
 
Building target: AdvanceAlarm.elf
Invoking: MCU GCC Linker
arm-none-eabi-gcc -mcpu=cortex-m4 -mthumb -mfloat-abi=hard -mfpu=fpv4-sp-d16 -T"D:/MyFile/Engineering/microprocessor/nctu/Project/AdvanceAlarm/LinkerScript.ld" -Wl,-Map=output.map -Wl,--gc-sections -o "AdvanceAlarm.elf" @"objects.list"   -lm
Finished building target: AdvanceAlarm.elf
 
make --no-print-directory post-build
Generating binary and Printing size information:
arm-none-eabi-objcopy -O binary "AdvanceAlarm.elf" "AdvanceAlarm.bin"
arm-none-eabi-size "AdvanceAlarm.elf"
   text	   data	    bss	    dec	    hex	filename
   1232	   1088	   1088	   3408	    d50	AdvanceAlarm.elf
 
01:31:44 **** Incremental Build of configuration Debug for project AdvanceAlarm ****
make -j4 all 
Building file: ../src/main.c
Invoking: MCU GCC Compiler
D:\MyFile\Engineering\microprocessor\nctu\Project\AdvanceAlarm\Debug
arm-none-eabi-gcc -mcpu=cortex-m4 -mthumb -mfloat-abi=hard -mfpu=fpv4-sp-d16 -DSTM32 -DSTM32L4 -DSTM32L476RGTx -DNUCLEO_L476RG -DDEBUG -ID:/MyFile/Engineering/microprocessor/nctu/Project/AdvanceAlarm/inc -O0 -g3 -Wall -fmessage-length=0 -ffunction-sections -c -MMD -MP -MF"src/main.d" -MT"src/main.o" -o "src/main.o" "../src/main.c"
In file included from ../src/main.c:2:0:
../src/utility.h: In function 'HCSR04GetDistance':
../src/utility.h:122:6: warning: variable 'timeval' set but not used [-Wunused-but-set-variable]
  int timeval;
      ^~~~~~~
Finished building: ../src/main.c
 
Building target: AdvanceAlarm.elf
Invoking: MCU GCC Linker
arm-none-eabi-gcc -mcpu=cortex-m4 -mthumb -mfloat-abi=hard -mfpu=fpv4-sp-d16 -T"D:/MyFile/Engineering/microprocessor/nctu/Project/AdvanceAlarm/LinkerScript.ld" -Wl,-Map=output.map -Wl,--gc-sections -o "AdvanceAlarm.elf" @"objects.list"   -lm
Finished building target: AdvanceAlarm.elf
 
make --no-print-directory post-build
Generating binary and Printing size information:
arm-none-eabi-objcopy -O binary "AdvanceAlarm.elf" "AdvanceAlarm.bin"
arm-none-eabi-size "AdvanceAlarm.elf"
   text	   data	    bss	    dec	    hex	filename
   1232	   1088	   1088	   3408	    d50	AdvanceAlarm.elf
 
01:31:56 **** Incremental Build of configuration Debug for project AdvanceAlarm ****
make -j4 all 
make: Nothing to be done for 'all'.
01:32:26 **** Incremental Build of configuration Debug for project AdvanceAlarm ****
make -j4 all 
make: Nothing to be done for 'all'.
01:32:35 **** Incremental Build of configuration Debug for project AdvanceAlarm ****
make -j4 all 
make: Nothing to be done for 'all'.
01:32:46 **** Incremental Build of configuration Debug for project AdvanceAlarm ****
make -j4 all 
make: Nothing to be done for 'all'.
01:32:54 **** Incremental Build of configuration Debug for project AdvanceAlarm ****
make -j4 all 
make: Nothing to be done for 'all'.
01:33:03 **** Incremental Build of configuration Debug for project AdvanceAlarm ****
make -j4 all 
make: Nothing to be done for 'all'.
01:33:20 **** Incremental Build of configuration Debug for project AdvanceAlarm ****
make -j4 all 
make: Nothing to be done for 'all'.
01:34:08 **** Incremental Build of configuration Debug for project AdvanceAlarm ****
make -j4 all 
Building file: ../src/main.c
Invoking: MCU GCC Compiler
D:\MyFile\Engineering\microprocessor\nctu\Project\AdvanceAlarm\Debug
arm-none-eabi-gcc -mcpu=cortex-m4 -mthumb -mfloat-abi=hard -mfpu=fpv4-sp-d16 -DSTM32 -DSTM32L4 -DSTM32L476RGTx -DNUCLEO_L476RG -DDEBUG -ID:/MyFile/Engineering/microprocessor/nctu/Project/AdvanceAlarm/inc -O0 -g3 -Wall -fmessage-length=0 -ffunction-sections -c -MMD -MP -MF"src/main.d" -MT"src/main.o" -o "src/main.o" "../src/main.c"
In file included from ../src/main.c:2:0:
../src/utility.h: In function 'HCSR04GetDistance':
../src/utility.h:122:6: warning: variable 'timeval' set but not used [-Wunused-but-set-variable]
  int timeval;
      ^~~~~~~
Finished building: ../src/main.c
 
Building target: AdvanceAlarm.elf
Invoking: MCU GCC Linker
arm-none-eabi-gcc -mcpu=cortex-m4 -mthumb -mfloat-abi=hard -mfpu=fpv4-sp-d16 -T"D:/MyFile/Engineering/microprocessor/nctu/Project/AdvanceAlarm/LinkerScript.ld" -Wl,-Map=output.map -Wl,--gc-sections -o "AdvanceAlarm.elf" @"objects.list"   -lm
Finished building target: AdvanceAlarm.elf
 
make --no-print-directory post-build
Generating binary and Printing size information:
arm-none-eabi-objcopy -O binary "AdvanceAlarm.elf" "AdvanceAlarm.bin"
arm-none-eabi-size "AdvanceAlarm.elf"
   text	   data	    bss	    dec	    hex	filename
   1248	   1088	   1088	   3424	    d60	AdvanceAlarm.elf
 
01:34:20 **** Incremental Build of configuration Debug for project AdvanceAlarm ****
make -j4 all 
make: Nothing to be done for 'all'.
01:34:41 **** Incremental Build of configuration Debug for project AdvanceAlarm ****
make -j4 all 
make: Nothing to be done for 'all'.
01:35:04 **** Incremental Build of configuration Debug for project AdvanceAlarm ****
make -j4 all 
Building file: ../src/main.c
Invoking: MCU GCC Compiler
D:\MyFile\Engineering\microprocessor\nctu\Project\AdvanceAlarm\Debug
arm-none-eabi-gcc -mcpu=cortex-m4 -mthumb -mfloat-abi=hard -mfpu=fpv4-sp-d16 -DSTM32 -DSTM32L4 -DSTM32L476RGTx -DNUCLEO_L476RG -DDEBUG -ID:/MyFile/Engineering/microprocessor/nctu/Project/AdvanceAlarm/inc -O0 -g3 -Wall -fmessage-length=0 -ffunction-sections -c -MMD -MP -MF"src/main.d" -MT"src/main.o" -o "src/main.o" "../src/main.c"
In file included from ../src/main.c:2:0:
../src/utility.h: In function 'HCSR04GetDistance':
../src/utility.h:122:6: warning: variable 'timeval' set but not used [-Wunused-but-set-variable]
  int timeval;
      ^~~~~~~
Finished building: ../src/main.c
 
Building target: AdvanceAlarm.elf
Invoking: MCU GCC Linker
arm-none-eabi-gcc -mcpu=cortex-m4 -mthumb -mfloat-abi=hard -mfpu=fpv4-sp-d16 -T"D:/MyFile/Engineering/microprocessor/nctu/Project/AdvanceAlarm/LinkerScript.ld" -Wl,-Map=output.map -Wl,--gc-sections -o "AdvanceAlarm.elf" @"objects.list"   -lm
Finished building target: AdvanceAlarm.elf
 
make --no-print-directory post-build
Generating binary and Printing size information:
arm-none-eabi-objcopy -O binary "AdvanceAlarm.elf" "AdvanceAlarm.bin"
arm-none-eabi-size "AdvanceAlarm.elf"
   text	   data	    bss	    dec	    hex	filename
   1248	   1088	   1088	   3424	    d60	AdvanceAlarm.elf
 
01:35:40 **** Incremental Build of configuration Debug for project AdvanceAlarm ****
make -j4 all 
Building file: ../src/main.c
Invoking: MCU GCC Compiler
D:\MyFile\Engineering\microprocessor\nctu\Project\AdvanceAlarm\Debug
arm-none-eabi-gcc -mcpu=cortex-m4 -mthumb -mfloat-abi=hard -mfpu=fpv4-sp-d16 -DSTM32 -DSTM32L4 -DSTM32L476RGTx -DNUCLEO_L476RG -DDEBUG -ID:/MyFile/Engineering/microprocessor/nctu/Project/AdvanceAlarm/inc -O0 -g3 -Wall -fmessage-length=0 -ffunction-sections -c -MMD -MP -MF"src/main.d" -MT"src/main.o" -o "src/main.o" "../src/main.c"
In file included from ../src/main.c:2:0:
../src/utility.h: In function 'HCSR04GetDistance':
../src/utility.h:122:6: warning: variable 'timeval' set but not used [-Wunused-but-set-variable]
  int timeval;
      ^~~~~~~
Finished building: ../src/main.c
 
Building target: AdvanceAlarm.elf
Invoking: MCU GCC Linker
arm-none-eabi-gcc -mcpu=cortex-m4 -mthumb -mfloat-abi=hard -mfpu=fpv4-sp-d16 -T"D:/MyFile/Engineering/microprocessor/nctu/Project/AdvanceAlarm/LinkerScript.ld" -Wl,-Map=output.map -Wl,--gc-sections -o "AdvanceAlarm.elf" @"objects.list"   -lm
Finished building target: AdvanceAlarm.elf
 
make --no-print-directory post-build
Generating binary and Printing size information:
arm-none-eabi-objcopy -O binary "AdvanceAlarm.elf" "AdvanceAlarm.bin"
arm-none-eabi-size "AdvanceAlarm.elf"
   text	   data	    bss	    dec	    hex	filename
   1248	   1088	   1088	   3424	    d60	AdvanceAlarm.elf
 
01:37:39 **** Incremental Build of configuration Debug for project AdvanceAlarm ****
make -j4 all 
Building file: ../src/main.c
Invoking: MCU GCC Compiler
D:\MyFile\Engineering\microprocessor\nctu\Project\AdvanceAlarm\Debug
arm-none-eabi-gcc -mcpu=cortex-m4 -mthumb -mfloat-abi=hard -mfpu=fpv4-sp-d16 -DSTM32 -DSTM32L4 -DSTM32L476RGTx -DNUCLEO_L476RG -DDEBUG -ID:/MyFile/Engineering/microprocessor/nctu/Project/AdvanceAlarm/inc -O0 -g3 -Wall -fmessage-length=0 -ffunction-sections -c -MMD -MP -MF"src/main.d" -MT"src/main.o" -o "src/main.o" "../src/main.c"
In file included from ../src/main.c:2:0:
../src/utility.h: In function 'HCSR04GetDistance':
../src/utility.h:122:6: warning: variable 'timeval' set but not used [-Wunused-but-set-variable]
  int timeval;
      ^~~~~~~
Finished building: ../src/main.c
 
Building target: AdvanceAlarm.elf
Invoking: MCU GCC Linker
arm-none-eabi-gcc -mcpu=cortex-m4 -mthumb -mfloat-abi=hard -mfpu=fpv4-sp-d16 -T"D:/MyFile/Engineering/microprocessor/nctu/Project/AdvanceAlarm/LinkerScript.ld" -Wl,-Map=output.map -Wl,--gc-sections -o "AdvanceAlarm.elf" @"objects.list"   -lm
Finished building target: AdvanceAlarm.elf
 
make --no-print-directory post-build
Generating binary and Printing size information:
arm-none-eabi-objcopy -O binary "AdvanceAlarm.elf" "AdvanceAlarm.bin"
arm-none-eabi-size "AdvanceAlarm.elf"
   text	   data	    bss	    dec	    hex	filename
   1240	   1088	   1088	   3416	    d58	AdvanceAlarm.elf
 
01:37:48 **** Incremental Build of configuration Debug for project AdvanceAlarm ****
make -j4 all 
make: Nothing to be done for 'all'.
01:37:59 **** Incremental Build of configuration Debug for project AdvanceAlarm ****
make -j4 all 
make: Nothing to be done for 'all'.
01:40:41 **** Incremental Build of configuration Debug for project AdvanceAlarm ****
make -j4 all 
Building file: ../src/main.c
Building file: ../src/utility.s
Invoking: MCU GCC Compiler
Invoking: MCU GCC Assembler
D:\MyFile\Engineering\microprocessor\nctu\Project\AdvanceAlarm\Debug
arm-none-eabi-gcc -mcpu=cortex-m4 -mthumb -mfloat-abi=hard -mfpu=fpv4-sp-d16 -DSTM32 -DSTM32L4 -DSTM32L476RGTx -DNUCLEO_L476RG -DDEBUG -ID:/MyFile/Engineering/microprocessor/nctu/Project/AdvanceAlarm/inc -O0 -g3 -Wall -fmessage-length=0 -ffunction-sections -c -MMD -MP -MF"src/main.d" -MT"src/main.o" -o "src/main.o" "../src/main.c"
D:\MyFile\Engineering\microprocessor\nctu\Project\AdvanceAlarm\Debug
arm-none-eabi-as -mcpu=cortex-m4 -mthumb -mfloat-abi=hard -mfpu=fpv4-sp-d16 -g -o "src/utility.o" "../src/utility.s"
Finished building: ../src/utility.s
 
In file included from ../src/main.c:2:0:
../src/utility.h: In function 'HCSR04GetDistance':
../src/utility.h:122:6: warning: variable 'timeval' set but not used [-Wunused-but-set-variable]
  int timeval;
      ^~~~~~~
Finished building: ../src/main.c
 
Building target: AdvanceAlarm.elf
Invoking: MCU GCC Linker
arm-none-eabi-gcc -mcpu=cortex-m4 -mthumb -mfloat-abi=hard -mfpu=fpv4-sp-d16 -T"D:/MyFile/Engineering/microprocessor/nctu/Project/AdvanceAlarm/LinkerScript.ld" -Wl,-Map=output.map -Wl,--gc-sections -o "AdvanceAlarm.elf" @"objects.list"   -lm
Finished building target: AdvanceAlarm.elf
 
make --no-print-directory post-build
Generating binary and Printing size information:
arm-none-eabi-objcopy -O binary "AdvanceAlarm.elf" "AdvanceAlarm.bin"
arm-none-eabi-size "AdvanceAlarm.elf"
   text	   data	    bss	    dec	    hex	filename
   1240	   1088	   1088	   3416	    d58	AdvanceAlarm.elf
 
01:41:56 **** Incremental Build of configuration Debug for project AdvanceAlarm ****
make -j4 all 
Building file: ../src/main.c
Invoking: MCU GCC Compiler
D:\MyFile\Engineering\microprocessor\nctu\Project\AdvanceAlarm\Debug
arm-none-eabi-gcc -mcpu=cortex-m4 -mthumb -mfloat-abi=hard -mfpu=fpv4-sp-d16 -DSTM32 -DSTM32L4 -DSTM32L476RGTx -DNUCLEO_L476RG -DDEBUG -ID:/MyFile/Engineering/microprocessor/nctu/Project/AdvanceAlarm/inc -O0 -g3 -Wall -fmessage-length=0 -ffunction-sections -c -MMD -MP -MF"src/main.d" -MT"src/main.o" -o "src/main.o" "../src/main.c"
In file included from ../src/main.c:2:0:
../src/utility.h: In function 'HCSR04GetDistance':
../src/utility.h:122:6: warning: variable 'timeval' set but not used [-Wunused-but-set-variable]
  int timeval;
      ^~~~~~~
Finished building: ../src/main.c
 
Building target: AdvanceAlarm.elf
Invoking: MCU GCC Linker
arm-none-eabi-gcc -mcpu=cortex-m4 -mthumb -mfloat-abi=hard -mfpu=fpv4-sp-d16 -T"D:/MyFile/Engineering/microprocessor/nctu/Project/AdvanceAlarm/LinkerScript.ld" -Wl,-Map=output.map -Wl,--gc-sections -o "AdvanceAlarm.elf" @"objects.list"   -lm
Finished building target: AdvanceAlarm.elf
 
make --no-print-directory post-build
Generating binary and Printing size information:
arm-none-eabi-objcopy -O binary "AdvanceAlarm.elf" "AdvanceAlarm.bin"
arm-none-eabi-size "AdvanceAlarm.elf"
   text	   data	    bss	    dec	    hex	filename
   1240	   1088	   1088	   3416	    d58	AdvanceAlarm.elf
 
01:42:12 **** Incremental Build of configuration Debug for project AdvanceAlarm ****
make -j4 all 
make: Nothing to be done for 'all'.
01:42:22 **** Incremental Build of configuration Debug for project AdvanceAlarm ****
make -j4 all 
make: Nothing to be done for 'all'.
01:42:31 **** Incremental Build of configuration Debug for project AdvanceAlarm ****
make -j4 all 
make: Nothing to be done for 'all'.
01:42:41 **** Incremental Build of configuration Debug for project AdvanceAlarm ****
make -j4 all 
make: Nothing to be done for 'all'.
01:42:51 **** Incremental Build of configuration Debug for project AdvanceAlarm ****
make -j4 all 
make: Nothing to be done for 'all'.
01:43:00 **** Incremental Build of configuration Debug for project AdvanceAlarm ****
make -j4 all 
make: Nothing to be done for 'all'.
01:43:07 **** Incremental Build of configuration Debug for project AdvanceAlarm ****
make -j4 all 
make: Nothing to be done for 'all'.
01:43:15 **** Incremental Build of configuration Debug for project AdvanceAlarm ****
make -j4 all 
make: Nothing to be done for 'all'.
12:59:57 **** Incremental Build of configuration Debug for project AdvanceAlarm ****
make -j4 all 
Building file: ../src/main.c
Building file: ../src/utility.s
Invoking: MCU GCC Assembler
Invoking: MCU GCC Compiler
D:\MyFile\Engineering\microprocessor\nctu\Project\AdvanceAlarm\Debug
D:\MyFile\Engineering\microprocessor\nctu\Project\AdvanceAlarm\Debug
arm-none-eabi-gcc -mcpu=cortex-m4 -mthumb -mfloat-abi=hard -mfpu=fpv4-sp-d16 -DSTM32 -DSTM32L4 -DSTM32L476RGTx -DNUCLEO_L476RG -DDEBUG -ID:/MyFile/Engineering/microprocessor/nctu/Project/AdvanceAlarm/inc -O0 -g3 -Wall -fmessage-length=0 -ffunction-sections -c -MMD -MP -MF"src/main.d" -MT"src/main.o" -o "src/main.o" "../src/main.c"
arm-none-eabi-as -mcpu=cortex-m4 -mthumb -mfloat-abi=hard -mfpu=fpv4-sp-d16 -g -o "src/utility.o" "../src/utility.s"
Finished building: ../src/utility.s
 
In file included from ../src/main.c:2:0:
../src/utility.h: In function 'HCSR04GetDistance':
../src/utility.h:166:6: warning: variable 'timeval' set but not used [-Wunused-but-set-variable]
  int timeval;
      ^~~~~~~
Finished building: ../src/main.c
 
Building target: AdvanceAlarm.elf
Invoking: MCU GCC Linker
arm-none-eabi-gcc -mcpu=cortex-m4 -mthumb -mfloat-abi=hard -mfpu=fpv4-sp-d16 -T"D:/MyFile/Engineering/microprocessor/nctu/Project/AdvanceAlarm/LinkerScript.ld" -Wl,-Map=output.map -Wl,--gc-sections -o "AdvanceAlarm.elf" @"objects.list"   -lm
Finished building target: AdvanceAlarm.elf
 
make --no-print-directory post-build
Generating binary and Printing size information:
arm-none-eabi-objcopy -O binary "AdvanceAlarm.elf" "AdvanceAlarm.bin"
arm-none-eabi-size "AdvanceAlarm.elf"
   text	   data	    bss	    dec	    hex	filename
   1320	   1088	   1088	   3496	    da8	AdvanceAlarm.elf
 
13:00:03 **** Incremental Build of configuration Debug for project AdvanceAlarm ****
make -j4 all 
make: Nothing to be done for 'all'.
13:00:05 **** Incremental Build of configuration Debug for project AdvanceAlarm ****
make -j4 all 
make: Nothing to be done for 'all'.
13:00:13 **** Incremental Build of configuration Debug for project AdvanceAlarm ****
make -j4 all 
Building file: ../src/main.c
Invoking: MCU GCC Compiler
D:\MyFile\Engineering\microprocessor\nctu\Project\AdvanceAlarm\Debug
arm-none-eabi-gcc -mcpu=cortex-m4 -mthumb -mfloat-abi=hard -mfpu=fpv4-sp-d16 -DSTM32 -DSTM32L4 -DSTM32L476RGTx -DNUCLEO_L476RG -DDEBUG -ID:/MyFile/Engineering/microprocessor/nctu/Project/AdvanceAlarm/inc -O0 -g3 -Wall -fmessage-length=0 -ffunction-sections -c -MMD -MP -MF"src/main.d" -MT"src/main.o" -o "src/main.o" "../src/main.c"
In file included from ../src/main.c:2:0:
../src/utility.h: In function 'HCSR04GetDistance':
../src/utility.h:166:6: warning: variable 'timeval' set but not used [-Wunused-but-set-variable]
  int timeval;
      ^~~~~~~
Finished building: ../src/main.c
 
Building target: AdvanceAlarm.elf
Invoking: MCU GCC Linker
arm-none-eabi-gcc -mcpu=cortex-m4 -mthumb -mfloat-abi=hard -mfpu=fpv4-sp-d16 -T"D:/MyFile/Engineering/microprocessor/nctu/Project/AdvanceAlarm/LinkerScript.ld" -Wl,-Map=output.map -Wl,--gc-sections -o "AdvanceAlarm.elf" @"objects.list"   -lm
Finished building target: AdvanceAlarm.elf
 
make --no-print-directory post-build
Generating binary and Printing size information:
arm-none-eabi-objcopy -O binary "AdvanceAlarm.elf" "AdvanceAlarm.bin"
arm-none-eabi-size "AdvanceAlarm.elf"
   text	   data	    bss	    dec	    hex	filename
   1320	   1088	   1088	   3496	    da8	AdvanceAlarm.elf
 
13:03:23 **** Incremental Build of configuration Debug for project AdvanceAlarm ****
make -j4 all 
make: Nothing to be done for 'all'.
13:11:18 **** Incremental Build of configuration Debug for project AdvanceAlarm ****
make -j4 all 
Building file: ../src/main.c
Invoking: MCU GCC Compiler
D:\MyFile\Engineering\microprocessor\nctu\Project\AdvanceAlarm\Debug
arm-none-eabi-gcc -mcpu=cortex-m4 -mthumb -mfloat-abi=hard -mfpu=fpv4-sp-d16 -DSTM32 -DSTM32L4 -DSTM32L476RGTx -DNUCLEO_L476RG -DDEBUG -ID:/MyFile/Engineering/microprocessor/nctu/Project/AdvanceAlarm/inc -O0 -g3 -Wall -fmessage-length=0 -ffunction-sections -c -MMD -MP -MF"src/main.d" -MT"src/main.o" -o "src/main.o" "../src/main.c"
In file included from ../src/main.c:2:0:
../src/utility.h: In function 'HCSR04GetDistance':
../src/utility.h:166:6: warning: variable 'timeval' set but not used [-Wunused-but-set-variable]
  int timeval;
      ^~~~~~~
Finished building: ../src/main.c
 
Building target: AdvanceAlarm.elf
Invoking: MCU GCC Linker
arm-none-eabi-gcc -mcpu=cortex-m4 -mthumb -mfloat-abi=hard -mfpu=fpv4-sp-d16 -T"D:/MyFile/Engineering/microprocessor/nctu/Project/AdvanceAlarm/LinkerScript.ld" -Wl,-Map=output.map -Wl,--gc-sections -o "AdvanceAlarm.elf" @"objects.list"   -lm
Finished building target: AdvanceAlarm.elf
 
make --no-print-directory post-build
Generating binary and Printing size information:
arm-none-eabi-objcopy -O binary "AdvanceAlarm.elf" "AdvanceAlarm.bin"
arm-none-eabi-size "AdvanceAlarm.elf"
   text	   data	    bss	    dec	    hex	filename
   1336	   1088	   1088	   3512	    db8	AdvanceAlarm.elf
 
13:11:23 **** Incremental Build of configuration Debug for project AdvanceAlarm ****
make -j4 all 
make: Nothing to be done for 'all'.
13:11:30 **** Incremental Build of configuration Debug for project AdvanceAlarm ****
make -j4 all 
Building file: ../src/main.c
Invoking: MCU GCC Compiler
D:\MyFile\Engineering\microprocessor\nctu\Project\AdvanceAlarm\Debug
arm-none-eabi-gcc -mcpu=cortex-m4 -mthumb -mfloat-abi=hard -mfpu=fpv4-sp-d16 -DSTM32 -DSTM32L4 -DSTM32L476RGTx -DNUCLEO_L476RG -DDEBUG -ID:/MyFile/Engineering/microprocessor/nctu/Project/AdvanceAlarm/inc -O0 -g3 -Wall -fmessage-length=0 -ffunction-sections -c -MMD -MP -MF"src/main.d" -MT"src/main.o" -o "src/main.o" "../src/main.c"
In file included from ../src/main.c:2:0:
../src/utility.h: In function 'HCSR04GetDistance':
../src/utility.h:166:6: warning: variable 'timeval' set but not used [-Wunused-but-set-variable]
  int timeval;
      ^~~~~~~
Finished building: ../src/main.c
 
Building target: AdvanceAlarm.elf
Invoking: MCU GCC Linker
arm-none-eabi-gcc -mcpu=cortex-m4 -mthumb -mfloat-abi=hard -mfpu=fpv4-sp-d16 -T"D:/MyFile/Engineering/microprocessor/nctu/Project/AdvanceAlarm/LinkerScript.ld" -Wl,-Map=output.map -Wl,--gc-sections -o "AdvanceAlarm.elf" @"objects.list"   -lm
Finished building target: AdvanceAlarm.elf
 
make --no-print-directory post-build
Generating binary and Printing size information:
arm-none-eabi-objcopy -O binary "AdvanceAlarm.elf" "AdvanceAlarm.bin"
arm-none-eabi-size "AdvanceAlarm.elf"
   text	   data	    bss	    dec	    hex	filename
   1320	   1088	   1088	   3496	    da8	AdvanceAlarm.elf
 
13:11:36 **** Incremental Build of configuration Debug for project AdvanceAlarm ****
make -j4 all 
Building file: ../src/main.c
Invoking: MCU GCC Compiler
D:\MyFile\Engineering\microprocessor\nctu\Project\AdvanceAlarm\Debug
arm-none-eabi-gcc -mcpu=cortex-m4 -mthumb -mfloat-abi=hard -mfpu=fpv4-sp-d16 -DSTM32 -DSTM32L4 -DSTM32L476RGTx -DNUCLEO_L476RG -DDEBUG -ID:/MyFile/Engineering/microprocessor/nctu/Project/AdvanceAlarm/inc -O0 -g3 -Wall -fmessage-length=0 -ffunction-sections -c -MMD -MP -MF"src/main.d" -MT"src/main.o" -o "src/main.o" "../src/main.c"
In file included from ../src/main.c:2:0:
../src/utility.h: In function 'HCSR04GetDistance':
../src/utility.h:166:6: warning: variable 'timeval' set but not used [-Wunused-but-set-variable]
  int timeval;
      ^~~~~~~
Finished building: ../src/main.c
 
Building target: AdvanceAlarm.elf
Invoking: MCU GCC Linker
arm-none-eabi-gcc -mcpu=cortex-m4 -mthumb -mfloat-abi=hard -mfpu=fpv4-sp-d16 -T"D:/MyFile/Engineering/microprocessor/nctu/Project/AdvanceAlarm/LinkerScript.ld" -Wl,-Map=output.map -Wl,--gc-sections -o "AdvanceAlarm.elf" @"objects.list"   -lm
Finished building target: AdvanceAlarm.elf
 
make --no-print-directory post-build
Generating binary and Printing size information:
arm-none-eabi-objcopy -O binary "AdvanceAlarm.elf" "AdvanceAlarm.bin"
arm-none-eabi-size "AdvanceAlarm.elf"
   text	   data	    bss	    dec	    hex	filename
   1336	   1088	   1088	   3512	    db8	AdvanceAlarm.elf
 
13:12:10 **** Incremental Build of configuration Debug for project AdvanceAlarm ****
make -j4 all 
Building file: ../src/main.c
Invoking: MCU GCC Compiler
D:\MyFile\Engineering\microprocessor\nctu\Project\AdvanceAlarm\Debug
arm-none-eabi-gcc -mcpu=cortex-m4 -mthumb -mfloat-abi=hard -mfpu=fpv4-sp-d16 -DSTM32 -DSTM32L4 -DSTM32L476RGTx -DNUCLEO_L476RG -DDEBUG -ID:/MyFile/Engineering/microprocessor/nctu/Project/AdvanceAlarm/inc -O0 -g3 -Wall -fmessage-length=0 -ffunction-sections -c -MMD -MP -MF"src/main.d" -MT"src/main.o" -o "src/main.o" "../src/main.c"
In file included from ../src/main.c:2:0:
../src/utility.h: In function 'HCSR04GetDistance':
../src/utility.h:166:6: warning: variable 'timeval' set but not used [-Wunused-but-set-variable]
  int timeval;
      ^~~~~~~
../src/main.c: In function 'main':
../src/main.c:22:8: warning: the address of 'PressDetection' will always evaluate as 'true' [-Waddress]
  while(PressDetection) TIM2->CR1 &= ~TIM_CR1_CEN;
        ^~~~~~~~~~~~~~
Finished building: ../src/main.c
 
Building target: AdvanceAlarm.elf
Invoking: MCU GCC Linker
arm-none-eabi-gcc -mcpu=cortex-m4 -mthumb -mfloat-abi=hard -mfpu=fpv4-sp-d16 -T"D:/MyFile/Engineering/microprocessor/nctu/Project/AdvanceAlarm/LinkerScript.ld" -Wl,-Map=output.map -Wl,--gc-sections -o "AdvanceAlarm.elf" @"objects.list"   -lm
Finished building target: AdvanceAlarm.elf
 
make --no-print-directory post-build
Generating binary and Printing size information:
arm-none-eabi-objcopy -O binary "AdvanceAlarm.elf" "AdvanceAlarm.bin"
arm-none-eabi-size "AdvanceAlarm.elf"
   text	   data	    bss	    dec	    hex	filename
   1336	   1088	   1088	   3512	    db8	AdvanceAlarm.elf
 
13:12:44 **** Incremental Build of configuration Debug for project AdvanceAlarm ****
make -j4 all 
Building file: ../src/main.c
Invoking: MCU GCC Compiler
D:\MyFile\Engineering\microprocessor\nctu\Project\AdvanceAlarm\Debug
arm-none-eabi-gcc -mcpu=cortex-m4 -mthumb -mfloat-abi=hard -mfpu=fpv4-sp-d16 -DSTM32 -DSTM32L4 -DSTM32L476RGTx -DNUCLEO_L476RG -DDEBUG -ID:/MyFile/Engineering/microprocessor/nctu/Project/AdvanceAlarm/inc -O0 -g3 -Wall -fmessage-length=0 -ffunction-sections -c -MMD -MP -MF"src/main.d" -MT"src/main.o" -o "src/main.o" "../src/main.c"
In file included from ../src/main.c:2:0:
../src/utility.h: In function 'HCSR04GetDistance':
../src/utility.h:166:6: warning: variable 'timeval' set but not used [-Wunused-but-set-variable]
  int timeval;
      ^~~~~~~
Finished building: ../src/main.c
 
Building target: AdvanceAlarm.elf
Invoking: MCU GCC Linker
arm-none-eabi-gcc -mcpu=cortex-m4 -mthumb -mfloat-abi=hard -mfpu=fpv4-sp-d16 -T"D:/MyFile/Engineering/microprocessor/nctu/Project/AdvanceAlarm/LinkerScript.ld" -Wl,-Map=output.map -Wl,--gc-sections -o "AdvanceAlarm.elf" @"objects.list"   -lm
Finished building target: AdvanceAlarm.elf
 
make --no-print-directory post-build
Generating binary and Printing size information:
arm-none-eabi-objcopy -O binary "AdvanceAlarm.elf" "AdvanceAlarm.bin"
arm-none-eabi-size "AdvanceAlarm.elf"
   text	   data	    bss	    dec	    hex	filename
   1408	   1088	   1088	   3584	    e00	AdvanceAlarm.elf
 
13:13:41 **** Incremental Build of configuration Debug for project AdvanceAlarm ****
make -j4 all 
Building file: ../src/main.c
Invoking: MCU GCC Compiler
D:\MyFile\Engineering\microprocessor\nctu\Project\AdvanceAlarm\Debug
arm-none-eabi-gcc -mcpu=cortex-m4 -mthumb -mfloat-abi=hard -mfpu=fpv4-sp-d16 -DSTM32 -DSTM32L4 -DSTM32L476RGTx -DNUCLEO_L476RG -DDEBUG -ID:/MyFile/Engineering/microprocessor/nctu/Project/AdvanceAlarm/inc -O0 -g3 -Wall -fmessage-length=0 -ffunction-sections -c -MMD -MP -MF"src/main.d" -MT"src/main.o" -o "src/main.o" "../src/main.c"
In file included from ../src/main.c:2:0:
../src/utility.h: In function 'HCSR04GetDistance':
../src/utility.h:166:6: warning: variable 'timeval' set but not used [-Wunused-but-set-variable]
  int timeval;
      ^~~~~~~
Finished building: ../src/main.c
 
Building target: AdvanceAlarm.elf
Invoking: MCU GCC Linker
arm-none-eabi-gcc -mcpu=cortex-m4 -mthumb -mfloat-abi=hard -mfpu=fpv4-sp-d16 -T"D:/MyFile/Engineering/microprocessor/nctu/Project/AdvanceAlarm/LinkerScript.ld" -Wl,-Map=output.map -Wl,--gc-sections -o "AdvanceAlarm.elf" @"objects.list"   -lm
Finished building target: AdvanceAlarm.elf
 
make --no-print-directory post-build
Generating binary and Printing size information:
arm-none-eabi-objcopy -O binary "AdvanceAlarm.elf" "AdvanceAlarm.bin"
arm-none-eabi-size "AdvanceAlarm.elf"
   text	   data	    bss	    dec	    hex	filename
   1432	   1088	   1088	   3608	    e18	AdvanceAlarm.elf
 
13:14:39 **** Incremental Build of configuration Debug for project AdvanceAlarm ****
make -j4 all 
Building file: ../src/main.c
Invoking: MCU GCC Compiler
D:\MyFile\Engineering\microprocessor\nctu\Project\AdvanceAlarm\Debug
arm-none-eabi-gcc -mcpu=cortex-m4 -mthumb -mfloat-abi=hard -mfpu=fpv4-sp-d16 -DSTM32 -DSTM32L4 -DSTM32L476RGTx -DNUCLEO_L476RG -DDEBUG -ID:/MyFile/Engineering/microprocessor/nctu/Project/AdvanceAlarm/inc -O0 -g3 -Wall -fmessage-length=0 -ffunction-sections -c -MMD -MP -MF"src/main.d" -MT"src/main.o" -o "src/main.o" "../src/main.c"
In file included from ../src/main.c:2:0:
../src/utility.h: In function 'HCSR04GetDistance':
../src/utility.h:166:6: warning: variable 'timeval' set but not used [-Wunused-but-set-variable]
  int timeval;
      ^~~~~~~
Finished building: ../src/main.c
 
Building target: AdvanceAlarm.elf
Invoking: MCU GCC Linker
arm-none-eabi-gcc -mcpu=cortex-m4 -mthumb -mfloat-abi=hard -mfpu=fpv4-sp-d16 -T"D:/MyFile/Engineering/microprocessor/nctu/Project/AdvanceAlarm/LinkerScript.ld" -Wl,-Map=output.map -Wl,--gc-sections -o "AdvanceAlarm.elf" @"objects.list"   -lm
Finished building target: AdvanceAlarm.elf
 
make --no-print-directory post-build
Generating binary and Printing size information:
arm-none-eabi-objcopy -O binary "AdvanceAlarm.elf" "AdvanceAlarm.bin"
arm-none-eabi-size "AdvanceAlarm.elf"
   text	   data	    bss	    dec	    hex	filename
   1376	   1088	   1088	   3552	    de0	AdvanceAlarm.elf
 
13:14:50 **** Incremental Build of configuration Debug for project AdvanceAlarm ****
make -j4 all 
make: Nothing to be done for 'all'.
13:15:01 **** Incremental Build of configuration Debug for project AdvanceAlarm ****
make -j4 all 
make: Nothing to be done for 'all'.
13:15:10 **** Incremental Build of configuration Debug for project AdvanceAlarm ****
make -j4 all 
make: Nothing to be done for 'all'.
13:15:19 **** Incremental Build of configuration Debug for project AdvanceAlarm ****
make -j4 all 
make: Nothing to be done for 'all'.
13:15:29 **** Incremental Build of configuration Debug for project AdvanceAlarm ****
make -j4 all 
make: Nothing to be done for 'all'.
13:15:39 **** Incremental Build of configuration Debug for project AdvanceAlarm ****
make -j4 all 
make: Nothing to be done for 'all'.
13:15:47 **** Incremental Build of configuration Debug for project AdvanceAlarm ****
make -j4 all 
make: Nothing to be done for 'all'.
13:17:39 **** Incremental Build of configuration Debug for project AdvanceAlarm ****
make -j4 all 
Building file: ../src/main.c
Invoking: MCU GCC Compiler
D:\MyFile\Engineering\microprocessor\nctu\Project\AdvanceAlarm\Debug
arm-none-eabi-gcc -mcpu=cortex-m4 -mthumb -mfloat-abi=hard -mfpu=fpv4-sp-d16 -DSTM32 -DSTM32L4 -DSTM32L476RGTx -DNUCLEO_L476RG -DDEBUG -ID:/MyFile/Engineering/microprocessor/nctu/Project/AdvanceAlarm/inc -O0 -g3 -Wall -fmessage-length=0 -ffunction-sections -c -MMD -MP -MF"src/main.d" -MT"src/main.o" -o "src/main.o" "../src/main.c"
In file included from ../src/main.c:2:0:
../src/utility.h: In function 'HCSR04GetDistance':
../src/utility.h:166:6: warning: variable 'timeval' set but not used [-Wunused-but-set-variable]
  int timeval;
      ^~~~~~~
Finished building: ../src/main.c
 
Building target: AdvanceAlarm.elf
Invoking: MCU GCC Linker
arm-none-eabi-gcc -mcpu=cortex-m4 -mthumb -mfloat-abi=hard -mfpu=fpv4-sp-d16 -T"D:/MyFile/Engineering/microprocessor/nctu/Project/AdvanceAlarm/LinkerScript.ld" -Wl,-Map=output.map -Wl,--gc-sections -o "AdvanceAlarm.elf" @"objects.list"   -lm
Finished building target: AdvanceAlarm.elf
 
make --no-print-directory post-build
Generating binary and Printing size information:
arm-none-eabi-objcopy -O binary "AdvanceAlarm.elf" "AdvanceAlarm.bin"
arm-none-eabi-size "AdvanceAlarm.elf"
   text	   data	    bss	    dec	    hex	filename
   1408	   1088	   1088	   3584	    e00	AdvanceAlarm.elf
 
13:18:46 **** Incremental Build of configuration Debug for project AdvanceAlarm ****
make -j4 all 
Building file: ../src/main.c
Invoking: MCU GCC Compiler
D:\MyFile\Engineering\microprocessor\nctu\Project\AdvanceAlarm\Debug
arm-none-eabi-gcc -mcpu=cortex-m4 -mthumb -mfloat-abi=hard -mfpu=fpv4-sp-d16 -DSTM32 -DSTM32L4 -DSTM32L476RGTx -DNUCLEO_L476RG -DDEBUG -ID:/MyFile/Engineering/microprocessor/nctu/Project/AdvanceAlarm/inc -O0 -g3 -Wall -fmessage-length=0 -ffunction-sections -c -MMD -MP -MF"src/main.d" -MT"src/main.o" -o "src/main.o" "../src/main.c"
In file included from ../src/main.c:2:0:
../src/utility.h: In function 'HCSR04GetDistance':
../src/utility.h:166:6: warning: variable 'timeval' set but not used [-Wunused-but-set-variable]
  int timeval;
      ^~~~~~~
Finished building: ../src/main.c
 
Building target: AdvanceAlarm.elf
Invoking: MCU GCC Linker
arm-none-eabi-gcc -mcpu=cortex-m4 -mthumb -mfloat-abi=hard -mfpu=fpv4-sp-d16 -T"D:/MyFile/Engineering/microprocessor/nctu/Project/AdvanceAlarm/LinkerScript.ld" -Wl,-Map=output.map -Wl,--gc-sections -o "AdvanceAlarm.elf" @"objects.list"   -lm
Finished building target: AdvanceAlarm.elf
 
make --no-print-directory post-build
Generating binary and Printing size information:
arm-none-eabi-objcopy -O binary "AdvanceAlarm.elf" "AdvanceAlarm.bin"
arm-none-eabi-size "AdvanceAlarm.elf"
   text	   data	    bss	    dec	    hex	filename
   1472	   1088	   1088	   3648	    e40	AdvanceAlarm.elf
 
13:19:01 **** Incremental Build of configuration Debug for project AdvanceAlarm ****
make -j4 all 
make: Nothing to be done for 'all'.
13:20:56 **** Incremental Build of configuration Debug for project AdvanceAlarm ****
make -j4 all 
Building file: ../src/main.c
Invoking: MCU GCC Compiler
D:\MyFile\Engineering\microprocessor\nctu\Project\AdvanceAlarm\Debug
arm-none-eabi-gcc -mcpu=cortex-m4 -mthumb -mfloat-abi=hard -mfpu=fpv4-sp-d16 -DSTM32 -DSTM32L4 -DSTM32L476RGTx -DNUCLEO_L476RG -DDEBUG -ID:/MyFile/Engineering/microprocessor/nctu/Project/AdvanceAlarm/inc -O0 -g3 -Wall -fmessage-length=0 -ffunction-sections -c -MMD -MP -MF"src/main.d" -MT"src/main.o" -o "src/main.o" "../src/main.c"
In file included from ../src/main.c:2:0:
../src/utility.h: In function 'HCSR04GetDistance':
../src/utility.h:167:6: warning: variable 'timeval' set but not used [-Wunused-but-set-variable]
  int timeval;
      ^~~~~~~
Finished building: ../src/main.c
 
Building target: AdvanceAlarm.elf
Invoking: MCU GCC Linker
arm-none-eabi-gcc -mcpu=cortex-m4 -mthumb -mfloat-abi=hard -mfpu=fpv4-sp-d16 -T"D:/MyFile/Engineering/microprocessor/nctu/Project/AdvanceAlarm/LinkerScript.ld" -Wl,-Map=output.map -Wl,--gc-sections -o "AdvanceAlarm.elf" @"objects.list"   -lm
Finished building target: AdvanceAlarm.elf
 
make --no-print-directory post-build
Generating binary and Printing size information:
arm-none-eabi-objcopy -O binary "AdvanceAlarm.elf" "AdvanceAlarm.bin"
arm-none-eabi-size "AdvanceAlarm.elf"
   text	   data	    bss	    dec	    hex	filename
   2752	   1088	   1088	   4928	   1340	AdvanceAlarm.elf
 
13:21:50 **** Incremental Build of configuration Debug for project AdvanceAlarm ****
make -j4 all 
Building file: ../src/main.c
Invoking: MCU GCC Compiler
D:\MyFile\Engineering\microprocessor\nctu\Project\AdvanceAlarm\Debug
arm-none-eabi-gcc -mcpu=cortex-m4 -mthumb -mfloat-abi=hard -mfpu=fpv4-sp-d16 -DSTM32 -DSTM32L4 -DSTM32L476RGTx -DNUCLEO_L476RG -DDEBUG -ID:/MyFile/Engineering/microprocessor/nctu/Project/AdvanceAlarm/inc -O0 -g3 -Wall -fmessage-length=0 -ffunction-sections -c -MMD -MP -MF"src/main.d" -MT"src/main.o" -o "src/main.o" "../src/main.c"
In file included from ../src/main.c:2:0:
../src/utility.h: In function 'HCSR04GetDistance':
../src/utility.h:167:6: warning: variable 'timeval' set but not used [-Wunused-but-set-variable]
  int timeval;
      ^~~~~~~
Finished building: ../src/main.c
 
Building target: AdvanceAlarm.elf
Invoking: MCU GCC Linker
arm-none-eabi-gcc -mcpu=cortex-m4 -mthumb -mfloat-abi=hard -mfpu=fpv4-sp-d16 -T"D:/MyFile/Engineering/microprocessor/nctu/Project/AdvanceAlarm/LinkerScript.ld" -Wl,-Map=output.map -Wl,--gc-sections -o "AdvanceAlarm.elf" @"objects.list"   -lm
Finished building target: AdvanceAlarm.elf
 
make --no-print-directory post-build
Generating binary and Printing size information:
arm-none-eabi-objcopy -O binary "AdvanceAlarm.elf" "AdvanceAlarm.bin"
arm-none-eabi-size "AdvanceAlarm.elf"
   text	   data	    bss	    dec	    hex	filename
   2776	   1088	   1088	   4952	   1358	AdvanceAlarm.elf
 
13:22:33 **** Incremental Build of configuration Debug for project AdvanceAlarm ****
make -j4 all 
make: Nothing to be done for 'all'.
13:24:22 **** Incremental Build of configuration Debug for project AdvanceAlarm ****
make -j4 all 
Building file: ../src/main.c
Invoking: MCU GCC Compiler
D:\MyFile\Engineering\microprocessor\nctu\Project\AdvanceAlarm\Debug
arm-none-eabi-gcc -mcpu=cortex-m4 -mthumb -mfloat-abi=hard -mfpu=fpv4-sp-d16 -DSTM32 -DSTM32L4 -DSTM32L476RGTx -DNUCLEO_L476RG -DDEBUG -ID:/MyFile/Engineering/microprocessor/nctu/Project/AdvanceAlarm/inc -O0 -g3 -Wall -fmessage-length=0 -ffunction-sections -c -MMD -MP -MF"src/main.d" -MT"src/main.o" -o "src/main.o" "../src/main.c"
In file included from ../src/main.c:2:0:
../src/utility.h: In function 'HCSR04GetDistance':
../src/utility.h:166:6: warning: variable 'timeval' set but not used [-Wunused-but-set-variable]
  int timeval;
      ^~~~~~~
Finished building: ../src/main.c
 
Building target: AdvanceAlarm.elf
Invoking: MCU GCC Linker
arm-none-eabi-gcc -mcpu=cortex-m4 -mthumb -mfloat-abi=hard -mfpu=fpv4-sp-d16 -T"D:/MyFile/Engineering/microprocessor/nctu/Project/AdvanceAlarm/LinkerScript.ld" -Wl,-Map=output.map -Wl,--gc-sections -o "AdvanceAlarm.elf" @"objects.list"   -lm
Finished building target: AdvanceAlarm.elf
 
make --no-print-directory post-build
Generating binary and Printing size information:
arm-none-eabi-objcopy -O binary "AdvanceAlarm.elf" "AdvanceAlarm.bin"
arm-none-eabi-size "AdvanceAlarm.elf"
   text	   data	    bss	    dec	    hex	filename
   2776	   1088	   1088	   4952	   1358	AdvanceAlarm.elf
 
13:24:29 **** Incremental Build of configuration Debug for project AdvanceAlarm ****
make -j4 all 
Building file: ../src/main.c
Invoking: MCU GCC Compiler
D:\MyFile\Engineering\microprocessor\nctu\Project\AdvanceAlarm\Debug
arm-none-eabi-gcc -mcpu=cortex-m4 -mthumb -mfloat-abi=hard -mfpu=fpv4-sp-d16 -DSTM32 -DSTM32L4 -DSTM32L476RGTx -DNUCLEO_L476RG -DDEBUG -ID:/MyFile/Engineering/microprocessor/nctu/Project/AdvanceAlarm/inc -O0 -g3 -Wall -fmessage-length=0 -ffunction-sections -c -MMD -MP -MF"src/main.d" -MT"src/main.o" -o "src/main.o" "../src/main.c"
In file included from ../src/main.c:2:0:
../src/utility.h: In function 'HCSR04GetDistance':
../src/utility.h:166:6: warning: variable 'timeval' set but not used [-Wunused-but-set-variable]
  int timeval;
      ^~~~~~~
Finished building: ../src/main.c
 
Building target: AdvanceAlarm.elf
Invoking: MCU GCC Linker
arm-none-eabi-gcc -mcpu=cortex-m4 -mthumb -mfloat-abi=hard -mfpu=fpv4-sp-d16 -T"D:/MyFile/Engineering/microprocessor/nctu/Project/AdvanceAlarm/LinkerScript.ld" -Wl,-Map=output.map -Wl,--gc-sections -o "AdvanceAlarm.elf" @"objects.list"   -lm
Finished building target: AdvanceAlarm.elf
 
make --no-print-directory post-build
Generating binary and Printing size information:
arm-none-eabi-objcopy -O binary "AdvanceAlarm.elf" "AdvanceAlarm.bin"
arm-none-eabi-size "AdvanceAlarm.elf"
   text	   data	    bss	    dec	    hex	filename
   2792	   1088	   1088	   4968	   1368	AdvanceAlarm.elf
 
13:24:46 **** Incremental Build of configuration Debug for project AdvanceAlarm ****
make -j4 all 
Building file: ../src/main.c
Invoking: MCU GCC Compiler
D:\MyFile\Engineering\microprocessor\nctu\Project\AdvanceAlarm\Debug
arm-none-eabi-gcc -mcpu=cortex-m4 -mthumb -mfloat-abi=hard -mfpu=fpv4-sp-d16 -DSTM32 -DSTM32L4 -DSTM32L476RGTx -DNUCLEO_L476RG -DDEBUG -ID:/MyFile/Engineering/microprocessor/nctu/Project/AdvanceAlarm/inc -O0 -g3 -Wall -fmessage-length=0 -ffunction-sections -c -MMD -MP -MF"src/main.d" -MT"src/main.o" -o "src/main.o" "../src/main.c"
In file included from ../src/main.c:2:0:
../src/utility.h: In function 'HCSR04GetDistance':
../src/utility.h:166:6: warning: variable 'timeval' set but not used [-Wunused-but-set-variable]
  int timeval;
      ^~~~~~~
Finished building: ../src/main.c
 
Building target: AdvanceAlarm.elf
Invoking: MCU GCC Linker
arm-none-eabi-gcc -mcpu=cortex-m4 -mthumb -mfloat-abi=hard -mfpu=fpv4-sp-d16 -T"D:/MyFile/Engineering/microprocessor/nctu/Project/AdvanceAlarm/LinkerScript.ld" -Wl,-Map=output.map -Wl,--gc-sections -o "AdvanceAlarm.elf" @"objects.list"   -lm
Finished building target: AdvanceAlarm.elf
 
make --no-print-directory post-build
Generating binary and Printing size information:
arm-none-eabi-objcopy -O binary "AdvanceAlarm.elf" "AdvanceAlarm.bin"
arm-none-eabi-size "AdvanceAlarm.elf"
   text	   data	    bss	    dec	    hex	filename
   2760	   1088	   1088	   4936	   1348	AdvanceAlarm.elf
 
13:25:06 **** Incremental Build of configuration Debug for project AdvanceAlarm ****
make -j4 all 
Building file: ../src/main.c
Invoking: MCU GCC Compiler
D:\MyFile\Engineering\microprocessor\nctu\Project\AdvanceAlarm\Debug
arm-none-eabi-gcc -mcpu=cortex-m4 -mthumb -mfloat-abi=hard -mfpu=fpv4-sp-d16 -DSTM32 -DSTM32L4 -DSTM32L476RGTx -DNUCLEO_L476RG -DDEBUG -ID:/MyFile/Engineering/microprocessor/nctu/Project/AdvanceAlarm/inc -O0 -g3 -Wall -fmessage-length=0 -ffunction-sections -c -MMD -MP -MF"src/main.d" -MT"src/main.o" -o "src/main.o" "../src/main.c"
In file included from ../src/main.c:2:0:
../src/utility.h: In function 'HCSR04GetDistance':
../src/utility.h:166:6: warning: variable 'timeval' set but not used [-Wunused-but-set-variable]
  int timeval;
      ^~~~~~~
Finished building: ../src/main.c
 
Building target: AdvanceAlarm.elf
Invoking: MCU GCC Linker
arm-none-eabi-gcc -mcpu=cortex-m4 -mthumb -mfloat-abi=hard -mfpu=fpv4-sp-d16 -T"D:/MyFile/Engineering/microprocessor/nctu/Project/AdvanceAlarm/LinkerScript.ld" -Wl,-Map=output.map -Wl,--gc-sections -o "AdvanceAlarm.elf" @"objects.list"   -lm
Finished building target: AdvanceAlarm.elf
 
make --no-print-directory post-build
Generating binary and Printing size information:
arm-none-eabi-objcopy -O binary "AdvanceAlarm.elf" "AdvanceAlarm.bin"
arm-none-eabi-size "AdvanceAlarm.elf"
   text	   data	    bss	    dec	    hex	filename
   2680	   1088	   1088	   4856	   12f8	AdvanceAlarm.elf
 
13:25:13 **** Incremental Build of configuration Debug for project AdvanceAlarm ****
make -j4 all 
make: Nothing to be done for 'all'.
13:25:22 **** Incremental Build of configuration Debug for project AdvanceAlarm ****
make -j4 all 
make: Nothing to be done for 'all'.
13:25:32 **** Incremental Build of configuration Debug for project AdvanceAlarm ****
make -j4 all 
make: Nothing to be done for 'all'.
13:27:06 **** Incremental Build of configuration Debug for project AdvanceAlarm ****
make -j4 all 
make: Nothing to be done for 'all'.
13:28:23 **** Incremental Build of configuration Debug for project AdvanceAlarm ****
make -j4 all 
make: Nothing to be done for 'all'.
13:31:24 **** Incremental Build of configuration Debug for project AdvanceAlarm ****
make -j4 all 
Building file: ../src/main.c
Invoking: MCU GCC Compiler
D:\MyFile\Engineering\microprocessor\nctu\Project\AdvanceAlarm\Debug
arm-none-eabi-gcc -mcpu=cortex-m4 -mthumb -mfloat-abi=hard -mfpu=fpv4-sp-d16 -DSTM32 -DSTM32L4 -DSTM32L476RGTx -DNUCLEO_L476RG -DDEBUG -ID:/MyFile/Engineering/microprocessor/nctu/Project/AdvanceAlarm/inc -O0 -g3 -Wall -fmessage-length=0 -ffunction-sections -c -MMD -MP -MF"src/main.d" -MT"src/main.o" -o "src/main.o" "../src/main.c"
In file included from ../src/main.c:2:0:
../src/utility.h: In function 'HCSR04GetDistance':
../src/utility.h:166:6: warning: variable 'timeval' set but not used [-Wunused-but-set-variable]
  int timeval;
      ^~~~~~~
Finished building: ../src/main.c
 
Building target: AdvanceAlarm.elf
Invoking: MCU GCC Linker
arm-none-eabi-gcc -mcpu=cortex-m4 -mthumb -mfloat-abi=hard -mfpu=fpv4-sp-d16 -T"D:/MyFile/Engineering/microprocessor/nctu/Project/AdvanceAlarm/LinkerScript.ld" -Wl,-Map=output.map -Wl,--gc-sections -o "AdvanceAlarm.elf" @"objects.list"   -lm
Finished building target: AdvanceAlarm.elf
 
make --no-print-directory post-build
Generating binary and Printing size information:
arm-none-eabi-objcopy -O binary "AdvanceAlarm.elf" "AdvanceAlarm.bin"
arm-none-eabi-size "AdvanceAlarm.elf"
   text	   data	    bss	    dec	    hex	filename
   2632	   1088	   1088	   4808	   12c8	AdvanceAlarm.elf
 
13:31:29 **** Incremental Build of configuration Debug for project AdvanceAlarm ****
make -j4 all 
make: Nothing to be done for 'all'.
13:31:31 **** Incremental Build of configuration Debug for project AdvanceAlarm ****
make -j4 all 
make: Nothing to be done for 'all'.
13:31:39 **** Incremental Build of configuration Debug for project AdvanceAlarm ****
make -j4 all 
Building file: ../src/main.c
Invoking: MCU GCC Compiler
D:\MyFile\Engineering\microprocessor\nctu\Project\AdvanceAlarm\Debug
arm-none-eabi-gcc -mcpu=cortex-m4 -mthumb -mfloat-abi=hard -mfpu=fpv4-sp-d16 -DSTM32 -DSTM32L4 -DSTM32L476RGTx -DNUCLEO_L476RG -DDEBUG -ID:/MyFile/Engineering/microprocessor/nctu/Project/AdvanceAlarm/inc -O0 -g3 -Wall -fmessage-length=0 -ffunction-sections -c -MMD -MP -MF"src/main.d" -MT"src/main.o" -o "src/main.o" "../src/main.c"
In file included from ../src/main.c:2:0:
../src/utility.h: In function 'HCSR04GetDistance':
../src/utility.h:166:6: warning: variable 'timeval' set but not used [-Wunused-but-set-variable]
  int timeval;
      ^~~~~~~
Finished building: ../src/main.c
 
Building target: AdvanceAlarm.elf
Invoking: MCU GCC Linker
arm-none-eabi-gcc -mcpu=cortex-m4 -mthumb -mfloat-abi=hard -mfpu=fpv4-sp-d16 -T"D:/MyFile/Engineering/microprocessor/nctu/Project/AdvanceAlarm/LinkerScript.ld" -Wl,-Map=output.map -Wl,--gc-sections -o "AdvanceAlarm.elf" @"objects.list"   -lm
Finished building target: AdvanceAlarm.elf
 
make --no-print-directory post-build
Generating binary and Printing size information:
arm-none-eabi-objcopy -O binary "AdvanceAlarm.elf" "AdvanceAlarm.bin"
arm-none-eabi-size "AdvanceAlarm.elf"
   text	   data	    bss	    dec	    hex	filename
   2560	   1088	   1088	   4736	   1280	AdvanceAlarm.elf
 
13:32:14 **** Incremental Build of configuration Debug for project AdvanceAlarm ****
make -j4 all 
Building file: ../src/main.c
Invoking: MCU GCC Compiler
D:\MyFile\Engineering\microprocessor\nctu\Project\AdvanceAlarm\Debug
arm-none-eabi-gcc -mcpu=cortex-m4 -mthumb -mfloat-abi=hard -mfpu=fpv4-sp-d16 -DSTM32 -DSTM32L4 -DSTM32L476RGTx -DNUCLEO_L476RG -DDEBUG -ID:/MyFile/Engineering/microprocessor/nctu/Project/AdvanceAlarm/inc -O0 -g3 -Wall -fmessage-length=0 -ffunction-sections -c -MMD -MP -MF"src/main.d" -MT"src/main.o" -o "src/main.o" "../src/main.c"
In file included from ../src/main.c:2:0:
../src/utility.h: In function 'HCSR04GetDistance':
../src/utility.h:166:6: warning: variable 'timeval' set but not used [-Wunused-but-set-variable]
  int timeval;
      ^~~~~~~
Finished building: ../src/main.c
 
Building target: AdvanceAlarm.elf
Invoking: MCU GCC Linker
arm-none-eabi-gcc -mcpu=cortex-m4 -mthumb -mfloat-abi=hard -mfpu=fpv4-sp-d16 -T"D:/MyFile/Engineering/microprocessor/nctu/Project/AdvanceAlarm/LinkerScript.ld" -Wl,-Map=output.map -Wl,--gc-sections -o "AdvanceAlarm.elf" @"objects.list"   -lm
Finished building target: AdvanceAlarm.elf
 
make --no-print-directory post-build
Generating binary and Printing size information:
arm-none-eabi-objcopy -O binary "AdvanceAlarm.elf" "AdvanceAlarm.bin"
arm-none-eabi-size "AdvanceAlarm.elf"
   text	   data	    bss	    dec	    hex	filename
   2648	   1088	   1088	   4824	   12d8	AdvanceAlarm.elf
 
13:32:17 **** Incremental Build of configuration Debug for project AdvanceAlarm ****
make -j4 all 
make: Nothing to be done for 'all'.
13:32:53 **** Incremental Build of configuration Debug for project AdvanceAlarm ****
make -j4 all 
make: Nothing to be done for 'all'.
13:33:35 **** Incremental Build of configuration Debug for project AdvanceAlarm ****
make -j4 all 
Building file: ../src/utility.s
Invoking: MCU GCC Assembler
D:\MyFile\Engineering\microprocessor\nctu\Project\AdvanceAlarm\Debug
arm-none-eabi-as -mcpu=cortex-m4 -mthumb -mfloat-abi=hard -mfpu=fpv4-sp-d16 -g -o "src/utility.o" "../src/utility.s"
Finished building: ../src/utility.s
 
Building target: AdvanceAlarm.elf
Invoking: MCU GCC Linker
arm-none-eabi-gcc -mcpu=cortex-m4 -mthumb -mfloat-abi=hard -mfpu=fpv4-sp-d16 -T"D:/MyFile/Engineering/microprocessor/nctu/Project/AdvanceAlarm/LinkerScript.ld" -Wl,-Map=output.map -Wl,--gc-sections -o "AdvanceAlarm.elf" @"objects.list"   -lm
Finished building target: AdvanceAlarm.elf
 
make --no-print-directory post-build
Generating binary and Printing size information:
arm-none-eabi-objcopy -O binary "AdvanceAlarm.elf" "AdvanceAlarm.bin"
arm-none-eabi-size "AdvanceAlarm.elf"
   text	   data	    bss	    dec	    hex	filename
   2656	   1088	   1088	   4832	   12e0	AdvanceAlarm.elf
 
13:33:41 **** Incremental Build of configuration Debug for project AdvanceAlarm ****
make -j4 all 
make: Nothing to be done for 'all'.
13:34:13 **** Incremental Build of configuration Debug for project AdvanceAlarm ****
make -j4 all 
Building file: ../src/main.c
Invoking: MCU GCC Compiler
D:\MyFile\Engineering\microprocessor\nctu\Project\AdvanceAlarm\Debug
arm-none-eabi-gcc -mcpu=cortex-m4 -mthumb -mfloat-abi=hard -mfpu=fpv4-sp-d16 -DSTM32 -DSTM32L4 -DSTM32L476RGTx -DNUCLEO_L476RG -DDEBUG -ID:/MyFile/Engineering/microprocessor/nctu/Project/AdvanceAlarm/inc -O0 -g3 -Wall -fmessage-length=0 -ffunction-sections -c -MMD -MP -MF"src/main.d" -MT"src/main.o" -o "src/main.o" "../src/main.c"
In file included from ../src/main.c:2:0:
../src/utility.h: In function 'HCSR04GetDistance':
../src/utility.h:166:6: warning: variable 'timeval' set but not used [-Wunused-but-set-variable]
  int timeval;
      ^~~~~~~
Finished building: ../src/main.c
 
Building target: AdvanceAlarm.elf
Invoking: MCU GCC Linker
arm-none-eabi-gcc -mcpu=cortex-m4 -mthumb -mfloat-abi=hard -mfpu=fpv4-sp-d16 -T"D:/MyFile/Engineering/microprocessor/nctu/Project/AdvanceAlarm/LinkerScript.ld" -Wl,-Map=output.map -Wl,--gc-sections -o "AdvanceAlarm.elf" @"objects.list"   -lm
Finished building target: AdvanceAlarm.elf
 
make --no-print-directory post-build
Generating binary and Printing size information:
arm-none-eabi-objcopy -O binary "AdvanceAlarm.elf" "AdvanceAlarm.bin"
arm-none-eabi-size "AdvanceAlarm.elf"
   text	   data	    bss	    dec	    hex	filename
   1376	   1088	   1088	   3552	    de0	AdvanceAlarm.elf
 
13:40:03 **** Incremental Build of configuration Debug for project AdvanceAlarm ****
make -j4 all 
Building file: ../src/main.c
Invoking: MCU GCC Compiler
D:\MyFile\Engineering\microprocessor\nctu\Project\AdvanceAlarm\Debug
arm-none-eabi-gcc -mcpu=cortex-m4 -mthumb -mfloat-abi=hard -mfpu=fpv4-sp-d16 -DSTM32 -DSTM32L4 -DSTM32L476RGTx -DNUCLEO_L476RG -DDEBUG -ID:/MyFile/Engineering/microprocessor/nctu/Project/AdvanceAlarm/inc -O0 -g3 -Wall -fmessage-length=0 -ffunction-sections -c -MMD -MP -MF"src/main.d" -MT"src/main.o" -o "src/main.o" "../src/main.c"
In file included from ../src/main.c:2:0:
../src/utility.h: In function 'HCSR04GetDistance':
../src/utility.h:166:6: warning: variable 'timeval' set but not used [-Wunused-but-set-variable]
  int timeval;
      ^~~~~~~
Finished building: ../src/main.c
 
Building target: AdvanceAlarm.elf
Invoking: MCU GCC Linker
arm-none-eabi-gcc -mcpu=cortex-m4 -mthumb -mfloat-abi=hard -mfpu=fpv4-sp-d16 -T"D:/MyFile/Engineering/microprocessor/nctu/Project/AdvanceAlarm/LinkerScript.ld" -Wl,-Map=output.map -Wl,--gc-sections -o "AdvanceAlarm.elf" @"objects.list"   -lm
Finished building target: AdvanceAlarm.elf
 
make --no-print-directory post-build
Generating binary and Printing size information:
arm-none-eabi-objcopy -O binary "AdvanceAlarm.elf" "AdvanceAlarm.bin"
arm-none-eabi-size "AdvanceAlarm.elf"
   text	   data	    bss	    dec	    hex	filename
   1392	   1088	   1088	   3568	    df0	AdvanceAlarm.elf
 
13:40:13 **** Incremental Build of configuration Debug for project AdvanceAlarm ****
make -j4 all 
make: Nothing to be done for 'all'.
13:40:21 **** Incremental Build of configuration Debug for project AdvanceAlarm ****
make -j4 all 
make: Nothing to be done for 'all'.
13:40:29 **** Incremental Build of configuration Debug for project AdvanceAlarm ****
make -j4 all 
make: Nothing to be done for 'all'.
13:40:38 **** Incremental Build of configuration Debug for project AdvanceAlarm ****
make -j4 all 
make: Nothing to be done for 'all'.
13:40:57 **** Incremental Build of configuration Debug for project AdvanceAlarm ****
make -j4 all 
make: Nothing to be done for 'all'.
13:59:19 **** Incremental Build of configuration Debug for project AdvanceAlarm ****
make -j4 all 
Building file: ../src/main.c
Invoking: MCU GCC Compiler
D:\MyFile\Engineering\microprocessor\nctu\Project\AdvanceAlarm\Debug
arm-none-eabi-gcc -mcpu=cortex-m4 -mthumb -mfloat-abi=hard -mfpu=fpv4-sp-d16 -DSTM32 -DSTM32L4 -DSTM32L476RGTx -DNUCLEO_L476RG -DDEBUG -ID:/MyFile/Engineering/microprocessor/nctu/Project/AdvanceAlarm/inc -O0 -g3 -Wall -fmessage-length=0 -ffunction-sections -c -MMD -MP -MF"src/main.d" -MT"src/main.o" -o "src/main.o" "../src/main.c"
In file included from ../src/main.c:2:0:
../src/utility.h: In function 'HCSR04GetDistance':
../src/utility.h:166:6: warning: variable 'timeval' set but not used [-Wunused-but-set-variable]
  int timeval;
      ^~~~~~~
Finished building: ../src/main.c
 
Building target: AdvanceAlarm.elf
Invoking: MCU GCC Linker
arm-none-eabi-gcc -mcpu=cortex-m4 -mthumb -mfloat-abi=hard -mfpu=fpv4-sp-d16 -T"D:/MyFile/Engineering/microprocessor/nctu/Project/AdvanceAlarm/LinkerScript.ld" -Wl,-Map=output.map -Wl,--gc-sections -o "AdvanceAlarm.elf" @"objects.list"   -lm
Finished building target: AdvanceAlarm.elf
 
make --no-print-directory post-build
Generating binary and Printing size information:
arm-none-eabi-objcopy -O binary "AdvanceAlarm.elf" "AdvanceAlarm.bin"
arm-none-eabi-size "AdvanceAlarm.elf"
   text	   data	    bss	    dec	    hex	filename
   1384	   1088	   1088	   3560	    de8	AdvanceAlarm.elf
 
14:00:31 **** Incremental Build of configuration Debug for project AdvanceAlarm ****
make -j4 all 
Building file: ../src/main.c
Invoking: MCU GCC Compiler
D:\MyFile\Engineering\microprocessor\nctu\Project\AdvanceAlarm\Debug
arm-none-eabi-gcc -mcpu=cortex-m4 -mthumb -mfloat-abi=hard -mfpu=fpv4-sp-d16 -DSTM32 -DSTM32L4 -DSTM32L476RGTx -DNUCLEO_L476RG -DDEBUG -ID:/MyFile/Engineering/microprocessor/nctu/Project/AdvanceAlarm/inc -O0 -g3 -Wall -fmessage-length=0 -ffunction-sections -c -MMD -MP -MF"src/main.d" -MT"src/main.o" -o "src/main.o" "../src/main.c"
In file included from ../src/main.c:2:0:
../src/utility.h: In function 'HCSR04GetDistance':
../src/utility.h:166:6: warning: variable 'timeval' set but not used [-Wunused-but-set-variable]
  int timeval;
      ^~~~~~~
Finished building: ../src/main.c
 
Building target: AdvanceAlarm.elf
Invoking: MCU GCC Linker
arm-none-eabi-gcc -mcpu=cortex-m4 -mthumb -mfloat-abi=hard -mfpu=fpv4-sp-d16 -T"D:/MyFile/Engineering/microprocessor/nctu/Project/AdvanceAlarm/LinkerScript.ld" -Wl,-Map=output.map -Wl,--gc-sections -o "AdvanceAlarm.elf" @"objects.list"   -lm
Finished building target: AdvanceAlarm.elf
 
make --no-print-directory post-build
Generating binary and Printing size information:
arm-none-eabi-objcopy -O binary "AdvanceAlarm.elf" "AdvanceAlarm.bin"
arm-none-eabi-size "AdvanceAlarm.elf"
   text	   data	    bss	    dec	    hex	filename
   1384	   1088	   1088	   3560	    de8	AdvanceAlarm.elf
 
14:01:52 **** Incremental Build of configuration Debug for project AdvanceAlarm ****
make -j4 all 
Building file: ../src/main.c
Invoking: MCU GCC Compiler
D:\MyFile\Engineering\microprocessor\nctu\Project\AdvanceAlarm\Debug
arm-none-eabi-gcc -mcpu=cortex-m4 -mthumb -mfloat-abi=hard -mfpu=fpv4-sp-d16 -DSTM32 -DSTM32L4 -DSTM32L476RGTx -DNUCLEO_L476RG -DDEBUG -ID:/MyFile/Engineering/microprocessor/nctu/Project/AdvanceAlarm/inc -O0 -g3 -Wall -fmessage-length=0 -ffunction-sections -c -MMD -MP -MF"src/main.d" -MT"src/main.o" -o "src/main.o" "../src/main.c"
In file included from ../src/main.c:2:0:
../src/utility.h: In function 'HCSR04GetDistance':
../src/utility.h:166:6: warning: variable 'timeval' set but not used [-Wunused-but-set-variable]
  int timeval;
      ^~~~~~~
../src/utility.h: In function 'PressDetection':
../src/utility.h:220:2: warning: implicit declaration of function 'GPIO_SetInputDataBit'; did you mean 'GPIO_SetOutputDataBit'? [-Wimplicit-function-declaration]
  GPIO_SetInputDataBit(GPIOB, 5, 0);
  ^~~~~~~~~~~~~~~~~~~~
  GPIO_SetOutputDataBit
Finished building: ../src/main.c
 
Building target: AdvanceAlarm.elf
Invoking: MCU GCC Linker
arm-none-eabi-gcc -mcpu=cortex-m4 -mthumb -mfloat-abi=hard -mfpu=fpv4-sp-d16 -T"D:/MyFile/Engineering/microprocessor/nctu/Project/AdvanceAlarm/LinkerScript.ld" -Wl,-Map=output.map -Wl,--gc-sections -o "AdvanceAlarm.elf" @"objects.list"   -lm
src/main.o: In function `PressDetection':
D:\MyFile\Engineering\microprocessor\nctu\Project\AdvanceAlarm\Debug/../src/utility.h:220: undefined reference to `GPIO_SetInputDataBit'
collect2.exe: error: ld returned 1 exit status
makefile:34: recipe for target 'AdvanceAlarm.elf' failed
make: *** [AdvanceAlarm.elf] Error 1
14:04:33 **** Incremental Build of configuration Debug for project AdvanceAlarm ****
make -j4 all 
Building file: ../src/main.c
Invoking: MCU GCC Compiler
D:\MyFile\Engineering\microprocessor\nctu\Project\AdvanceAlarm\Debug
arm-none-eabi-gcc -mcpu=cortex-m4 -mthumb -mfloat-abi=hard -mfpu=fpv4-sp-d16 -DSTM32 -DSTM32L4 -DSTM32L476RGTx -DNUCLEO_L476RG -DDEBUG -ID:/MyFile/Engineering/microprocessor/nctu/Project/AdvanceAlarm/inc -O0 -g3 -Wall -fmessage-length=0 -ffunction-sections -c -MMD -MP -MF"src/main.d" -MT"src/main.o" -o "src/main.o" "../src/main.c"
In file included from ../src/main.c:2:0:
../src/utility.h:104:6: error: redefinition of 'GPIO_SetOutputDataBit'
 void GPIO_SetOutputDataBit(GPIO_TypeDef *port, uint16_t pin,int val){
      ^~~~~~~~~~~~~~~~~~~~~
../src/utility.h:97:6: note: previous definition of 'GPIO_SetOutputDataBit' was here
 void GPIO_SetOutputDataBit(GPIO_TypeDef *port, uint16_t pin, int val){
      ^~~~~~~~~~~~~~~~~~~~~
../src/utility.h: In function 'HCSR04GetDistance':
../src/utility.h:173:6: warning: variable 'timeval' set but not used [-Wunused-but-set-variable]
  int timeval;
      ^~~~~~~
../src/utility.h: In function 'PressDetection':
../src/utility.h:227:2: warning: implicit declaration of function 'GPIO_SetInputDataBit'; did you mean 'GPIO_SetOutputDataBit'? [-Wimplicit-function-declaration]
  GPIO_SetInputDataBit(GPIOB, 5, 0);
  ^~~~~~~~~~~~~~~~~~~~
  GPIO_SetOutputDataBit
make: *** [src/main.o] Error 1
src/subdir.mk:22: recipe for target 'src/main.o' failed
14:04:56 **** Incremental Build of configuration Debug for project AdvanceAlarm ****
make -j4 all 
Building file: ../src/main.c
Invoking: MCU GCC Compiler
D:\MyFile\Engineering\microprocessor\nctu\Project\AdvanceAlarm\Debug
arm-none-eabi-gcc -mcpu=cortex-m4 -mthumb -mfloat-abi=hard -mfpu=fpv4-sp-d16 -DSTM32 -DSTM32L4 -DSTM32L476RGTx -DNUCLEO_L476RG -DDEBUG -ID:/MyFile/Engineering/microprocessor/nctu/Project/AdvanceAlarm/inc -O0 -g3 -Wall -fmessage-length=0 -ffunction-sections -c -MMD -MP -MF"src/main.d" -MT"src/main.o" -o "src/main.o" "../src/main.c"
In file included from ../src/main.c:2:0:
../src/utility.h: In function 'HCSR04GetDistance':
../src/utility.h:173:6: warning: variable 'timeval' set but not used [-Wunused-but-set-variable]
  int timeval;
      ^~~~~~~
Finished building: ../src/main.c
 
Building target: AdvanceAlarm.elf
Invoking: MCU GCC Linker
arm-none-eabi-gcc -mcpu=cortex-m4 -mthumb -mfloat-abi=hard -mfpu=fpv4-sp-d16 -T"D:/MyFile/Engineering/microprocessor/nctu/Project/AdvanceAlarm/LinkerScript.ld" -Wl,-Map=output.map -Wl,--gc-sections -o "AdvanceAlarm.elf" @"objects.list"   -lm
Finished building target: AdvanceAlarm.elf
 
make --no-print-directory post-build
Generating binary and Printing size information:
arm-none-eabi-objcopy -O binary "AdvanceAlarm.elf" "AdvanceAlarm.bin"
arm-none-eabi-size "AdvanceAlarm.elf"
   text	   data	    bss	    dec	    hex	filename
   1472	   1088	   1088	   3648	    e40	AdvanceAlarm.elf
 
14:06:15 **** Incremental Build of configuration Debug for project AdvanceAlarm ****
make -j4 all 
make: Nothing to be done for 'all'.
14:08:11 **** Incremental Build of configuration Debug for project AdvanceAlarm ****
make -j4 all 
Building file: ../src/main.c
Building file: ../src/utility.s
Invoking: MCU GCC Compiler
Invoking: MCU GCC Assembler
D:\MyFile\Engineering\microprocessor\nctu\Project\AdvanceAlarm\Debug
arm-none-eabi-gcc -mcpu=cortex-m4 -mthumb -mfloat-abi=hard -mfpu=fpv4-sp-d16 -DSTM32 -DSTM32L4 -DSTM32L476RGTx -DNUCLEO_L476RG -DDEBUG -ID:/MyFile/Engineering/microprocessor/nctu/Project/AdvanceAlarm/inc -O0 -g3 -Wall -fmessage-length=0 -ffunction-sections -c -MMD -MP -MF"src/main.d" -MT"src/main.o" -o "src/main.o" "../src/main.c"
D:\MyFile\Engineering\microprocessor\nctu\Project\AdvanceAlarm\Debug
arm-none-eabi-as -mcpu=cortex-m4 -mthumb -mfloat-abi=hard -mfpu=fpv4-sp-d16 -g -o "src/utility.o" "../src/utility.s"
../src/utility.s: Assembler messages:
../src/utility.s:51: Error: invalid constant (484) after fixup
src/subdir.mk:30: recipe for target 'src/utility.o' failed
make: *** [src/utility.o] Error 1
make: *** Waiting for unfinished jobs....
In file included from ../src/main.c:2:0:
../src/utility.h: In function 'HCSR04GetDistance':
../src/utility.h:173:6: warning: variable 'timeval' set but not used [-Wunused-but-set-variable]
  int timeval;
      ^~~~~~~
Finished building: ../src/main.c
 
14:08:42 **** Incremental Build of configuration Debug for project AdvanceAlarm ****
make -j4 all 
Building file: ../src/utility.s
Invoking: MCU GCC Assembler
D:\MyFile\Engineering\microprocessor\nctu\Project\AdvanceAlarm\Debug
arm-none-eabi-as -mcpu=cortex-m4 -mthumb -mfloat-abi=hard -mfpu=fpv4-sp-d16 -g -o "src/utility.o" "../src/utility.s"
Finished building: ../src/utility.s
 
Building target: AdvanceAlarm.elf
Invoking: MCU GCC Linker
arm-none-eabi-gcc -mcpu=cortex-m4 -mthumb -mfloat-abi=hard -mfpu=fpv4-sp-d16 -T"D:/MyFile/Engineering/microprocessor/nctu/Project/AdvanceAlarm/LinkerScript.ld" -Wl,-Map=output.map -Wl,--gc-sections -o "AdvanceAlarm.elf" @"objects.list"   -lm
Finished building target: AdvanceAlarm.elf
 
make --no-print-directory post-build
Generating binary and Printing size information:
arm-none-eabi-objcopy -O binary "AdvanceAlarm.elf" "AdvanceAlarm.bin"
arm-none-eabi-size "AdvanceAlarm.elf"
   text	   data	    bss	    dec	    hex	filename
   1472	   1088	   1088	   3648	    e40	AdvanceAlarm.elf
 
14:09:24 **** Incremental Build of configuration Debug for project AdvanceAlarm ****
make -j4 all 
Building file: ../src/utility.s
Invoking: MCU GCC Assembler
D:\MyFile\Engineering\microprocessor\nctu\Project\AdvanceAlarm\Debug
arm-none-eabi-as -mcpu=cortex-m4 -mthumb -mfloat-abi=hard -mfpu=fpv4-sp-d16 -g -o "src/utility.o" "../src/utility.s"
Finished building: ../src/utility.s
 
Building target: AdvanceAlarm.elf
Invoking: MCU GCC Linker
arm-none-eabi-gcc -mcpu=cortex-m4 -mthumb -mfloat-abi=hard -mfpu=fpv4-sp-d16 -T"D:/MyFile/Engineering/microprocessor/nctu/Project/AdvanceAlarm/LinkerScript.ld" -Wl,-Map=output.map -Wl,--gc-sections -o "AdvanceAlarm.elf" @"objects.list"   -lm
Finished building target: AdvanceAlarm.elf
 
make --no-print-directory post-build
Generating binary and Printing size information:
arm-none-eabi-objcopy -O binary "AdvanceAlarm.elf" "AdvanceAlarm.bin"
arm-none-eabi-size "AdvanceAlarm.elf"
   text	   data	    bss	    dec	    hex	filename
   1472	   1088	   1088	   3648	    e40	AdvanceAlarm.elf
 
14:09:51 **** Incremental Build of configuration Debug for project AdvanceAlarm ****
make -j4 all 
make: Nothing to be done for 'all'.
14:10:45 **** Incremental Build of configuration Debug for project AdvanceAlarm ****
make -j4 all 
Building file: ../src/main.c
Invoking: MCU GCC Compiler
D:\MyFile\Engineering\microprocessor\nctu\Project\AdvanceAlarm\Debug
arm-none-eabi-gcc -mcpu=cortex-m4 -mthumb -mfloat-abi=hard -mfpu=fpv4-sp-d16 -DSTM32 -DSTM32L4 -DSTM32L476RGTx -DNUCLEO_L476RG -DDEBUG -ID:/MyFile/Engineering/microprocessor/nctu/Project/AdvanceAlarm/inc -O0 -g3 -Wall -fmessage-length=0 -ffunction-sections -c -MMD -MP -MF"src/main.d" -MT"src/main.o" -o "src/main.o" "../src/main.c"
In file included from ../src/main.c:2:0:
../src/utility.h: In function 'HCSR04GetDistance':
../src/utility.h:173:6: warning: variable 'timeval' set but not used [-Wunused-but-set-variable]
  int timeval;
      ^~~~~~~
Finished building: ../src/main.c
 
Building target: AdvanceAlarm.elf
Invoking: MCU GCC Linker
arm-none-eabi-gcc -mcpu=cortex-m4 -mthumb -mfloat-abi=hard -mfpu=fpv4-sp-d16 -T"D:/MyFile/Engineering/microprocessor/nctu/Project/AdvanceAlarm/LinkerScript.ld" -Wl,-Map=output.map -Wl,--gc-sections -o "AdvanceAlarm.elf" @"objects.list"   -lm
Finished building target: AdvanceAlarm.elf
 
make --no-print-directory post-build
Generating binary and Printing size information:
arm-none-eabi-objcopy -O binary "AdvanceAlarm.elf" "AdvanceAlarm.bin"
arm-none-eabi-size "AdvanceAlarm.elf"
   text	   data	    bss	    dec	    hex	filename
   1488	   1088	   1088	   3664	    e50	AdvanceAlarm.elf
 
14:13:48 **** Incremental Build of configuration Debug for project AdvanceAlarm ****
make -j4 all 
Building file: ../src/main.c
Invoking: MCU GCC Compiler
D:\MyFile\Engineering\microprocessor\nctu\Project\AdvanceAlarm\Debug
arm-none-eabi-gcc -mcpu=cortex-m4 -mthumb -mfloat-abi=hard -mfpu=fpv4-sp-d16 -DSTM32 -DSTM32L4 -DSTM32L476RGTx -DNUCLEO_L476RG -DDEBUG -ID:/MyFile/Engineering/microprocessor/nctu/Project/AdvanceAlarm/inc -O0 -g3 -Wall -fmessage-length=0 -ffunction-sections -c -MMD -MP -MF"src/main.d" -MT"src/main.o" -o "src/main.o" "../src/main.c"
In file included from ../src/main.c:2:0:
../src/utility.h: In function 'HCSR04GetDistance':
../src/utility.h:173:6: warning: variable 'timeval' set but not used [-Wunused-but-set-variable]
  int timeval;
      ^~~~~~~
Finished building: ../src/main.c
 
Building target: AdvanceAlarm.elf
Invoking: MCU GCC Linker
arm-none-eabi-gcc -mcpu=cortex-m4 -mthumb -mfloat-abi=hard -mfpu=fpv4-sp-d16 -T"D:/MyFile/Engineering/microprocessor/nctu/Project/AdvanceAlarm/LinkerScript.ld" -Wl,-Map=output.map -Wl,--gc-sections -o "AdvanceAlarm.elf" @"objects.list"   -lm
Finished building target: AdvanceAlarm.elf
 
make --no-print-directory post-build
Generating binary and Printing size information:
arm-none-eabi-objcopy -O binary "AdvanceAlarm.elf" "AdvanceAlarm.bin"
arm-none-eabi-size "AdvanceAlarm.elf"
   text	   data	    bss	    dec	    hex	filename
   1488	   1088	   1088	   3664	    e50	AdvanceAlarm.elf
 
14:14:11 **** Incremental Build of configuration Debug for project AdvanceAlarm ****
make -j4 all 
Building file: ../src/main.c
Invoking: MCU GCC Compiler
D:\MyFile\Engineering\microprocessor\nctu\Project\AdvanceAlarm\Debug
arm-none-eabi-gcc -mcpu=cortex-m4 -mthumb -mfloat-abi=hard -mfpu=fpv4-sp-d16 -DSTM32 -DSTM32L4 -DSTM32L476RGTx -DNUCLEO_L476RG -DDEBUG -ID:/MyFile/Engineering/microprocessor/nctu/Project/AdvanceAlarm/inc -O0 -g3 -Wall -fmessage-length=0 -ffunction-sections -c -MMD -MP -MF"src/main.d" -MT"src/main.o" -o "src/main.o" "../src/main.c"
In file included from ../src/main.c:2:0:
../src/utility.h: In function 'HCSR04GetDistance':
../src/utility.h:173:6: warning: variable 'timeval' set but not used [-Wunused-but-set-variable]
  int timeval;
      ^~~~~~~
Finished building: ../src/main.c
 
Building target: AdvanceAlarm.elf
Invoking: MCU GCC Linker
arm-none-eabi-gcc -mcpu=cortex-m4 -mthumb -mfloat-abi=hard -mfpu=fpv4-sp-d16 -T"D:/MyFile/Engineering/microprocessor/nctu/Project/AdvanceAlarm/LinkerScript.ld" -Wl,-Map=output.map -Wl,--gc-sections -o "AdvanceAlarm.elf" @"objects.list"   -lm
Finished building target: AdvanceAlarm.elf
 
make --no-print-directory post-build
Generating binary and Printing size information:
arm-none-eabi-objcopy -O binary "AdvanceAlarm.elf" "AdvanceAlarm.bin"
arm-none-eabi-size "AdvanceAlarm.elf"
   text	   data	    bss	    dec	    hex	filename
   1408	   1088	   1088	   3584	    e00	AdvanceAlarm.elf
 
14:16:12 **** Incremental Build of configuration Debug for project AdvanceAlarm ****
make -j4 all 
Building file: ../src/main.c
Invoking: MCU GCC Compiler
D:\MyFile\Engineering\microprocessor\nctu\Project\AdvanceAlarm\Debug
arm-none-eabi-gcc -mcpu=cortex-m4 -mthumb -mfloat-abi=hard -mfpu=fpv4-sp-d16 -DSTM32 -DSTM32L4 -DSTM32L476RGTx -DNUCLEO_L476RG -DDEBUG -ID:/MyFile/Engineering/microprocessor/nctu/Project/AdvanceAlarm/inc -O0 -g3 -Wall -fmessage-length=0 -ffunction-sections -c -MMD -MP -MF"src/main.d" -MT"src/main.o" -o "src/main.o" "../src/main.c"
In file included from ../src/main.c:2:0:
../src/utility.h: In function 'HCSR04GetDistance':
../src/utility.h:173:6: warning: variable 'timeval' set but not used [-Wunused-but-set-variable]
  int timeval;
      ^~~~~~~
Finished building: ../src/main.c
 
Building target: AdvanceAlarm.elf
Invoking: MCU GCC Linker
arm-none-eabi-gcc -mcpu=cortex-m4 -mthumb -mfloat-abi=hard -mfpu=fpv4-sp-d16 -T"D:/MyFile/Engineering/microprocessor/nctu/Project/AdvanceAlarm/LinkerScript.ld" -Wl,-Map=output.map -Wl,--gc-sections -o "AdvanceAlarm.elf" @"objects.list"   -lm
Finished building target: AdvanceAlarm.elf
 
make --no-print-directory post-build
Generating binary and Printing size information:
arm-none-eabi-objcopy -O binary "AdvanceAlarm.elf" "AdvanceAlarm.bin"
arm-none-eabi-size "AdvanceAlarm.elf"
   text	   data	    bss	    dec	    hex	filename
   2984	   1088	   1088	   5160	   1428	AdvanceAlarm.elf
 
14:16:25 **** Incremental Build of configuration Debug for project AdvanceAlarm ****
make -j4 all 
make: Nothing to be done for 'all'.
14:16:35 **** Incremental Build of configuration Debug for project AdvanceAlarm ****
make -j4 all 
make: Nothing to be done for 'all'.
14:16:46 **** Incremental Build of configuration Debug for project AdvanceAlarm ****
make -j4 all 
make: Nothing to be done for 'all'.
14:21:00 **** Incremental Build of configuration Debug for project AdvanceAlarm ****
make -j4 all 
Building file: ../src/main.c
Invoking: MCU GCC Compiler
D:\MyFile\Engineering\microprocessor\nctu\Project\AdvanceAlarm\Debug
arm-none-eabi-gcc -mcpu=cortex-m4 -mthumb -mfloat-abi=hard -mfpu=fpv4-sp-d16 -DSTM32 -DSTM32L4 -DSTM32L476RGTx -DNUCLEO_L476RG -DDEBUG -ID:/MyFile/Engineering/microprocessor/nctu/Project/AdvanceAlarm/inc -O0 -g3 -Wall -fmessage-length=0 -ffunction-sections -c -MMD -MP -MF"src/main.d" -MT"src/main.o" -o "src/main.o" "../src/main.c"
In file included from ../src/main.c:2:0:
../src/utility.h: In function 'HCSR04GetDistance':
../src/utility.h:173:6: warning: variable 'timeval' set but not used [-Wunused-but-set-variable]
  int timeval;
      ^~~~~~~
Finished building: ../src/main.c
 
Building target: AdvanceAlarm.elf
Invoking: MCU GCC Linker
arm-none-eabi-gcc -mcpu=cortex-m4 -mthumb -mfloat-abi=hard -mfpu=fpv4-sp-d16 -T"D:/MyFile/Engineering/microprocessor/nctu/Project/AdvanceAlarm/LinkerScript.ld" -Wl,-Map=output.map -Wl,--gc-sections -o "AdvanceAlarm.elf" @"objects.list"   -lm
Finished building target: AdvanceAlarm.elf
 
make --no-print-directory post-build
Generating binary and Printing size information:
arm-none-eabi-objcopy -O binary "AdvanceAlarm.elf" "AdvanceAlarm.bin"
arm-none-eabi-size "AdvanceAlarm.elf"
   text	   data	    bss	    dec	    hex	filename
   2640	   1088	   1088	   4816	   12d0	AdvanceAlarm.elf
 
14:21:04 **** Incremental Build of configuration Debug for project AdvanceAlarm ****
make -j4 all 
make: Nothing to be done for 'all'.
14:21:08 **** Incremental Build of configuration Debug for project AdvanceAlarm ****
make -j4 all 
make: Nothing to be done for 'all'.
14:21:25 **** Incremental Build of configuration Debug for project AdvanceAlarm ****
make -j4 all 
Building file: ../src/main.c
Invoking: MCU GCC Compiler
D:\MyFile\Engineering\microprocessor\nctu\Project\AdvanceAlarm\Debug
arm-none-eabi-gcc -mcpu=cortex-m4 -mthumb -mfloat-abi=hard -mfpu=fpv4-sp-d16 -DSTM32 -DSTM32L4 -DSTM32L476RGTx -DNUCLEO_L476RG -DDEBUG -ID:/MyFile/Engineering/microprocessor/nctu/Project/AdvanceAlarm/inc -O0 -g3 -Wall -fmessage-length=0 -ffunction-sections -c -MMD -MP -MF"src/main.d" -MT"src/main.o" -o "src/main.o" "../src/main.c"
In file included from ../src/main.c:2:0:
../src/utility.h: In function 'HCSR04GetDistance':
../src/utility.h:173:6: warning: variable 'timeval' set but not used [-Wunused-but-set-variable]
  int timeval;
      ^~~~~~~
Finished building: ../src/main.c
 
Building target: AdvanceAlarm.elf
Invoking: MCU GCC Linker
arm-none-eabi-gcc -mcpu=cortex-m4 -mthumb -mfloat-abi=hard -mfpu=fpv4-sp-d16 -T"D:/MyFile/Engineering/microprocessor/nctu/Project/AdvanceAlarm/LinkerScript.ld" -Wl,-Map=output.map -Wl,--gc-sections -o "AdvanceAlarm.elf" @"objects.list"   -lm
Finished building target: AdvanceAlarm.elf
 
make --no-print-directory post-build
Generating binary and Printing size information:
arm-none-eabi-objcopy -O binary "AdvanceAlarm.elf" "AdvanceAlarm.bin"
arm-none-eabi-size "AdvanceAlarm.elf"
   text	   data	    bss	    dec	    hex	filename
   2640	   1088	   1088	   4816	   12d0	AdvanceAlarm.elf
 
14:21:42 **** Incremental Build of configuration Debug for project AdvanceAlarm ****
make -j4 all 
Building file: ../src/main.c
Invoking: MCU GCC Compiler
D:\MyFile\Engineering\microprocessor\nctu\Project\AdvanceAlarm\Debug
arm-none-eabi-gcc -mcpu=cortex-m4 -mthumb -mfloat-abi=hard -mfpu=fpv4-sp-d16 -DSTM32 -DSTM32L4 -DSTM32L476RGTx -DNUCLEO_L476RG -DDEBUG -ID:/MyFile/Engineering/microprocessor/nctu/Project/AdvanceAlarm/inc -O0 -g3 -Wall -fmessage-length=0 -ffunction-sections -c -MMD -MP -MF"src/main.d" -MT"src/main.o" -o "src/main.o" "../src/main.c"
In file included from ../src/main.c:2:0:
../src/utility.h: In function 'HCSR04GetDistance':
../src/utility.h:173:6: warning: variable 'timeval' set but not used [-Wunused-but-set-variable]
  int timeval;
      ^~~~~~~
Finished building: ../src/main.c
 
Building target: AdvanceAlarm.elf
Invoking: MCU GCC Linker
arm-none-eabi-gcc -mcpu=cortex-m4 -mthumb -mfloat-abi=hard -mfpu=fpv4-sp-d16 -T"D:/MyFile/Engineering/microprocessor/nctu/Project/AdvanceAlarm/LinkerScript.ld" -Wl,-Map=output.map -Wl,--gc-sections -o "AdvanceAlarm.elf" @"objects.list"   -lm
Finished building target: AdvanceAlarm.elf
 
make --no-print-directory post-build
Generating binary and Printing size information:
arm-none-eabi-objcopy -O binary "AdvanceAlarm.elf" "AdvanceAlarm.bin"
arm-none-eabi-size "AdvanceAlarm.elf"
   text	   data	    bss	    dec	    hex	filename
   2640	   1088	   1088	   4816	   12d0	AdvanceAlarm.elf
 
14:21:46 **** Incremental Build of configuration Debug for project AdvanceAlarm ****
make -j4 all 
make: Nothing to be done for 'all'.
14:21:48 **** Incremental Build of configuration Debug for project AdvanceAlarm ****
make -j4 all 
make: Nothing to be done for 'all'.
14:21:54 **** Incremental Build of configuration Debug for project AdvanceAlarm ****
make -j4 all 
make: Nothing to be done for 'all'.
14:21:56 **** Incremental Build of configuration Debug for project AdvanceAlarm ****
make -j4 all 
make: Nothing to be done for 'all'.
14:21:57 **** Incremental Build of configuration Debug for project AdvanceAlarm ****
make -j4 all 
make: Nothing to be done for 'all'.
14:22:44 **** Incremental Build of configuration Debug for project AdvanceAlarm ****
make -j4 all 
Building file: ../src/main.c
Invoking: MCU GCC Compiler
D:\MyFile\Engineering\microprocessor\nctu\Project\AdvanceAlarm\Debug
arm-none-eabi-gcc -mcpu=cortex-m4 -mthumb -mfloat-abi=hard -mfpu=fpv4-sp-d16 -DSTM32 -DSTM32L4 -DSTM32L476RGTx -DNUCLEO_L476RG -DDEBUG -ID:/MyFile/Engineering/microprocessor/nctu/Project/AdvanceAlarm/inc -O0 -g3 -Wall -fmessage-length=0 -ffunction-sections -c -MMD -MP -MF"src/main.d" -MT"src/main.o" -o "src/main.o" "../src/main.c"
In file included from ../src/main.c:2:0:
../src/utility.h: In function 'HCSR04GetDistance':
../src/utility.h:173:6: warning: variable 'timeval' set but not used [-Wunused-but-set-variable]
  int timeval;
      ^~~~~~~
Finished building: ../src/main.c
 
Building target: AdvanceAlarm.elf
Invoking: MCU GCC Linker
arm-none-eabi-gcc -mcpu=cortex-m4 -mthumb -mfloat-abi=hard -mfpu=fpv4-sp-d16 -T"D:/MyFile/Engineering/microprocessor/nctu/Project/AdvanceAlarm/LinkerScript.ld" -Wl,-Map=output.map -Wl,--gc-sections -o "AdvanceAlarm.elf" @"objects.list"   -lm
Finished building target: AdvanceAlarm.elf
 
make --no-print-directory post-build
Generating binary and Printing size information:
arm-none-eabi-objcopy -O binary "AdvanceAlarm.elf" "AdvanceAlarm.bin"
arm-none-eabi-size "AdvanceAlarm.elf"
   text	   data	    bss	    dec	    hex	filename
   1400	   1088	   1088	   3576	    df8	AdvanceAlarm.elf
 
14:22:51 **** Incremental Build of configuration Debug for project AdvanceAlarm ****
make -j4 all 
make: Nothing to be done for 'all'.
14:23:22 **** Incremental Build of configuration Debug for project AdvanceAlarm ****
make -j4 all 
Building file: ../src/main.c
Invoking: MCU GCC Compiler
D:\MyFile\Engineering\microprocessor\nctu\Project\AdvanceAlarm\Debug
arm-none-eabi-gcc -mcpu=cortex-m4 -mthumb -mfloat-abi=hard -mfpu=fpv4-sp-d16 -DSTM32 -DSTM32L4 -DSTM32L476RGTx -DNUCLEO_L476RG -DDEBUG -ID:/MyFile/Engineering/microprocessor/nctu/Project/AdvanceAlarm/inc -O0 -g3 -Wall -fmessage-length=0 -ffunction-sections -c -MMD -MP -MF"src/main.d" -MT"src/main.o" -o "src/main.o" "../src/main.c"
In file included from ../src/main.c:2:0:
../src/utility.h: In function 'HCSR04GetDistance':
../src/utility.h:173:6: warning: variable 'timeval' set but not used [-Wunused-but-set-variable]
  int timeval;
      ^~~~~~~
Finished building: ../src/main.c
 
Building target: AdvanceAlarm.elf
Invoking: MCU GCC Linker
arm-none-eabi-gcc -mcpu=cortex-m4 -mthumb -mfloat-abi=hard -mfpu=fpv4-sp-d16 -T"D:/MyFile/Engineering/microprocessor/nctu/Project/AdvanceAlarm/LinkerScript.ld" -Wl,-Map=output.map -Wl,--gc-sections -o "AdvanceAlarm.elf" @"objects.list"   -lm
Finished building target: AdvanceAlarm.elf
 
make --no-print-directory post-build
Generating binary and Printing size information:
arm-none-eabi-objcopy -O binary "AdvanceAlarm.elf" "AdvanceAlarm.bin"
arm-none-eabi-size "AdvanceAlarm.elf"
   text	   data	    bss	    dec	    hex	filename
   1376	   1088	   1088	   3552	    de0	AdvanceAlarm.elf
 
14:23:28 **** Incremental Build of configuration Debug for project AdvanceAlarm ****
make -j4 all 
make: Nothing to be done for 'all'.
14:26:34 **** Incremental Build of configuration Debug for project AdvanceAlarm ****
make -j4 all 
Building file: ../src/main.c
Invoking: MCU GCC Compiler
D:\MyFile\Engineering\microprocessor\nctu\Project\AdvanceAlarm\Debug
arm-none-eabi-gcc -mcpu=cortex-m4 -mthumb -mfloat-abi=hard -mfpu=fpv4-sp-d16 -DSTM32 -DSTM32L4 -DSTM32L476RGTx -DNUCLEO_L476RG -DDEBUG -ID:/MyFile/Engineering/microprocessor/nctu/Project/AdvanceAlarm/inc -O0 -g3 -Wall -fmessage-length=0 -ffunction-sections -c -MMD -MP -MF"src/main.d" -MT"src/main.o" -o "src/main.o" "../src/main.c"
In file included from ../src/main.c:2:0:
../src/utility.h: In function 'HCSR04GetDistance':
../src/utility.h:173:6: warning: variable 'timeval' set but not used [-Wunused-but-set-variable]
  int timeval;
      ^~~~~~~
Finished building: ../src/main.c
 
Building target: AdvanceAlarm.elf
Invoking: MCU GCC Linker
arm-none-eabi-gcc -mcpu=cortex-m4 -mthumb -mfloat-abi=hard -mfpu=fpv4-sp-d16 -T"D:/MyFile/Engineering/microprocessor/nctu/Project/AdvanceAlarm/LinkerScript.ld" -Wl,-Map=output.map -Wl,--gc-sections -o "AdvanceAlarm.elf" @"objects.list"   -lm
Finished building target: AdvanceAlarm.elf
 
make --no-print-directory post-build
Generating binary and Printing size information:
arm-none-eabi-objcopy -O binary "AdvanceAlarm.elf" "AdvanceAlarm.bin"
arm-none-eabi-size "AdvanceAlarm.elf"
   text	   data	    bss	    dec	    hex	filename
   1464	   1088	   1088	   3640	    e38	AdvanceAlarm.elf
 
14:44:19 **** Incremental Build of configuration Debug for project AdvanceAlarm ****
make -j4 all 
Building file: ../src/main.c
Invoking: MCU GCC Compiler
D:\MyFile\Engineering\microprocessor\nctu\Project\AdvanceAlarm\Debug
arm-none-eabi-gcc -mcpu=cortex-m4 -mthumb -mfloat-abi=hard -mfpu=fpv4-sp-d16 -DSTM32 -DSTM32L4 -DSTM32L476RGTx -DNUCLEO_L476RG -DDEBUG -ID:/MyFile/Engineering/microprocessor/nctu/Project/AdvanceAlarm/inc -O0 -g3 -Wall -fmessage-length=0 -ffunction-sections -c -MMD -MP -MF"src/main.d" -MT"src/main.o" -o "src/main.o" "../src/main.c"
In file included from ../src/main.c:2:0:
../src/utility.h: In function 'HCSR04GetDistance':
../src/utility.h:173:6: warning: variable 'timeval' set but not used [-Wunused-but-set-variable]
  int timeval;
      ^~~~~~~
Finished building: ../src/main.c
 
Building target: AdvanceAlarm.elf
Invoking: MCU GCC Linker
arm-none-eabi-gcc -mcpu=cortex-m4 -mthumb -mfloat-abi=hard -mfpu=fpv4-sp-d16 -T"D:/MyFile/Engineering/microprocessor/nctu/Project/AdvanceAlarm/LinkerScript.ld" -Wl,-Map=output.map -Wl,--gc-sections -o "AdvanceAlarm.elf" @"objects.list"   -lm
Finished building target: AdvanceAlarm.elf
 
make --no-print-directory post-build
Generating binary and Printing size information:
arm-none-eabi-objcopy -O binary "AdvanceAlarm.elf" "AdvanceAlarm.bin"
arm-none-eabi-size "AdvanceAlarm.elf"
   text	   data	    bss	    dec	    hex	filename
   1464	   1088	   1088	   3640	    e38	AdvanceAlarm.elf
 
14:45:35 **** Incremental Build of configuration Debug for project AdvanceAlarm ****
make -j4 all 
Building file: ../src/main.c
Invoking: MCU GCC Compiler
D:\MyFile\Engineering\microprocessor\nctu\Project\AdvanceAlarm\Debug
arm-none-eabi-gcc -mcpu=cortex-m4 -mthumb -mfloat-abi=hard -mfpu=fpv4-sp-d16 -DSTM32 -DSTM32L4 -DSTM32L476RGTx -DNUCLEO_L476RG -DDEBUG -ID:/MyFile/Engineering/microprocessor/nctu/Project/AdvanceAlarm/inc -O0 -g3 -Wall -fmessage-length=0 -ffunction-sections -c -MMD -MP -MF"src/main.d" -MT"src/main.o" -o "src/main.o" "../src/main.c"
In file included from ../src/main.c:2:0:
../src/utility.h: In function 'HCSR04GetDistance':
../src/utility.h:173:6: warning: variable 'timeval' set but not used [-Wunused-but-set-variable]
  int timeval;
      ^~~~~~~
Finished building: ../src/main.c
 
Building target: AdvanceAlarm.elf
Invoking: MCU GCC Linker
arm-none-eabi-gcc -mcpu=cortex-m4 -mthumb -mfloat-abi=hard -mfpu=fpv4-sp-d16 -T"D:/MyFile/Engineering/microprocessor/nctu/Project/AdvanceAlarm/LinkerScript.ld" -Wl,-Map=output.map -Wl,--gc-sections -o "AdvanceAlarm.elf" @"objects.list"   -lm
Finished building target: AdvanceAlarm.elf
 
make --no-print-directory post-build
Generating binary and Printing size information:
arm-none-eabi-objcopy -O binary "AdvanceAlarm.elf" "AdvanceAlarm.bin"
arm-none-eabi-size "AdvanceAlarm.elf"
   text	   data	    bss	    dec	    hex	filename
   1472	   1088	   1088	   3648	    e40	AdvanceAlarm.elf
 
14:46:09 **** Incremental Build of configuration Debug for project AdvanceAlarm ****
make -j4 all 
Building file: ../src/main.c
Invoking: MCU GCC Compiler
D:\MyFile\Engineering\microprocessor\nctu\Project\AdvanceAlarm\Debug
arm-none-eabi-gcc -mcpu=cortex-m4 -mthumb -mfloat-abi=hard -mfpu=fpv4-sp-d16 -DSTM32 -DSTM32L4 -DSTM32L476RGTx -DNUCLEO_L476RG -DDEBUG -ID:/MyFile/Engineering/microprocessor/nctu/Project/AdvanceAlarm/inc -O0 -g3 -Wall -fmessage-length=0 -ffunction-sections -c -MMD -MP -MF"src/main.d" -MT"src/main.o" -o "src/main.o" "../src/main.c"
In file included from ../src/main.c:2:0:
../src/utility.h: In function 'HCSR04GetDistance':
../src/utility.h:173:6: warning: variable 'timeval' set but not used [-Wunused-but-set-variable]
  int timeval;
      ^~~~~~~
Finished building: ../src/main.c
 
Building target: AdvanceAlarm.elf
Invoking: MCU GCC Linker
arm-none-eabi-gcc -mcpu=cortex-m4 -mthumb -mfloat-abi=hard -mfpu=fpv4-sp-d16 -T"D:/MyFile/Engineering/microprocessor/nctu/Project/AdvanceAlarm/LinkerScript.ld" -Wl,-Map=output.map -Wl,--gc-sections -o "AdvanceAlarm.elf" @"objects.list"   -lm
Finished building target: AdvanceAlarm.elf
 
make --no-print-directory post-build
Generating binary and Printing size information:
arm-none-eabi-objcopy -O binary "AdvanceAlarm.elf" "AdvanceAlarm.bin"
arm-none-eabi-size "AdvanceAlarm.elf"
   text	   data	    bss	    dec	    hex	filename
   1464	   1088	   1088	   3640	    e38	AdvanceAlarm.elf
 
14:46:32 **** Incremental Build of configuration Debug for project AdvanceAlarm ****
make -j4 all 
Building file: ../src/main.c
Invoking: MCU GCC Compiler
D:\MyFile\Engineering\microprocessor\nctu\Project\AdvanceAlarm\Debug
arm-none-eabi-gcc -mcpu=cortex-m4 -mthumb -mfloat-abi=hard -mfpu=fpv4-sp-d16 -DSTM32 -DSTM32L4 -DSTM32L476RGTx -DNUCLEO_L476RG -DDEBUG -ID:/MyFile/Engineering/microprocessor/nctu/Project/AdvanceAlarm/inc -O0 -g3 -Wall -fmessage-length=0 -ffunction-sections -c -MMD -MP -MF"src/main.d" -MT"src/main.o" -o "src/main.o" "../src/main.c"
In file included from ../src/main.c:2:0:
../src/utility.h: In function 'HCSR04GetDistance':
../src/utility.h:173:6: warning: variable 'timeval' set but not used [-Wunused-but-set-variable]
  int timeval;
      ^~~~~~~
Finished building: ../src/main.c
 
Building target: AdvanceAlarm.elf
Invoking: MCU GCC Linker
arm-none-eabi-gcc -mcpu=cortex-m4 -mthumb -mfloat-abi=hard -mfpu=fpv4-sp-d16 -T"D:/MyFile/Engineering/microprocessor/nctu/Project/AdvanceAlarm/LinkerScript.ld" -Wl,-Map=output.map -Wl,--gc-sections -o "AdvanceAlarm.elf" @"objects.list"   -lm
Finished building target: AdvanceAlarm.elf
 
make --no-print-directory post-build
Generating binary and Printing size information:
arm-none-eabi-objcopy -O binary "AdvanceAlarm.elf" "AdvanceAlarm.bin"
arm-none-eabi-size "AdvanceAlarm.elf"
   text	   data	    bss	    dec	    hex	filename
   1376	   1088	   1088	   3552	    de0	AdvanceAlarm.elf
 
14:47:30 **** Incremental Build of configuration Debug for project AdvanceAlarm ****
make -j4 all 
Building file: ../src/main.c
Invoking: MCU GCC Compiler
D:\MyFile\Engineering\microprocessor\nctu\Project\AdvanceAlarm\Debug
arm-none-eabi-gcc -mcpu=cortex-m4 -mthumb -mfloat-abi=hard -mfpu=fpv4-sp-d16 -DSTM32 -DSTM32L4 -DSTM32L476RGTx -DNUCLEO_L476RG -DDEBUG -ID:/MyFile/Engineering/microprocessor/nctu/Project/AdvanceAlarm/inc -O0 -g3 -Wall -fmessage-length=0 -ffunction-sections -c -MMD -MP -MF"src/main.d" -MT"src/main.o" -o "src/main.o" "../src/main.c"
In file included from ../src/main.c:2:0:
../src/utility.h: In function 'HCSR04GetDistance':
../src/utility.h:173:6: warning: variable 'timeval' set but not used [-Wunused-but-set-variable]
  int timeval;
      ^~~~~~~
Finished building: ../src/main.c
 
Building target: AdvanceAlarm.elf
Invoking: MCU GCC Linker
arm-none-eabi-gcc -mcpu=cortex-m4 -mthumb -mfloat-abi=hard -mfpu=fpv4-sp-d16 -T"D:/MyFile/Engineering/microprocessor/nctu/Project/AdvanceAlarm/LinkerScript.ld" -Wl,-Map=output.map -Wl,--gc-sections -o "AdvanceAlarm.elf" @"objects.list"   -lm
Finished building target: AdvanceAlarm.elf
 
make --no-print-directory post-build
Generating binary and Printing size information:
arm-none-eabi-objcopy -O binary "AdvanceAlarm.elf" "AdvanceAlarm.bin"
arm-none-eabi-size "AdvanceAlarm.elf"
   text	   data	    bss	    dec	    hex	filename
   1392	   1088	   1088	   3568	    df0	AdvanceAlarm.elf
 
14:47:48 **** Incremental Build of configuration Debug for project AdvanceAlarm ****
make -j4 all 
Building file: ../src/main.c
Invoking: MCU GCC Compiler
D:\MyFile\Engineering\microprocessor\nctu\Project\AdvanceAlarm\Debug
arm-none-eabi-gcc -mcpu=cortex-m4 -mthumb -mfloat-abi=hard -mfpu=fpv4-sp-d16 -DSTM32 -DSTM32L4 -DSTM32L476RGTx -DNUCLEO_L476RG -DDEBUG -ID:/MyFile/Engineering/microprocessor/nctu/Project/AdvanceAlarm/inc -O0 -g3 -Wall -fmessage-length=0 -ffunction-sections -c -MMD -MP -MF"src/main.d" -MT"src/main.o" -o "src/main.o" "../src/main.c"
In file included from ../src/main.c:2:0:
../src/utility.h: In function 'HCSR04GetDistance':
../src/utility.h:173:6: warning: variable 'timeval' set but not used [-Wunused-but-set-variable]
  int timeval;
      ^~~~~~~
Finished building: ../src/main.c
 
Building target: AdvanceAlarm.elf
Invoking: MCU GCC Linker
arm-none-eabi-gcc -mcpu=cortex-m4 -mthumb -mfloat-abi=hard -mfpu=fpv4-sp-d16 -T"D:/MyFile/Engineering/microprocessor/nctu/Project/AdvanceAlarm/LinkerScript.ld" -Wl,-Map=output.map -Wl,--gc-sections -o "AdvanceAlarm.elf" @"objects.list"   -lm
Finished building target: AdvanceAlarm.elf
 
make --no-print-directory post-build
Generating binary and Printing size information:
arm-none-eabi-objcopy -O binary "AdvanceAlarm.elf" "AdvanceAlarm.bin"
arm-none-eabi-size "AdvanceAlarm.elf"
   text	   data	    bss	    dec	    hex	filename
   1480	   1088	   1088	   3656	    e48	AdvanceAlarm.elf
 
14:48:08 **** Incremental Build of configuration Debug for project AdvanceAlarm ****
make -j4 all 
Building file: ../src/main.c
Invoking: MCU GCC Compiler
D:\MyFile\Engineering\microprocessor\nctu\Project\AdvanceAlarm\Debug
arm-none-eabi-gcc -mcpu=cortex-m4 -mthumb -mfloat-abi=hard -mfpu=fpv4-sp-d16 -DSTM32 -DSTM32L4 -DSTM32L476RGTx -DNUCLEO_L476RG -DDEBUG -ID:/MyFile/Engineering/microprocessor/nctu/Project/AdvanceAlarm/inc -O0 -g3 -Wall -fmessage-length=0 -ffunction-sections -c -MMD -MP -MF"src/main.d" -MT"src/main.o" -o "src/main.o" "../src/main.c"
In file included from ../src/main.c:2:0:
../src/utility.h: In function 'HCSR04GetDistance':
../src/utility.h:173:6: warning: variable 'timeval' set but not used [-Wunused-but-set-variable]
  int timeval;
      ^~~~~~~
Finished building: ../src/main.c
 
Building target: AdvanceAlarm.elf
Invoking: MCU GCC Linker
arm-none-eabi-gcc -mcpu=cortex-m4 -mthumb -mfloat-abi=hard -mfpu=fpv4-sp-d16 -T"D:/MyFile/Engineering/microprocessor/nctu/Project/AdvanceAlarm/LinkerScript.ld" -Wl,-Map=output.map -Wl,--gc-sections -o "AdvanceAlarm.elf" @"objects.list"   -lm
Finished building target: AdvanceAlarm.elf
 
make --no-print-directory post-build
Generating binary and Printing size information:
arm-none-eabi-objcopy -O binary "AdvanceAlarm.elf" "AdvanceAlarm.bin"
arm-none-eabi-size "AdvanceAlarm.elf"
   text	   data	    bss	    dec	    hex	filename
   1488	   1088	   1088	   3664	    e50	AdvanceAlarm.elf
 
14:48:27 **** Incremental Build of configuration Debug for project AdvanceAlarm ****
make -j4 all 
Building file: ../src/main.c
Invoking: MCU GCC Compiler
D:\MyFile\Engineering\microprocessor\nctu\Project\AdvanceAlarm\Debug
arm-none-eabi-gcc -mcpu=cortex-m4 -mthumb -mfloat-abi=hard -mfpu=fpv4-sp-d16 -DSTM32 -DSTM32L4 -DSTM32L476RGTx -DNUCLEO_L476RG -DDEBUG -ID:/MyFile/Engineering/microprocessor/nctu/Project/AdvanceAlarm/inc -O0 -g3 -Wall -fmessage-length=0 -ffunction-sections -c -MMD -MP -MF"src/main.d" -MT"src/main.o" -o "src/main.o" "../src/main.c"
In file included from ../src/main.c:2:0:
../src/utility.h: In function 'HCSR04GetDistance':
../src/utility.h:173:6: warning: variable 'timeval' set but not used [-Wunused-but-set-variable]
  int timeval;
      ^~~~~~~
Finished building: ../src/main.c
 
Building target: AdvanceAlarm.elf
Invoking: MCU GCC Linker
arm-none-eabi-gcc -mcpu=cortex-m4 -mthumb -mfloat-abi=hard -mfpu=fpv4-sp-d16 -T"D:/MyFile/Engineering/microprocessor/nctu/Project/AdvanceAlarm/LinkerScript.ld" -Wl,-Map=output.map -Wl,--gc-sections -o "AdvanceAlarm.elf" @"objects.list"   -lm
Finished building target: AdvanceAlarm.elf
 
make --no-print-directory post-build
Generating binary and Printing size information:
arm-none-eabi-objcopy -O binary "AdvanceAlarm.elf" "AdvanceAlarm.bin"
arm-none-eabi-size "AdvanceAlarm.elf"
   text	   data	    bss	    dec	    hex	filename
   1480	   1088	   1088	   3656	    e48	AdvanceAlarm.elf
 
14:59:21 **** Incremental Build of configuration Debug for project AdvanceAlarm ****
make -j4 all 
make: Nothing to be done for 'all'.
15:10:46 **** Incremental Build of configuration Debug for project AdvanceAlarm ****
make -j4 all 
Building file: ../src/main.c
Invoking: MCU GCC Compiler
D:\MyFile\Engineering\microprocessor\nctu\Project\AdvanceAlarm\Debug
arm-none-eabi-gcc -mcpu=cortex-m4 -mthumb -mfloat-abi=hard -mfpu=fpv4-sp-d16 -DSTM32 -DSTM32L4 -DSTM32L476RGTx -DNUCLEO_L476RG -DDEBUG -ID:/MyFile/Engineering/microprocessor/nctu/Project/AdvanceAlarm/inc -O0 -g3 -Wall -fmessage-length=0 -ffunction-sections -c -MMD -MP -MF"src/main.d" -MT"src/main.o" -o "src/main.o" "../src/main.c"
In file included from ../src/main.c:2:0:
../src/utility.h: In function 'HCSR04GetDistance':
../src/utility.h:173:6: warning: variable 'timeval' set but not used [-Wunused-but-set-variable]
  int timeval;
      ^~~~~~~
Finished building: ../src/main.c
 
Building target: AdvanceAlarm.elf
Invoking: MCU GCC Linker
arm-none-eabi-gcc -mcpu=cortex-m4 -mthumb -mfloat-abi=hard -mfpu=fpv4-sp-d16 -T"D:/MyFile/Engineering/microprocessor/nctu/Project/AdvanceAlarm/LinkerScript.ld" -Wl,-Map=output.map -Wl,--gc-sections -o "AdvanceAlarm.elf" @"objects.list"   -lm
Finished building target: AdvanceAlarm.elf
 
make --no-print-directory post-build
Generating binary and Printing size information:
arm-none-eabi-objcopy -O binary "AdvanceAlarm.elf" "AdvanceAlarm.bin"
arm-none-eabi-size "AdvanceAlarm.elf"
   text	   data	    bss	    dec	    hex	filename
   1392	   1088	   1088	   3568	    df0	AdvanceAlarm.elf
 
15:10:57 **** Incremental Build of configuration Debug for project AdvanceAlarm ****
make -j4 all 
make: Nothing to be done for 'all'.
15:11:07 **** Incremental Build of configuration Debug for project AdvanceAlarm ****
make -j4 all 
make: Nothing to be done for 'all'.
15:11:36 **** Incremental Build of configuration Debug for project AdvanceAlarm ****
make -j4 all 
make: Nothing to be done for 'all'.
15:12:24 **** Incremental Build of configuration Debug for project AdvanceAlarm ****
make -j4 all 
make: Nothing to be done for 'all'.
15:12:58 **** Incremental Build of configuration Debug for project AdvanceAlarm ****
make -j4 all 
Building file: ../src/main.c
Invoking: MCU GCC Compiler
D:\MyFile\Engineering\microprocessor\nctu\Project\AdvanceAlarm\Debug
arm-none-eabi-gcc -mcpu=cortex-m4 -mthumb -mfloat-abi=hard -mfpu=fpv4-sp-d16 -DSTM32 -DSTM32L4 -DSTM32L476RGTx -DNUCLEO_L476RG -DDEBUG -ID:/MyFile/Engineering/microprocessor/nctu/Project/AdvanceAlarm/inc -O0 -g3 -Wall -fmessage-length=0 -ffunction-sections -c -MMD -MP -MF"src/main.d" -MT"src/main.o" -o "src/main.o" "../src/main.c"
In file included from ../src/main.c:2:0:
../src/utility.h: In function 'HCSR04GetDistance':
../src/utility.h:173:6: warning: variable 'timeval' set but not used [-Wunused-but-set-variable]
  int timeval;
      ^~~~~~~
Finished building: ../src/main.c
 
Building target: AdvanceAlarm.elf
Invoking: MCU GCC Linker
arm-none-eabi-gcc -mcpu=cortex-m4 -mthumb -mfloat-abi=hard -mfpu=fpv4-sp-d16 -T"D:/MyFile/Engineering/microprocessor/nctu/Project/AdvanceAlarm/LinkerScript.ld" -Wl,-Map=output.map -Wl,--gc-sections -o "AdvanceAlarm.elf" @"objects.list"   -lm
Finished building target: AdvanceAlarm.elf
 
make --no-print-directory post-build
Generating binary and Printing size information:
arm-none-eabi-objcopy -O binary "AdvanceAlarm.elf" "AdvanceAlarm.bin"
arm-none-eabi-size "AdvanceAlarm.elf"
   text	   data	    bss	    dec	    hex	filename
   1480	   1088	   1088	   3656	    e48	AdvanceAlarm.elf
 
15:13:10 **** Incremental Build of configuration Debug for project AdvanceAlarm ****
make -j4 all 
make: Nothing to be done for 'all'.
15:13:20 **** Incremental Build of configuration Debug for project AdvanceAlarm ****
make -j4 all 
make: Nothing to be done for 'all'.
15:13:28 **** Incremental Build of configuration Debug for project AdvanceAlarm ****
make -j4 all 
make: Nothing to be done for 'all'.
15:19:00 **** Incremental Build of configuration Debug for project AdvanceAlarm ****
make -j4 all 
Building file: ../src/main.c
Invoking: MCU GCC Compiler
D:\MyFile\Engineering\microprocessor\nctu\Project\AdvanceAlarm\Debug
arm-none-eabi-gcc -mcpu=cortex-m4 -mthumb -mfloat-abi=hard -mfpu=fpv4-sp-d16 -DSTM32 -DSTM32L4 -DSTM32L476RGTx -DNUCLEO_L476RG -DDEBUG -ID:/MyFile/Engineering/microprocessor/nctu/Project/AdvanceAlarm/inc -O0 -g3 -Wall -fmessage-length=0 -ffunction-sections -c -MMD -MP -MF"src/main.d" -MT"src/main.o" -o "src/main.o" "../src/main.c"
In file included from ../src/main.c:2:0:
../src/utility.h: In function 'HCSR04GetDistance':
../src/utility.h:173:6: warning: variable 'timeval' set but not used [-Wunused-but-set-variable]
  int timeval;
      ^~~~~~~
../src/utility.h: In function 'PressDetection':
../src/utility.h:226:2: warning: implicit declaration of function 'delay_Us'; did you mean 'Delay_Us'? [-Wimplicit-function-declaration]
  delay_Us(1);
  ^~~~~~~~
  Delay_Us
../src/utility.h:229:3: warning: implicit declaration of function 'GPIO_SetBits' [-Wimplicit-function-declaration]
   GPIO_SetBits(GPIOB, GPIO_Pin_4);
   ^~~~~~~~~~~~
../src/utility.h:231:1: warning: control reaches end of non-void function [-Wreturn-type]
 }
 ^
Finished building: ../src/main.c
 
Building target: AdvanceAlarm.elf
Invoking: MCU GCC Linker
arm-none-eabi-gcc -mcpu=cortex-m4 -mthumb -mfloat-abi=hard -mfpu=fpv4-sp-d16 -T"D:/MyFile/Engineering/microprocessor/nctu/Project/AdvanceAlarm/LinkerScript.ld" -Wl,-Map=output.map -Wl,--gc-sections -o "AdvanceAlarm.elf" @"objects.list"   -lm
src/main.o: In function `PressDetection':
D:\MyFile\Engineering\microprocessor\nctu\Project\AdvanceAlarm\Debug/../src/utility.h:226: undefined reference to `delay_Us'
D:\MyFile\Engineering\microprocessor\nctu\Project\AdvanceAlarm\Debug/../src/utility.h:229: undefined reference to `GPIO_SetBits'
collect2.exe: error: ld returned 1 exit status
makefile:34: recipe for target 'AdvanceAlarm.elf' failed
make: *** [AdvanceAlarm.elf] Error 1
16:20:27 **** Incremental Build of configuration Debug for project AdvanceAlarm ****
make -j4 all 
Building file: ../src/utility.s
Building file: ../src/main.c
Invoking: MCU GCC Assembler
Invoking: MCU GCC Compiler
D:\MyFile\Engineering\microprocessor\nctu\Project\AdvanceAlarm\Debug
D:\MyFile\Engineering\microprocessor\nctu\Project\AdvanceAlarm\Debug
arm-none-eabi-as -mcpu=cortex-m4 -mthumb -mfloat-abi=hard -mfpu=fpv4-sp-d16 -g -o "src/utility.o" "../src/utility.s"
arm-none-eabi-gcc -mcpu=cortex-m4 -mthumb -mfloat-abi=hard -mfpu=fpv4-sp-d16 -DSTM32 -DSTM32L4 -DSTM32L476RGTx -DNUCLEO_L476RG -DDEBUG -ID:/MyFile/Engineering/microprocessor/nctu/Project/AdvanceAlarm/inc -O0 -g3 -Wall -fmessage-length=0 -ffunction-sections -c -MMD -MP -MF"src/main.d" -MT"src/main.o" -o "src/main.o" "../src/main.c"
Finished building: ../src/utility.s
 
In file included from ../src/main.c:2:0:
../src/utility.h: In function 'HCSR04GetDistance':
../src/utility.h:173:6: warning: variable 'timeval' set but not used [-Wunused-but-set-variable]
  int timeval;
      ^~~~~~~
../src/utility.h: In function 'init_hx711':
../src/utility.h:225:2: warning: implicit declaration of function 'SetInputDataBit'; did you mean 'GPIO_SetInputDataBit'? [-Wimplicit-function-declaration]
  SetInputDataBit(GPIOB, 4, 1);
  ^~~~~~~~~~~~~~~
  GPIO_SetInputDataBit
../src/utility.h:226:2: warning: implicit declaration of function 'SetOutputDataBit'; did you mean 'GPIO_SetOutputDataBit'? [-Wimplicit-function-declaration]
  SetOutputDataBit(GPIOB, 5, 0);
  ^~~~~~~~~~~~~~~~
  GPIO_SetOutputDataBit
Finished building: ../src/main.c
 
Building target: AdvanceAlarm.elf
Invoking: MCU GCC Linker
arm-none-eabi-gcc -mcpu=cortex-m4 -mthumb -mfloat-abi=hard -mfpu=fpv4-sp-d16 -T"D:/MyFile/Engineering/microprocessor/nctu/Project/AdvanceAlarm/LinkerScript.ld" -Wl,-Map=output.map -Wl,--gc-sections -o "AdvanceAlarm.elf" @"objects.list"   -lm
src/main.o: In function `init_hx711':
D:\MyFile\Engineering\microprocessor\nctu\Project\AdvanceAlarm\Debug/../src/utility.h:225: undefined reference to `SetInputDataBit'
D:\MyFile\Engineering\microprocessor\nctu\Project\AdvanceAlarm\Debug/../src/utility.h:226: undefined reference to `SetOutputDataBit'
src/main.o: In function `PressDetection':
D:\MyFile\Engineering\microprocessor\nctu\Project\AdvanceAlarm\Debug/../src/utility.h:235: undefined reference to `SetOutputDataBit'
collect2.exe: error: ld returned 1 exit status
make: *** [AdvanceAlarm.elf] Error 1
makefile:34: recipe for target 'AdvanceAlarm.elf' failed
16:20:47 **** Incremental Build of configuration Debug for project AdvanceAlarm ****
make -j4 all 
Building file: ../src/main.c
Invoking: MCU GCC Compiler
D:\MyFile\Engineering\microprocessor\nctu\Project\AdvanceAlarm\Debug
arm-none-eabi-gcc -mcpu=cortex-m4 -mthumb -mfloat-abi=hard -mfpu=fpv4-sp-d16 -DSTM32 -DSTM32L4 -DSTM32L476RGTx -DNUCLEO_L476RG -DDEBUG -ID:/MyFile/Engineering/microprocessor/nctu/Project/AdvanceAlarm/inc -O0 -g3 -Wall -fmessage-length=0 -ffunction-sections -c -MMD -MP -MF"src/main.d" -MT"src/main.o" -o "src/main.o" "../src/main.c"
In file included from ../src/main.c:2:0:
../src/utility.h: In function 'HCSR04GetDistance':
../src/utility.h:173:6: warning: variable 'timeval' set but not used [-Wunused-but-set-variable]
  int timeval;
      ^~~~~~~
../src/utility.h: In function 'init_hx711':
../src/utility.h:225:2: warning: implicit declaration of function 'SetInputDataBit'; did you mean 'GPIO_SetInputDataBit'? [-Wimplicit-function-declaration]
  SetInputDataBit(GPIOB, 4, 1);
  ^~~~~~~~~~~~~~~
  GPIO_SetInputDataBit
../src/utility.h:226:2: warning: implicit declaration of function 'SetOutputDataBit'; did you mean 'GPIO_SetOutputDataBit'? [-Wimplicit-function-declaration]
  SetOutputDataBit(GPIOB, 5, 0);
  ^~~~~~~~~~~~~~~~
  GPIO_SetOutputDataBit
Finished building: ../src/main.c
 
Building target: AdvanceAlarm.elf
Invoking: MCU GCC Linker
arm-none-eabi-gcc -mcpu=cortex-m4 -mthumb -mfloat-abi=hard -mfpu=fpv4-sp-d16 -T"D:/MyFile/Engineering/microprocessor/nctu/Project/AdvanceAlarm/LinkerScript.ld" -Wl,-Map=output.map -Wl,--gc-sections -o "AdvanceAlarm.elf" @"objects.list"   -lm
src/main.o: In function `init_hx711':
D:\MyFile\Engineering\microprocessor\nctu\Project\AdvanceAlarm\Debug/../src/utility.h:225: undefined reference to `SetInputDataBit'
D:\MyFile\Engineering\microprocessor\nctu\Project\AdvanceAlarm\Debug/../src/utility.h:226: undefined reference to `SetOutputDataBit'
collect2.exe: error: ld returned 1 exit status
makefile:34: recipe for target 'AdvanceAlarm.elf' failed
make: *** [AdvanceAlarm.elf] Error 1
16:20:59 **** Incremental Build of configuration Debug for project AdvanceAlarm ****
make -j4 all 
Building file: ../src/main.c
Invoking: MCU GCC Compiler
D:\MyFile\Engineering\microprocessor\nctu\Project\AdvanceAlarm\Debug
arm-none-eabi-gcc -mcpu=cortex-m4 -mthumb -mfloat-abi=hard -mfpu=fpv4-sp-d16 -DSTM32 -DSTM32L4 -DSTM32L476RGTx -DNUCLEO_L476RG -DDEBUG -ID:/MyFile/Engineering/microprocessor/nctu/Project/AdvanceAlarm/inc -O0 -g3 -Wall -fmessage-length=0 -ffunction-sections -c -MMD -MP -MF"src/main.d" -MT"src/main.o" -o "src/main.o" "../src/main.c"
In file included from ../src/main.c:2:0:
../src/utility.h: In function 'HCSR04GetDistance':
../src/utility.h:173:6: warning: variable 'timeval' set but not used [-Wunused-but-set-variable]
  int timeval;
      ^~~~~~~
Finished building: ../src/main.c
 
Building target: AdvanceAlarm.elf
Invoking: MCU GCC Linker
arm-none-eabi-gcc -mcpu=cortex-m4 -mthumb -mfloat-abi=hard -mfpu=fpv4-sp-d16 -T"D:/MyFile/Engineering/microprocessor/nctu/Project/AdvanceAlarm/LinkerScript.ld" -Wl,-Map=output.map -Wl,--gc-sections -o "AdvanceAlarm.elf" @"objects.list"   -lm
Finished building target: AdvanceAlarm.elf
 
make --no-print-directory post-build
Generating binary and Printing size information:
arm-none-eabi-objcopy -O binary "AdvanceAlarm.elf" "AdvanceAlarm.bin"
arm-none-eabi-size "AdvanceAlarm.elf"
   text	   data	    bss	    dec	    hex	filename
   1768	   1088	   1088	   3944	    f68	AdvanceAlarm.elf
 
16:27:22 **** Incremental Build of configuration Debug for project AdvanceAlarm ****
make -j4 all 
Building file: ../src/main.c
Invoking: MCU GCC Compiler
D:\MyFile\Engineering\microprocessor\nctu\Project\AdvanceAlarm\Debug
arm-none-eabi-gcc -mcpu=cortex-m4 -mthumb -mfloat-abi=hard -mfpu=fpv4-sp-d16 -DSTM32 -DSTM32L4 -DSTM32L476RGTx -DNUCLEO_L476RG -DDEBUG -ID:/MyFile/Engineering/microprocessor/nctu/Project/AdvanceAlarm/inc -O0 -g3 -Wall -fmessage-length=0 -ffunction-sections -c -MMD -MP -MF"src/main.d" -MT"src/main.o" -o "src/main.o" "../src/main.c"
In file included from ../src/main.c:2:0:
../src/utility.h: In function 'HCSR04GetDistance':
../src/utility.h:173:6: warning: variable 'timeval' set but not used [-Wunused-but-set-variable]
  int timeval;
      ^~~~~~~
Finished building: ../src/main.c
 
Building target: AdvanceAlarm.elf
Invoking: MCU GCC Linker
arm-none-eabi-gcc -mcpu=cortex-m4 -mthumb -mfloat-abi=hard -mfpu=fpv4-sp-d16 -T"D:/MyFile/Engineering/microprocessor/nctu/Project/AdvanceAlarm/LinkerScript.ld" -Wl,-Map=output.map -Wl,--gc-sections -o "AdvanceAlarm.elf" @"objects.list"   -lm
Finished building target: AdvanceAlarm.elf
 
make --no-print-directory post-build
Generating binary and Printing size information:
arm-none-eabi-objcopy -O binary "AdvanceAlarm.elf" "AdvanceAlarm.bin"
arm-none-eabi-size "AdvanceAlarm.elf"
   text	   data	    bss	    dec	    hex	filename
   3032	   1088	   1088	   5208	   1458	AdvanceAlarm.elf
 
16:27:33 **** Incremental Build of configuration Debug for project AdvanceAlarm ****
make -j4 all 
Building file: ../src/main.c
Invoking: MCU GCC Compiler
D:\MyFile\Engineering\microprocessor\nctu\Project\AdvanceAlarm\Debug
arm-none-eabi-gcc -mcpu=cortex-m4 -mthumb -mfloat-abi=hard -mfpu=fpv4-sp-d16 -DSTM32 -DSTM32L4 -DSTM32L476RGTx -DNUCLEO_L476RG -DDEBUG -ID:/MyFile/Engineering/microprocessor/nctu/Project/AdvanceAlarm/inc -O0 -g3 -Wall -fmessage-length=0 -ffunction-sections -c -MMD -MP -MF"src/main.d" -MT"src/main.o" -o "src/main.o" "../src/main.c"
In file included from ../src/main.c:2:0:
../src/utility.h: In function 'HCSR04GetDistance':
../src/utility.h:173:6: warning: variable 'timeval' set but not used [-Wunused-but-set-variable]
  int timeval;
      ^~~~~~~
Finished building: ../src/main.c
 
Building target: AdvanceAlarm.elf
Invoking: MCU GCC Linker
arm-none-eabi-gcc -mcpu=cortex-m4 -mthumb -mfloat-abi=hard -mfpu=fpv4-sp-d16 -T"D:/MyFile/Engineering/microprocessor/nctu/Project/AdvanceAlarm/LinkerScript.ld" -Wl,-Map=output.map -Wl,--gc-sections -o "AdvanceAlarm.elf" @"objects.list"   -lm
Finished building target: AdvanceAlarm.elf
 
make --no-print-directory post-build
Generating binary and Printing size information:
arm-none-eabi-objcopy -O binary "AdvanceAlarm.elf" "AdvanceAlarm.bin"
arm-none-eabi-size "AdvanceAlarm.elf"
   text	   data	    bss	    dec	    hex	filename
   3048	   1088	   1088	   5224	   1468	AdvanceAlarm.elf
 
16:27:45 **** Incremental Build of configuration Debug for project AdvanceAlarm ****
make -j4 all 
Building file: ../src/main.c
Invoking: MCU GCC Compiler
D:\MyFile\Engineering\microprocessor\nctu\Project\AdvanceAlarm\Debug
arm-none-eabi-gcc -mcpu=cortex-m4 -mthumb -mfloat-abi=hard -mfpu=fpv4-sp-d16 -DSTM32 -DSTM32L4 -DSTM32L476RGTx -DNUCLEO_L476RG -DDEBUG -ID:/MyFile/Engineering/microprocessor/nctu/Project/AdvanceAlarm/inc -O0 -g3 -Wall -fmessage-length=0 -ffunction-sections -c -MMD -MP -MF"src/main.d" -MT"src/main.o" -o "src/main.o" "../src/main.c"
In file included from ../src/main.c:2:0:
../src/utility.h: In function 'HCSR04GetDistance':
../src/utility.h:173:6: warning: variable 'timeval' set but not used [-Wunused-but-set-variable]
  int timeval;
      ^~~~~~~
Finished building: ../src/main.c
 
Building target: AdvanceAlarm.elf
Invoking: MCU GCC Linker
arm-none-eabi-gcc -mcpu=cortex-m4 -mthumb -mfloat-abi=hard -mfpu=fpv4-sp-d16 -T"D:/MyFile/Engineering/microprocessor/nctu/Project/AdvanceAlarm/LinkerScript.ld" -Wl,-Map=output.map -Wl,--gc-sections -o "AdvanceAlarm.elf" @"objects.list"   -lm
Finished building target: AdvanceAlarm.elf
 
make --no-print-directory post-build
Generating binary and Printing size information:
arm-none-eabi-objcopy -O binary "AdvanceAlarm.elf" "AdvanceAlarm.bin"
arm-none-eabi-size "AdvanceAlarm.elf"
   text	   data	    bss	    dec	    hex	filename
   3072	   1088	   1088	   5248	   1480	AdvanceAlarm.elf
 
16:27:59 **** Incremental Build of configuration Debug for project AdvanceAlarm ****
make -j4 all 
Building file: ../src/main.c
Invoking: MCU GCC Compiler
D:\MyFile\Engineering\microprocessor\nctu\Project\AdvanceAlarm\Debug
arm-none-eabi-gcc -mcpu=cortex-m4 -mthumb -mfloat-abi=hard -mfpu=fpv4-sp-d16 -DSTM32 -DSTM32L4 -DSTM32L476RGTx -DNUCLEO_L476RG -DDEBUG -ID:/MyFile/Engineering/microprocessor/nctu/Project/AdvanceAlarm/inc -O0 -g3 -Wall -fmessage-length=0 -ffunction-sections -c -MMD -MP -MF"src/main.d" -MT"src/main.o" -o "src/main.o" "../src/main.c"
In file included from ../src/main.c:2:0:
../src/utility.h: In function 'HCSR04GetDistance':
../src/utility.h:173:6: warning: variable 'timeval' set but not used [-Wunused-but-set-variable]
  int timeval;
      ^~~~~~~
Finished building: ../src/main.c
 
Building target: AdvanceAlarm.elf
Invoking: MCU GCC Linker
arm-none-eabi-gcc -mcpu=cortex-m4 -mthumb -mfloat-abi=hard -mfpu=fpv4-sp-d16 -T"D:/MyFile/Engineering/microprocessor/nctu/Project/AdvanceAlarm/LinkerScript.ld" -Wl,-Map=output.map -Wl,--gc-sections -o "AdvanceAlarm.elf" @"objects.list"   -lm
Finished building target: AdvanceAlarm.elf
 
make --no-print-directory post-build
Generating binary and Printing size information:
arm-none-eabi-objcopy -O binary "AdvanceAlarm.elf" "AdvanceAlarm.bin"
arm-none-eabi-size "AdvanceAlarm.elf"
   text	   data	    bss	    dec	    hex	filename
   3080	   1088	   1088	   5256	   1488	AdvanceAlarm.elf
 
16:28:07 **** Incremental Build of configuration Debug for project AdvanceAlarm ****
make -j4 all 
Building file: ../src/main.c
Invoking: MCU GCC Compiler
D:\MyFile\Engineering\microprocessor\nctu\Project\AdvanceAlarm\Debug
arm-none-eabi-gcc -mcpu=cortex-m4 -mthumb -mfloat-abi=hard -mfpu=fpv4-sp-d16 -DSTM32 -DSTM32L4 -DSTM32L476RGTx -DNUCLEO_L476RG -DDEBUG -ID:/MyFile/Engineering/microprocessor/nctu/Project/AdvanceAlarm/inc -O0 -g3 -Wall -fmessage-length=0 -ffunction-sections -c -MMD -MP -MF"src/main.d" -MT"src/main.o" -o "src/main.o" "../src/main.c"
In file included from ../src/main.c:2:0:
../src/utility.h: In function 'HCSR04GetDistance':
../src/utility.h:173:6: warning: variable 'timeval' set but not used [-Wunused-but-set-variable]
  int timeval;
      ^~~~~~~
Finished building: ../src/main.c
 
Building target: AdvanceAlarm.elf
Invoking: MCU GCC Linker
arm-none-eabi-gcc -mcpu=cortex-m4 -mthumb -mfloat-abi=hard -mfpu=fpv4-sp-d16 -T"D:/MyFile/Engineering/microprocessor/nctu/Project/AdvanceAlarm/LinkerScript.ld" -Wl,-Map=output.map -Wl,--gc-sections -o "AdvanceAlarm.elf" @"objects.list"   -lm
Finished building target: AdvanceAlarm.elf
 
make --no-print-directory post-build
Generating binary and Printing size information:
arm-none-eabi-objcopy -O binary "AdvanceAlarm.elf" "AdvanceAlarm.bin"
arm-none-eabi-size "AdvanceAlarm.elf"
   text	   data	    bss	    dec	    hex	filename
   3048	   1088	   1088	   5224	   1468	AdvanceAlarm.elf
 
16:33:31 **** Incremental Build of configuration Debug for project AdvanceAlarm ****
make -j4 all 
Building file: ../src/main.c
Invoking: MCU GCC Compiler
D:\MyFile\Engineering\microprocessor\nctu\Project\AdvanceAlarm\Debug
arm-none-eabi-gcc -mcpu=cortex-m4 -mthumb -mfloat-abi=hard -mfpu=fpv4-sp-d16 -DSTM32 -DSTM32L4 -DSTM32L476RGTx -DNUCLEO_L476RG -DDEBUG -ID:/MyFile/Engineering/microprocessor/nctu/Project/AdvanceAlarm/inc -O0 -g3 -Wall -fmessage-length=0 -ffunction-sections -c -MMD -MP -MF"src/main.d" -MT"src/main.o" -o "src/main.o" "../src/main.c"
In file included from ../src/main.c:2:0:
../src/utility.h: In function 'HCSR04GetDistance':
../src/utility.h:173:6: warning: variable 'timeval' set but not used [-Wunused-but-set-variable]
  int timeval;
      ^~~~~~~
Finished building: ../src/main.c
 
Building target: AdvanceAlarm.elf
Invoking: MCU GCC Linker
arm-none-eabi-gcc -mcpu=cortex-m4 -mthumb -mfloat-abi=hard -mfpu=fpv4-sp-d16 -T"D:/MyFile/Engineering/microprocessor/nctu/Project/AdvanceAlarm/LinkerScript.ld" -Wl,-Map=output.map -Wl,--gc-sections -o "AdvanceAlarm.elf" @"objects.list"   -lm
Finished building target: AdvanceAlarm.elf
 
make --no-print-directory post-build
Generating binary and Printing size information:
arm-none-eabi-objcopy -O binary "AdvanceAlarm.elf" "AdvanceAlarm.bin"
arm-none-eabi-size "AdvanceAlarm.elf"
   text	   data	    bss	    dec	    hex	filename
   2864	   1088	   1088	   5040	   13b0	AdvanceAlarm.elf
 
16:33:36 **** Incremental Build of configuration Debug for project AdvanceAlarm ****
make -j4 all 
Building file: ../src/main.c
Invoking: MCU GCC Compiler
D:\MyFile\Engineering\microprocessor\nctu\Project\AdvanceAlarm\Debug
arm-none-eabi-gcc -mcpu=cortex-m4 -mthumb -mfloat-abi=hard -mfpu=fpv4-sp-d16 -DSTM32 -DSTM32L4 -DSTM32L476RGTx -DNUCLEO_L476RG -DDEBUG -ID:/MyFile/Engineering/microprocessor/nctu/Project/AdvanceAlarm/inc -O0 -g3 -Wall -fmessage-length=0 -ffunction-sections -c -MMD -MP -MF"src/main.d" -MT"src/main.o" -o "src/main.o" "../src/main.c"
In file included from ../src/main.c:2:0:
../src/utility.h: In function 'HCSR04GetDistance':
../src/utility.h:173:6: warning: variable 'timeval' set but not used [-Wunused-but-set-variable]
  int timeval;
      ^~~~~~~
Finished building: ../src/main.c
 
Building target: AdvanceAlarm.elf
Invoking: MCU GCC Linker
arm-none-eabi-gcc -mcpu=cortex-m4 -mthumb -mfloat-abi=hard -mfpu=fpv4-sp-d16 -T"D:/MyFile/Engineering/microprocessor/nctu/Project/AdvanceAlarm/LinkerScript.ld" -Wl,-Map=output.map -Wl,--gc-sections -o "AdvanceAlarm.elf" @"objects.list"   -lm
Finished building target: AdvanceAlarm.elf
 
make --no-print-directory post-build
Generating binary and Printing size information:
arm-none-eabi-objcopy -O binary "AdvanceAlarm.elf" "AdvanceAlarm.bin"
arm-none-eabi-size "AdvanceAlarm.elf"
   text	   data	    bss	    dec	    hex	filename
   2848	   1088	   1088	   5024	   13a0	AdvanceAlarm.elf
 
16:33:44 **** Incremental Build of configuration Debug for project AdvanceAlarm ****
make -j4 all 
make: Nothing to be done for 'all'.
16:37:11 **** Incremental Build of configuration Debug for project AdvanceAlarm ****
make -j4 all 
make: Nothing to be done for 'all'.
16:52:50 **** Incremental Build of configuration Debug for project AdvanceAlarm ****
make -j4 all 
Building file: ../src/main.c
Invoking: MCU GCC Compiler
D:\MyFile\Engineering\microprocessor\nctu\Project\AdvanceAlarm\Debug
arm-none-eabi-gcc -mcpu=cortex-m4 -mthumb -mfloat-abi=hard -mfpu=fpv4-sp-d16 -DSTM32 -DSTM32L4 -DSTM32L476RGTx -DNUCLEO_L476RG -DDEBUG -ID:/MyFile/Engineering/microprocessor/nctu/Project/AdvanceAlarm/inc -O0 -g3 -Wall -fmessage-length=0 -ffunction-sections -c -MMD -MP -MF"src/main.d" -MT"src/main.o" -o "src/main.o" "../src/main.c"
In file included from ../src/main.c:2:0:
../src/utility.h: In function 'HCSR04GetDistance':
../src/utility.h:185:6: warning: variable 'timeval' set but not used [-Wunused-but-set-variable]
  int timeval;
      ^~~~~~~
Finished building: ../src/main.c
 
Building target: AdvanceAlarm.elf
Invoking: MCU GCC Linker
arm-none-eabi-gcc -mcpu=cortex-m4 -mthumb -mfloat-abi=hard -mfpu=fpv4-sp-d16 -T"D:/MyFile/Engineering/microprocessor/nctu/Project/AdvanceAlarm/LinkerScript.ld" -Wl,-Map=output.map -Wl,--gc-sections -o "AdvanceAlarm.elf" @"objects.list"   -lm
Finished building target: AdvanceAlarm.elf
 
make --no-print-directory post-build
Generating binary and Printing size information:
arm-none-eabi-objcopy -O binary "AdvanceAlarm.elf" "AdvanceAlarm.bin"
arm-none-eabi-size "AdvanceAlarm.elf"
   text	   data	    bss	    dec	    hex	filename
   3056	   1088	   1096	   5240	   1478	AdvanceAlarm.elf
 
16:59:22 **** Incremental Build of configuration Debug for project AdvanceAlarm ****
make -j4 all 
Building file: ../src/main.c
Invoking: MCU GCC Compiler
D:\MyFile\Engineering\microprocessor\nctu\Project\AdvanceAlarm\Debug
arm-none-eabi-gcc -mcpu=cortex-m4 -mthumb -mfloat-abi=hard -mfpu=fpv4-sp-d16 -DSTM32 -DSTM32L4 -DSTM32L476RGTx -DNUCLEO_L476RG -DDEBUG -ID:/MyFile/Engineering/microprocessor/nctu/Project/AdvanceAlarm/inc -O0 -g3 -Wall -fmessage-length=0 -ffunction-sections -c -MMD -MP -MF"src/main.d" -MT"src/main.o" -o "src/main.o" "../src/main.c"
In file included from ../src/main.c:2:0:
../src/utility.h: In function 'HCSR04GetDistance':
../src/utility.h:185:6: warning: variable 'timeval' set but not used [-Wunused-but-set-variable]
  int timeval;
      ^~~~~~~
Finished building: ../src/main.c
 
Building target: AdvanceAlarm.elf
Invoking: MCU GCC Linker
arm-none-eabi-gcc -mcpu=cortex-m4 -mthumb -mfloat-abi=hard -mfpu=fpv4-sp-d16 -T"D:/MyFile/Engineering/microprocessor/nctu/Project/AdvanceAlarm/LinkerScript.ld" -Wl,-Map=output.map -Wl,--gc-sections -o "AdvanceAlarm.elf" @"objects.list"   -lm
Finished building target: AdvanceAlarm.elf
 
make --no-print-directory post-build
Generating binary and Printing size information:
arm-none-eabi-objcopy -O binary "AdvanceAlarm.elf" "AdvanceAlarm.bin"
arm-none-eabi-size "AdvanceAlarm.elf"
   text	   data	    bss	    dec	    hex	filename
   3976	   1088	   1096	   6160	   1810	AdvanceAlarm.elf
 
16:59:52 **** Incremental Build of configuration Debug for project AdvanceAlarm ****
make -j4 all 
Building file: ../src/main.c
Invoking: MCU GCC Compiler
D:\MyFile\Engineering\microprocessor\nctu\Project\AdvanceAlarm\Debug
arm-none-eabi-gcc -mcpu=cortex-m4 -mthumb -mfloat-abi=hard -mfpu=fpv4-sp-d16 -DSTM32 -DSTM32L4 -DSTM32L476RGTx -DNUCLEO_L476RG -DDEBUG -ID:/MyFile/Engineering/microprocessor/nctu/Project/AdvanceAlarm/inc -O0 -g3 -Wall -fmessage-length=0 -ffunction-sections -c -MMD -MP -MF"src/main.d" -MT"src/main.o" -o "src/main.o" "../src/main.c"
In file included from ../src/main.c:2:0:
../src/utility.h: In function 'HCSR04GetDistance':
../src/utility.h:185:6: warning: variable 'timeval' set but not used [-Wunused-but-set-variable]
  int timeval;
      ^~~~~~~
Finished building: ../src/main.c
 
Building target: AdvanceAlarm.elf
Invoking: MCU GCC Linker
arm-none-eabi-gcc -mcpu=cortex-m4 -mthumb -mfloat-abi=hard -mfpu=fpv4-sp-d16 -T"D:/MyFile/Engineering/microprocessor/nctu/Project/AdvanceAlarm/LinkerScript.ld" -Wl,-Map=output.map -Wl,--gc-sections -o "AdvanceAlarm.elf" @"objects.list"   -lm
Finished building target: AdvanceAlarm.elf
 
make --no-print-directory post-build
Generating binary and Printing size information:
arm-none-eabi-objcopy -O binary "AdvanceAlarm.elf" "AdvanceAlarm.bin"
arm-none-eabi-size "AdvanceAlarm.elf"
   text	   data	    bss	    dec	    hex	filename
   3360	   1088	   1096	   5544	   15a8	AdvanceAlarm.elf
 
17:00:17 **** Incremental Build of configuration Debug for project AdvanceAlarm ****
make -j4 all 
Building file: ../src/main.c
Invoking: MCU GCC Compiler
D:\MyFile\Engineering\microprocessor\nctu\Project\AdvanceAlarm\Debug
arm-none-eabi-gcc -mcpu=cortex-m4 -mthumb -mfloat-abi=hard -mfpu=fpv4-sp-d16 -DSTM32 -DSTM32L4 -DSTM32L476RGTx -DNUCLEO_L476RG -DDEBUG -ID:/MyFile/Engineering/microprocessor/nctu/Project/AdvanceAlarm/inc -O0 -g3 -Wall -fmessage-length=0 -ffunction-sections -c -MMD -MP -MF"src/main.d" -MT"src/main.o" -o "src/main.o" "../src/main.c"
In file included from ../src/main.c:2:0:
../src/utility.h: In function 'HCSR04GetDistance':
../src/utility.h:185:6: warning: variable 'timeval' set but not used [-Wunused-but-set-variable]
  int timeval;
      ^~~~~~~
Finished building: ../src/main.c
 
Building target: AdvanceAlarm.elf
Invoking: MCU GCC Linker
arm-none-eabi-gcc -mcpu=cortex-m4 -mthumb -mfloat-abi=hard -mfpu=fpv4-sp-d16 -T"D:/MyFile/Engineering/microprocessor/nctu/Project/AdvanceAlarm/LinkerScript.ld" -Wl,-Map=output.map -Wl,--gc-sections -o "AdvanceAlarm.elf" @"objects.list"   -lm
Finished building target: AdvanceAlarm.elf
 
make --no-print-directory post-build
Generating binary and Printing size information:
arm-none-eabi-objcopy -O binary "AdvanceAlarm.elf" "AdvanceAlarm.bin"
arm-none-eabi-size "AdvanceAlarm.elf"
   text	   data	    bss	    dec	    hex	filename
   3976	   1088	   1096	   6160	   1810	AdvanceAlarm.elf
 
17:01:46 **** Incremental Build of configuration Debug for project AdvanceAlarm ****
make -j4 all 
Building file: ../src/main.c
Invoking: MCU GCC Compiler
D:\MyFile\Engineering\microprocessor\nctu\Project\AdvanceAlarm\Debug
arm-none-eabi-gcc -mcpu=cortex-m4 -mthumb -mfloat-abi=hard -mfpu=fpv4-sp-d16 -DSTM32 -DSTM32L4 -DSTM32L476RGTx -DNUCLEO_L476RG -DDEBUG -ID:/MyFile/Engineering/microprocessor/nctu/Project/AdvanceAlarm/inc -O0 -g3 -Wall -fmessage-length=0 -ffunction-sections -c -MMD -MP -MF"src/main.d" -MT"src/main.o" -o "src/main.o" "../src/main.c"
In file included from ../src/main.c:2:0:
../src/utility.h: In function 'HCSR04GetDistance':
../src/utility.h:185:6: warning: variable 'timeval' set but not used [-Wunused-but-set-variable]
  int timeval;
      ^~~~~~~
Finished building: ../src/main.c
 
Building target: AdvanceAlarm.elf
Invoking: MCU GCC Linker
arm-none-eabi-gcc -mcpu=cortex-m4 -mthumb -mfloat-abi=hard -mfpu=fpv4-sp-d16 -T"D:/MyFile/Engineering/microprocessor/nctu/Project/AdvanceAlarm/LinkerScript.ld" -Wl,-Map=output.map -Wl,--gc-sections -o "AdvanceAlarm.elf" @"objects.list"   -lm
Finished building target: AdvanceAlarm.elf
 
make --no-print-directory post-build
Generating binary and Printing size information:
arm-none-eabi-objcopy -O binary "AdvanceAlarm.elf" "AdvanceAlarm.bin"
arm-none-eabi-size "AdvanceAlarm.elf"
   text	   data	    bss	    dec	    hex	filename
   3968	   1088	   1096	   6152	   1808	AdvanceAlarm.elf
 
17:02:31 **** Incremental Build of configuration Debug for project AdvanceAlarm ****
make -j4 all 
Building file: ../src/main.c
Invoking: MCU GCC Compiler
D:\MyFile\Engineering\microprocessor\nctu\Project\AdvanceAlarm\Debug
arm-none-eabi-gcc -mcpu=cortex-m4 -mthumb -mfloat-abi=hard -mfpu=fpv4-sp-d16 -DSTM32 -DSTM32L4 -DSTM32L476RGTx -DNUCLEO_L476RG -DDEBUG -ID:/MyFile/Engineering/microprocessor/nctu/Project/AdvanceAlarm/inc -O0 -g3 -Wall -fmessage-length=0 -ffunction-sections -c -MMD -MP -MF"src/main.d" -MT"src/main.o" -o "src/main.o" "../src/main.c"
In file included from ../src/main.c:2:0:
../src/utility.h: In function 'HCSR04GetDistance':
../src/utility.h:185:6: warning: variable 'timeval' set but not used [-Wunused-but-set-variable]
  int timeval;
      ^~~~~~~
Finished building: ../src/main.c
 
Building target: AdvanceAlarm.elf
Invoking: MCU GCC Linker
arm-none-eabi-gcc -mcpu=cortex-m4 -mthumb -mfloat-abi=hard -mfpu=fpv4-sp-d16 -T"D:/MyFile/Engineering/microprocessor/nctu/Project/AdvanceAlarm/LinkerScript.ld" -Wl,-Map=output.map -Wl,--gc-sections -o "AdvanceAlarm.elf" @"objects.list"   -lm
Finished building target: AdvanceAlarm.elf
 
make --no-print-directory post-build
Generating binary and Printing size information:
arm-none-eabi-objcopy -O binary "AdvanceAlarm.elf" "AdvanceAlarm.bin"
arm-none-eabi-size "AdvanceAlarm.elf"
   text	   data	    bss	    dec	    hex	filename
   1904	   1088	   1096	   4088	    ff8	AdvanceAlarm.elf
 
17:02:36 **** Incremental Build of configuration Debug for project AdvanceAlarm ****
make -j4 all 
make: Nothing to be done for 'all'.
17:03:23 **** Incremental Build of configuration Debug for project AdvanceAlarm ****
make -j4 all 
Building file: ../src/main.c
Invoking: MCU GCC Compiler
D:\MyFile\Engineering\microprocessor\nctu\Project\AdvanceAlarm\Debug
arm-none-eabi-gcc -mcpu=cortex-m4 -mthumb -mfloat-abi=hard -mfpu=fpv4-sp-d16 -DSTM32 -DSTM32L4 -DSTM32L476RGTx -DNUCLEO_L476RG -DDEBUG -ID:/MyFile/Engineering/microprocessor/nctu/Project/AdvanceAlarm/inc -O0 -g3 -Wall -fmessage-length=0 -ffunction-sections -c -MMD -MP -MF"src/main.d" -MT"src/main.o" -o "src/main.o" "../src/main.c"
In file included from ../src/main.c:2:0:
../src/utility.h: In function 'HCSR04GetDistance':
../src/utility.h:185:6: warning: variable 'timeval' set but not used [-Wunused-but-set-variable]
  int timeval;
      ^~~~~~~
Finished building: ../src/main.c
 
Building target: AdvanceAlarm.elf
Invoking: MCU GCC Linker
arm-none-eabi-gcc -mcpu=cortex-m4 -mthumb -mfloat-abi=hard -mfpu=fpv4-sp-d16 -T"D:/MyFile/Engineering/microprocessor/nctu/Project/AdvanceAlarm/LinkerScript.ld" -Wl,-Map=output.map -Wl,--gc-sections -o "AdvanceAlarm.elf" @"objects.list"   -lm
Finished building target: AdvanceAlarm.elf
 
make --no-print-directory post-build
Generating binary and Printing size information:
arm-none-eabi-objcopy -O binary "AdvanceAlarm.elf" "AdvanceAlarm.bin"
arm-none-eabi-size "AdvanceAlarm.elf"
   text	   data	    bss	    dec	    hex	filename
   3968	   1088	   1096	   6152	   1808	AdvanceAlarm.elf
 
17:05:32 **** Incremental Build of configuration Debug for project AdvanceAlarm ****
make -j4 all 
Building file: ../src/main.c
Invoking: MCU GCC Compiler
D:\MyFile\Engineering\microprocessor\nctu\Project\AdvanceAlarm\Debug
arm-none-eabi-gcc -mcpu=cortex-m4 -mthumb -mfloat-abi=hard -mfpu=fpv4-sp-d16 -DSTM32 -DSTM32L4 -DSTM32L476RGTx -DNUCLEO_L476RG -DDEBUG -ID:/MyFile/Engineering/microprocessor/nctu/Project/AdvanceAlarm/inc -O0 -g3 -Wall -fmessage-length=0 -ffunction-sections -c -MMD -MP -MF"src/main.d" -MT"src/main.o" -o "src/main.o" "../src/main.c"
In file included from ../src/main.c:2:0:
../src/utility.h: In function 'HCSR04GetDistance':
../src/utility.h:185:6: warning: variable 'timeval' set but not used [-Wunused-but-set-variable]
  int timeval;
      ^~~~~~~
Finished building: ../src/main.c
 
Building target: AdvanceAlarm.elf
Invoking: MCU GCC Linker
arm-none-eabi-gcc -mcpu=cortex-m4 -mthumb -mfloat-abi=hard -mfpu=fpv4-sp-d16 -T"D:/MyFile/Engineering/microprocessor/nctu/Project/AdvanceAlarm/LinkerScript.ld" -Wl,-Map=output.map -Wl,--gc-sections -o "AdvanceAlarm.elf" @"objects.list"   -lm
Finished building target: AdvanceAlarm.elf
 
make --no-print-directory post-build
Generating binary and Printing size information:
arm-none-eabi-objcopy -O binary "AdvanceAlarm.elf" "AdvanceAlarm.bin"
arm-none-eabi-size "AdvanceAlarm.elf"
   text	   data	    bss	    dec	    hex	filename
   3968	   1088	   1096	   6152	   1808	AdvanceAlarm.elf
 
17:11:49 **** Incremental Build of configuration Debug for project AdvanceAlarm ****
make -j4 all 
Building file: ../src/main.c
Invoking: MCU GCC Compiler
D:\MyFile\Engineering\microprocessor\nctu\Project\AdvanceAlarm\Debug
arm-none-eabi-gcc -mcpu=cortex-m4 -mthumb -mfloat-abi=hard -mfpu=fpv4-sp-d16 -DSTM32 -DSTM32L4 -DSTM32L476RGTx -DNUCLEO_L476RG -DDEBUG -ID:/MyFile/Engineering/microprocessor/nctu/Project/AdvanceAlarm/inc -O0 -g3 -Wall -fmessage-length=0 -ffunction-sections -c -MMD -MP -MF"src/main.d" -MT"src/main.o" -o "src/main.o" "../src/main.c"
In file included from ../src/main.c:2:0:
../src/utility.h: In function 'HCSR04GetDistance':
../src/utility.h:185:6: warning: variable 'timeval' set but not used [-Wunused-but-set-variable]
  int timeval;
      ^~~~~~~
Finished building: ../src/main.c
 
Building target: AdvanceAlarm.elf
Invoking: MCU GCC Linker
arm-none-eabi-gcc -mcpu=cortex-m4 -mthumb -mfloat-abi=hard -mfpu=fpv4-sp-d16 -T"D:/MyFile/Engineering/microprocessor/nctu/Project/AdvanceAlarm/LinkerScript.ld" -Wl,-Map=output.map -Wl,--gc-sections -o "AdvanceAlarm.elf" @"objects.list"   -lm
Finished building target: AdvanceAlarm.elf
 
make --no-print-directory post-build
Generating binary and Printing size information:
arm-none-eabi-objcopy -O binary "AdvanceAlarm.elf" "AdvanceAlarm.bin"
arm-none-eabi-size "AdvanceAlarm.elf"
   text	   data	    bss	    dec	    hex	filename
   3968	   1088	   1096	   6152	   1808	AdvanceAlarm.elf
 
17:21:17 **** Incremental Build of configuration Debug for project AdvanceAlarm ****
make -j4 all 
Building file: ../src/main.c
Invoking: MCU GCC Compiler
D:\MyFile\Engineering\microprocessor\nctu\Project\AdvanceAlarm\Debug
arm-none-eabi-gcc -mcpu=cortex-m4 -mthumb -mfloat-abi=hard -mfpu=fpv4-sp-d16 -DSTM32 -DSTM32L4 -DSTM32L476RGTx -DNUCLEO_L476RG -DDEBUG -ID:/MyFile/Engineering/microprocessor/nctu/Project/AdvanceAlarm/inc -O0 -g3 -Wall -fmessage-length=0 -ffunction-sections -c -MMD -MP -MF"src/main.d" -MT"src/main.o" -o "src/main.o" "../src/main.c"
In file included from ../src/main.c:2:0:
../src/utility.h: In function 'HCSR04GetDistance':
../src/utility.h:185:6: warning: variable 'timeval' set but not used [-Wunused-but-set-variable]
  int timeval;
      ^~~~~~~
Finished building: ../src/main.c
 
Building target: AdvanceAlarm.elf
Invoking: MCU GCC Linker
arm-none-eabi-gcc -mcpu=cortex-m4 -mthumb -mfloat-abi=hard -mfpu=fpv4-sp-d16 -T"D:/MyFile/Engineering/microprocessor/nctu/Project/AdvanceAlarm/LinkerScript.ld" -Wl,-Map=output.map -Wl,--gc-sections -o "AdvanceAlarm.elf" @"objects.list"   -lm
Finished building target: AdvanceAlarm.elf
 
make --no-print-directory post-build
Generating binary and Printing size information:
arm-none-eabi-objcopy -O binary "AdvanceAlarm.elf" "AdvanceAlarm.bin"
arm-none-eabi-size "AdvanceAlarm.elf"
   text	   data	    bss	    dec	    hex	filename
   3968	   1088	   1096	   6152	   1808	AdvanceAlarm.elf
 
17:37:58 **** Incremental Build of configuration Debug for project AdvanceAlarm ****
make -j4 all 
Building file: ../src/main.c
Invoking: MCU GCC Compiler
D:\MyFile\Engineering\microprocessor\nctu\Project\AdvanceAlarm\Debug
arm-none-eabi-gcc -mcpu=cortex-m4 -mthumb -mfloat-abi=hard -mfpu=fpv4-sp-d16 -DSTM32 -DSTM32L4 -DSTM32L476RGTx -DNUCLEO_L476RG -DDEBUG -ID:/MyFile/Engineering/microprocessor/nctu/Project/AdvanceAlarm/inc -O0 -g3 -Wall -fmessage-length=0 -ffunction-sections -c -MMD -MP -MF"src/main.d" -MT"src/main.o" -o "src/main.o" "../src/main.c"
In file included from ../src/main.c:2:0:
../src/utility.h: In function 'HCSR04GetDistance':
../src/utility.h:185:6: warning: variable 'timeval' set but not used [-Wunused-but-set-variable]
  int timeval;
      ^~~~~~~
Finished building: ../src/main.c
 
Building target: AdvanceAlarm.elf
Invoking: MCU GCC Linker
arm-none-eabi-gcc -mcpu=cortex-m4 -mthumb -mfloat-abi=hard -mfpu=fpv4-sp-d16 -T"D:/MyFile/Engineering/microprocessor/nctu/Project/AdvanceAlarm/LinkerScript.ld" -Wl,-Map=output.map -Wl,--gc-sections -o "AdvanceAlarm.elf" @"objects.list"   -lm
Finished building target: AdvanceAlarm.elf
 
make --no-print-directory post-build
Generating binary and Printing size information:
arm-none-eabi-objcopy -O binary "AdvanceAlarm.elf" "AdvanceAlarm.bin"
arm-none-eabi-size "AdvanceAlarm.elf"
   text	   data	    bss	    dec	    hex	filename
   3808	   1088	   1096	   5992	   1768	AdvanceAlarm.elf
 
22:03:18 **** Incremental Build of configuration Debug for project AdvanceAlarm ****
make -j4 all 
make: Nothing to be done for 'all'.
22:03:49 **** Incremental Build of configuration Debug for project AdvanceAlarm ****
make -j4 all 
Building file: ../src/main.c
Invoking: MCU GCC Compiler
D:\MyFile\Engineering\microprocessor\nctu\Project\AdvanceAlarm\Debug
arm-none-eabi-gcc -mcpu=cortex-m4 -mthumb -mfloat-abi=hard -mfpu=fpv4-sp-d16 -DSTM32 -DSTM32L4 -DSTM32L476RGTx -DNUCLEO_L476RG -DDEBUG -ID:/MyFile/Engineering/microprocessor/nctu/Project/AdvanceAlarm/inc -O0 -g3 -Wall -fmessage-length=0 -ffunction-sections -c -MMD -MP -MF"src/main.d" -MT"src/main.o" -o "src/main.o" "../src/main.c"
In file included from ../src/main.c:2:0:
../src/utility.h: In function 'HCSR04GetDistance':
../src/utility.h:185:6: warning: variable 'timeval' set but not used [-Wunused-but-set-variable]
  int timeval;
      ^~~~~~~
Finished building: ../src/main.c
 
Building target: AdvanceAlarm.elf
Invoking: MCU GCC Linker
arm-none-eabi-gcc -mcpu=cortex-m4 -mthumb -mfloat-abi=hard -mfpu=fpv4-sp-d16 -T"D:/MyFile/Engineering/microprocessor/nctu/Project/AdvanceAlarm/LinkerScript.ld" -Wl,-Map=output.map -Wl,--gc-sections -o "AdvanceAlarm.elf" @"objects.list"   -lm
Finished building target: AdvanceAlarm.elf
 
make --no-print-directory post-build
Generating binary and Printing size information:
arm-none-eabi-objcopy -O binary "AdvanceAlarm.elf" "AdvanceAlarm.bin"
arm-none-eabi-size "AdvanceAlarm.elf"
   text	   data	    bss	    dec	    hex	filename
   3864	   1088	   1096	   6048	   17a0	AdvanceAlarm.elf
 
22:04:31 **** Incremental Build of configuration Debug for project AdvanceAlarm ****
make -j4 all 
Building file: ../src/main.c
Invoking: MCU GCC Compiler
D:\MyFile\Engineering\microprocessor\nctu\Project\AdvanceAlarm\Debug
arm-none-eabi-gcc -mcpu=cortex-m4 -mthumb -mfloat-abi=hard -mfpu=fpv4-sp-d16 -DSTM32 -DSTM32L4 -DSTM32L476RGTx -DNUCLEO_L476RG -DDEBUG -ID:/MyFile/Engineering/microprocessor/nctu/Project/AdvanceAlarm/inc -O0 -g3 -Wall -fmessage-length=0 -ffunction-sections -c -MMD -MP -MF"src/main.d" -MT"src/main.o" -o "src/main.o" "../src/main.c"
In file included from ../src/main.c:2:0:
../src/utility.h: In function 'HCSR04GetDistance':
../src/utility.h:185:6: warning: variable 'timeval' set but not used [-Wunused-but-set-variable]
  int timeval;
      ^~~~~~~
Finished building: ../src/main.c
 
Building target: AdvanceAlarm.elf
Invoking: MCU GCC Linker
arm-none-eabi-gcc -mcpu=cortex-m4 -mthumb -mfloat-abi=hard -mfpu=fpv4-sp-d16 -T"D:/MyFile/Engineering/microprocessor/nctu/Project/AdvanceAlarm/LinkerScript.ld" -Wl,-Map=output.map -Wl,--gc-sections -o "AdvanceAlarm.elf" @"objects.list"   -lm
Finished building target: AdvanceAlarm.elf
 
make --no-print-directory post-build
Generating binary and Printing size information:
arm-none-eabi-objcopy -O binary "AdvanceAlarm.elf" "AdvanceAlarm.bin"
arm-none-eabi-size "AdvanceAlarm.elf"
   text	   data	    bss	    dec	    hex	filename
   3864	   1088	   1096	   6048	   17a0	AdvanceAlarm.elf
 
22:12:44 **** Incremental Build of configuration Debug for project AdvanceAlarm ****
make -j4 all 
make: Nothing to be done for 'all'.
22:13:20 **** Incremental Build of configuration Debug for project AdvanceAlarm ****
make -j4 all 
make: Nothing to be done for 'all'.
22:13:38 **** Incremental Build of configuration Debug for project AdvanceAlarm ****
make -j4 all 
make: Nothing to be done for 'all'.
22:13:52 **** Incremental Build of configuration Debug for project AdvanceAlarm ****
make -j4 all 
make: Nothing to be done for 'all'.
22:15:13 **** Incremental Build of configuration Debug for project AdvanceAlarm ****
make -j4 all 
make: Nothing to be done for 'all'.
22:20:34 **** Incremental Build of configuration Debug for project AdvanceAlarm ****
make -j4 all 
make: Nothing to be done for 'all'.
22:20:45 **** Incremental Build of configuration Debug for project AdvanceAlarm ****
make -j4 all 
make: Nothing to be done for 'all'.
22:34:25 **** Incremental Build of configuration Debug for project AdvanceAlarm ****
make -j4 all 
make: Nothing to be done for 'all'.
22:35:47 **** Incremental Build of configuration Debug for project AdvanceAlarm ****
make -j4 all 
make: Nothing to be done for 'all'.
22:37:19 **** Incremental Build of configuration Debug for project AdvanceAlarm ****
make -j4 all 
make: Nothing to be done for 'all'.
22:53:47 **** Incremental Build of configuration Debug for project AdvanceAlarm ****
make -j4 all 
make: Nothing to be done for 'all'.
22:53:52 **** Incremental Build of configuration Debug for project AdvanceAlarm ****
make -j4 all 
make: Nothing to be done for 'all'.
22:53:58 **** Incremental Build of configuration Debug for project AdvanceAlarm ****
make -j4 all 
make: Nothing to be done for 'all'.
22:54:07 **** Incremental Build of configuration Debug for project AdvanceAlarm ****
make -j4 all 
make: Nothing to be done for 'all'.
22:55:47 **** Incremental Build of configuration Debug for project AdvanceAlarm ****
make -j4 all 
make: Nothing to be done for 'all'.
